#
# A fatal error has been detected by the Java Runtime Environment:
#
#  SIGSEGV (0xb) at pc=0x00007fed88ffcfdd, pid=28172, tid=28225
#
# JRE version: OpenJDK Runtime Environment (10.0.1+10) (build 10.0.1+10-Ubuntu-3ubuntu1)
# Java VM: OpenJDK 64-Bit Server VM (10.0.1+10-Ubuntu-3ubuntu1, mixed mode, tiered, compressed oops, g1 gc, linux-amd64)
# Problematic frame:
# V  [libjvm.so+0x85cfdd]
#
# Core dump will be written. Default location: Core dumps may be processed with "/usr/share/apport/apport %p %s %c %d %P" (or dumping to /home/cmt/Documents/eclipse-workspace/Duel/core.28172)
#
# If you would like to submit a bug report, please visit:
#   http://bugreport.java.com/bugreport/crash.jsp
#

---------------  S U M M A R Y ------------

Command Line: -Dfile.encoding=UTF-8 princ.Principal

Host: Intel(R) Core(TM) i7-7700HQ CPU @ 2.80GHz, 2 cores, 2G, Linux Mint 19 Tara
Time: Mon Dec  2 12:17:49 2019 CET elapsed time: 11 seconds (0d 0h 0m 11s)

---------------  T H R E A D  ---------------

Current thread (0x00007fed80490800):  JavaThread "Dummy" [_thread_in_vm, id=28225, stack(0x00007fed25b5d000,0x00007fed25c5e000)]

Stack: [0x00007fed25b5d000,0x00007fed25c5e000],  sp=0x00007fed25c5bc00,  free space=1019k
Native frames: (J=compiled Java code, A=aot compiled Java code, j=interpreted, Vv=VM code, C=native code)
V  [libjvm.so+0x85cfdd]
C  [libjpl.so+0x5634]

Java frames: (J=compiled Java code, j=interpreted, Vv=VM code)
j  org.jpl7.fli.Prolog.next_solution(Lorg/jpl7/fli/qid_t;)Z+0
j  org.jpl7.Query.get1()Z+4
j  org.jpl7.Query.hasMoreSolutions()Z+12
j  org.jpl7.Query.oneSolution()Ljava/util/Map;+18
j  org.jpl7.Query.hasSolution()Z+1
j  org.jpl7.Query.hasSolution(Ljava/lang/String;)Z+8
j  sma.actionsBehaviours.PrologBehavior.onTick()V+351
j  jade.core.behaviours.TickerBehaviour.action()V+33
j  jade.core.behaviours.Behaviour.actionWrapper()V+36
j  jade.core.Agent$ActiveLifeCycle.execute()V+17
j  jade.core.Agent.run()V+21
j  java.lang.Thread.run()V+11 java.base@10.0.1
v  ~StubRoutines::call_stub

siginfo: si_signo: 11 (SIGSEGV), si_code: 1 (SEGV_MAPERR), si_addr: 0x0000000000000000

Register to memory mapping:

RAX=0x00007fed25c5bca0 is pointing into the stack for thread: 0x00007fed80490800
RBX=0x00007fed80490800 is a thread
RCX=0x00007fed803cba40 is an unknown value
RDX=0x00007fed88c328c0: <offset 0x00000000004928c0> in /usr/lib/jvm/java-11-openjdk-amd64/lib/server/libjvm.so at 0x00007fed887a0000
RSP=0x00007fed25c5bc00 is pointing into the stack for thread: 0x00007fed80490800
RBP=0x00007fed25c5bd70 is pointing into the stack for thread: 0x00007fed80490800
RSI=0x0000000000000000 is an unknown value
RDI=0x00007fed25c5bc60 is pointing into the stack for thread: 0x00007fed80490800
R8 =0x00007fed803cba40 is an unknown value
R9 =0x00007fed89a14a80: <offset 0x0000000001274a80> in /usr/lib/jvm/java-11-openjdk-amd64/lib/server/libjvm.so at 0x00007fed887a0000
R10=0x00007fed80546c80 is an unknown value
R11=0x0000000000000000 is an unknown value
R12=0x00007fed25c5bc60 is pointing into the stack for thread: 0x00007fed80490800
R13=0x00007fed80490a00 is an unknown value
R14=0x0000000000000000 is an unknown value
R15=0x0000000000000000 is an unknown value


Registers:
RAX=0x00007fed25c5bca0, RBX=0x00007fed80490800, RCX=0x00007fed803cba40, RDX=0x00007fed88c328c0
RSP=0x00007fed25c5bc00, RBP=0x00007fed25c5bd70, RSI=0x0000000000000000, RDI=0x00007fed25c5bc60
R8 =0x00007fed803cba40, R9 =0x00007fed89a14a80, R10=0x00007fed80546c80, R11=0x0000000000000000
R12=0x00007fed25c5bc60, R13=0x00007fed80490a00, R14=0x0000000000000000, R15=0x0000000000000000
RIP=0x00007fed88ffcfdd, EFLAGS=0x0000000000010246, CSGSFS=0x002b000000000033, ERR=0x0000000000000004
  TRAPNO=0x000000000000000e

Top of Stack: (sp=0x00007fed25c5bc00)
0x00007fed25c5bc00:   0000000000000000 00007fed80490800
0x00007fed25c5bc10:   000000000000000a 0000000000000000
0x00007fed25c5bc20:   00007fed80419a28 0000003000000018
0x00007fed25c5bc30:   00007fed25c5bd80 00007fed25c5bca0 

Instructions: (pc=0x00007fed88ffcfdd)
0x00007fed88ffcfbd:   00 4c 8d a5 f0 fe ff ff 48 89 85 c0 fe ff ff 48
0x00007fed88ffcfcd:   8d 85 30 ff ff ff 4c 89 e7 48 89 85 c8 fe ff ff
0x00007fed88ffcfdd:   49 8b 06 48 8b 40 08 0f b7 50 2c 48 8b 40 08 48
0x00007fed88ffcfed:   8b 74 d0 40 e8 aa 4e 3c 00 48 8d 05 f3 d3 94 00 


---------------  P R O C E S S  ---------------

Threads class SMR info:
_java_thread_list=0x00007fed50028c00, length=31, elements={
0x00007fed800ec800, 0x00007fed800ee800, 0x00007fed80102000, 0x00007fed80104000,
0x00007fed80106000, 0x00007fed80108000, 0x00007fed80167800, 0x00007fed80126000,
0x00007fed80479000, 0x00007fed8048a800, 0x00007fed4813a000, 0x00007fed4826e000,
0x00007fed804e4800, 0x00007fed804fc000, 0x00007fed58030000, 0x00007fed804ee000,
0x00007fed804ef000, 0x00007fed80507000, 0x00007fed80539800, 0x00007fed8053b000,
0x00007fed8053b800, 0x00007fed80530000, 0x00007fed80577000, 0x00007fed8054e800,
0x00007fed80552000, 0x00007fed8054f800, 0x00007fed80550800, 0x00007fed80492000,
0x00007fed80490800, 0x00007fed80012800, 0x00007fed584d2000
}

Java Threads: ( => current thread )
  0x00007fed800ec800 JavaThread "Reference Handler" daemon [_thread_blocked, id=28186, stack(0x00007fed84058000,0x00007fed84159000)]
  0x00007fed800ee800 JavaThread "Finalizer" daemon [_thread_blocked, id=28187, stack(0x00007fed65226000,0x00007fed65327000)]
  0x00007fed80102000 JavaThread "Signal Dispatcher" daemon [_thread_blocked, id=28188, stack(0x00007fed64d12000,0x00007fed64e13000)]
  0x00007fed80104000 JavaThread "C2 CompilerThread0" daemon [_thread_blocked, id=28189, stack(0x00007fed64c11000,0x00007fed64d12000)]
  0x00007fed80106000 JavaThread "C1 CompilerThread1" daemon [_thread_blocked, id=28190, stack(0x00007fed64b10000,0x00007fed64c11000)]
  0x00007fed80108000 JavaThread "Sweeper thread" daemon [_thread_blocked, id=28191, stack(0x00007fed64a0f000,0x00007fed64b10000)]
  0x00007fed80167800 JavaThread "Service Thread" daemon [_thread_blocked, id=28192, stack(0x00007fed6490e000,0x00007fed64a0f000)]
  0x00007fed80126000 JavaThread "Common-Cleaner" daemon [_thread_blocked, id=28194, stack(0x00007fed6470b000,0x00007fed6480c000)]
  0x00007fed80479000 JavaThread "Java2D Disposer" daemon [_thread_blocked, id=28198, stack(0x00007fed2c050000,0x00007fed2c151000)]
  0x00007fed8048a800 JavaThread "AWT-XAWT" daemon [_thread_in_native, id=28199, stack(0x00007fed25c5e000,0x00007fed25d5f000)]
  0x00007fed4813a000 JavaThread "Timer-0" daemon [_thread_blocked, id=28202, stack(0x00007fed25558000,0x00007fed25659000)]
  0x00007fed4826e000 JavaThread "TimerQueue" daemon [_thread_blocked, id=28204, stack(0x00007fed24a56000,0x00007fed24b57000)]
  0x00007fed804e4800 JavaThread "LWJGL Renderer Thread" [_thread_in_native, id=28205, stack(0x00007fed24755000,0x00007fed24856000)]
  0x00007fed804fc000 JavaThread "JADE Timer dispatcher" [_thread_blocked, id=28206, stack(0x00007fed23fe1000,0x00007fed240e2000)]
  0x00007fed58030000 JavaThread "process reaper" daemon [_thread_blocked, id=28208, stack(0x00007fed2c02e000,0x00007fed2c050000)]
  0x00007fed804ee000 JavaThread "JICPServer-8888" daemon [_thread_in_native, id=28209, stack(0x00007fed2334b000,0x00007fed2344c000)]
  0x00007fed804ef000 JavaThread "Thread-4" [_thread_blocked, id=28211, stack(0x00007fed2324a000,0x00007fed2334b000)]
  0x00007fed80507000 JavaThread "Thread-5" [_thread_in_native, id=28212, stack(0x00007fed23149000,0x00007fed2324a000)]
  0x00007fed80539800 JavaThread "Deliverer-00" [_thread_blocked, id=28215, stack(0x00007fed1a5a7000,0x00007fed1a6a8000)]
  0x00007fed8053b000 JavaThread "Deliverer-01" [_thread_blocked, id=28216, stack(0x00007fed1a4a6000,0x00007fed1a5a7000)]
  0x00007fed8053b800 JavaThread "Deliverer-02" [_thread_blocked, id=28217, stack(0x00007fed1a3a5000,0x00007fed1a4a6000)]
  0x00007fed80530000 JavaThread "Deliverer-03" [_thread_blocked, id=28218, stack(0x00007fed1a2a4000,0x00007fed1a3a5000)]
  0x00007fed80577000 JavaThread "Deliverer-04" [_thread_blocked, id=28219, stack(0x00007fed1a1a3000,0x00007fed1a2a4000)]
  0x00007fed8054e800 JavaThread "Thread-11" [_thread_in_native, id=28220, stack(0x00007fed1a0a2000,0x00007fed1a1a3000)]
  0x00007fed80552000 JavaThread "ams" [_thread_blocked, id=28221, stack(0x00007fed19fa1000,0x00007fed1a0a2000)]
  0x00007fed8054f800 JavaThread "df" [_thread_blocked, id=28222, stack(0x00007fed19ea0000,0x00007fed19fa1000)]
  0x00007fed80550800 JavaThread "Container-1-failure-monitor" [_thread_blocked, id=28223, stack(0x00007fed19d9f000,0x00007fed19ea0000)]
  0x00007fed80492000 JavaThread "Player1" [_thread_in_native, id=28224, stack(0x00007fed25a5c000,0x00007fed25b5d000)]
=>0x00007fed80490800 JavaThread "Dummy" [_thread_in_vm, id=28225, stack(0x00007fed25b5d000,0x00007fed25c5e000)]
  0x00007fed80012800 JavaThread "DestroyJavaVM" [_thread_blocked, id=28177, stack(0x00007fed8a7cc000,0x00007fed8a8cd000)]
  0x00007fed584d2000 JavaThread "jME3 Audio Thread" daemon [_thread_blocked, id=28226, stack(0x00007fed19a9e000,0x00007fed19b9f000)]

Other Threads:
  0x00007fed800e3000 VMThread "VM Thread" [stack: 0x00007fed8415b000,0x00007fed8425b000] [id=28185]
  0x00007fed8017a000 WatcherThread [stack: 0x00007fed6480e000,0x00007fed6490e000] [id=28193]
  0x00007fed80028800 GCTaskThread "GC Thread#0" [stack: 0x00007fed868f1000,0x00007fed869f1000] [id=28178]
  0x00007fed8002a000 GCTaskThread "GC Thread#1" [stack: 0x00007fed867ef000,0x00007fed868ef000] [id=28179]
  0x00007fed80056800 ConcurrentGCThread "G1 Main Marker" [stack: 0x00007fed848dd000,0x00007fed849dd000] [id=28180]
  0x00007fed80058000 ConcurrentGCThread "G1 Conc#0" [stack: 0x00007fed847db000,0x00007fed848db000] [id=28181]
  0x00007fed80080000 ConcurrentGCThread "G1 Refine#0" [stack: 0x00007fed844d7000,0x00007fed845d7000] [id=28182]
  0x00007fed80081800 ConcurrentGCThread "G1 Refine#1" [stack: 0x00007fed843d5000,0x00007fed844d5000] [id=28183]
  0x00007fed80083000 ConcurrentGCThread "G1 Young RemSet Sampling" [stack: 0x00007fed842d3000,0x00007fed843d3000] [id=28184]

Threads with active compile tasks:

VM state:not at safepoint (normal execution)

VM Mutex/Monitor currently owned by a thread: None

Heap address: 0x00000000d0c00000, size: 756 MB, Compressed Oops mode: 32-bit
Narrow klass base: 0x0000000000000000, Narrow klass shift: 3
Compressed class space size: 1073741824 Address: 0x0000000100000000

Heap:
 garbage-first heap   total 59392K, used 13201K [0x00000000d0c00000, 0x0000000100000000)
  region size 1024K, 5 young (5120K), 2 survivors (2048K)
 Metaspace       used 33924K, capacity 34563K, committed 35072K, reserved 1081344K
  class space    used 3431K, capacity 3758K, committed 3840K, reserved 1048576K
Heap Regions: E=young(eden), S=young(survivor), O=old, HS=humongous(starts), HC=humongous(continues), CS=collection set, F=free, A=archive, TS=gc time stamp, AC=allocation context, TAMS=top-at-mark-start (previous, next)
|   0|0x00000000d0c00000, 0x00000000d0d00000, 0x00000000d0d00000|100%| O|  |TS  0|AC  0|TAMS 0x00000000d0d00000, 0x00000000d0d00000|
|   1|0x00000000d0d00000, 0x00000000d0e00000, 0x00000000d0e00000|100%| O|  |TS  0|AC  0|TAMS 0x00000000d0e00000, 0x00000000d0e00000|
|   2|0x00000000d0e00000, 0x00000000d0f00000, 0x00000000d0f00000|100%| O|  |TS  1|AC  0|TAMS 0x00000000d0ea6e00, 0x00000000d0ea6e00|
|   3|0x00000000d0f00000, 0x00000000d1000000, 0x00000000d1000000|100%|HS|  |TS  0|AC  0|TAMS 0x00000000d1000000, 0x00000000d1000000|
|   4|0x00000000d1000000, 0x00000000d1100000, 0x00000000d1100000|100%|HC|  |TS  0|AC  0|TAMS 0x00000000d1100000, 0x00000000d1100000|
|   5|0x00000000d1100000, 0x00000000d1200000, 0x00000000d1200000|100%| O|  |TS  1|AC  0|TAMS 0x00000000d1100000, 0x00000000d1100000|
|   6|0x00000000d1200000, 0x00000000d1300000, 0x00000000d1300000|100%| O|  |TS  2|AC  0|TAMS 0x00000000d1200000, 0x00000000d1200000|
|   7|0x00000000d1300000, 0x00000000d1400000, 0x00000000d1400000|100%| O|  |TS  2|AC  0|TAMS 0x00000000d1300000, 0x00000000d1300000|
|   8|0x00000000d1400000, 0x00000000d14e6e00, 0x00000000d1500000| 90%| O|  |TS  3|AC  0|TAMS 0x00000000d1400000, 0x00000000d1400000|
|   9|0x00000000d1500000, 0x00000000d1500000, 0x00000000d1600000|  0%| F|  |TS  3|AC  0|TAMS 0x00000000d1500000, 0x00000000d1500000|
|  10|0x00000000d1600000, 0x00000000d1600000, 0x00000000d1700000|  0%| F|  |TS  3|AC  0|TAMS 0x00000000d1600000, 0x00000000d1600000|
|  11|0x00000000d1700000, 0x00000000d1700000, 0x00000000d1800000|  0%| F|  |TS  3|AC  0|TAMS 0x00000000d1700000, 0x00000000d1700000|
|  12|0x00000000d1800000, 0x00000000d1800000, 0x00000000d1900000|  0%| F|  |TS  3|AC  0|TAMS 0x00000000d1800000, 0x00000000d1800000|
|  13|0x00000000d1900000, 0x00000000d1900000, 0x00000000d1a00000|  0%| F|  |TS  3|AC  0|TAMS 0x00000000d1900000, 0x00000000d1900000|
|  14|0x00000000d1a00000, 0x00000000d1a00000, 0x00000000d1b00000|  0%| F|  |TS  3|AC  0|TAMS 0x00000000d1a00000, 0x00000000d1a00000|
|  15|0x00000000d1b00000, 0x00000000d1b00000, 0x00000000d1c00000|  0%| F|  |TS  3|AC  0|TAMS 0x00000000d1b00000, 0x00000000d1b00000|
|  16|0x00000000d1c00000, 0x00000000d1c00000, 0x00000000d1d00000|  0%| F|  |TS  3|AC  0|TAMS 0x00000000d1c00000, 0x00000000d1c00000|
|  17|0x00000000d1d00000, 0x00000000d1d00000, 0x00000000d1e00000|  0%| F|  |TS  3|AC  0|TAMS 0x00000000d1d00000, 0x00000000d1d00000|
|  18|0x00000000d1e00000, 0x00000000d1e00000, 0x00000000d1f00000|  0%| F|  |TS  0|AC  0|TAMS 0x00000000d1e00000, 0x00000000d1e00000|
|  19|0x00000000d1f00000, 0x00000000d1f00000, 0x00000000d2000000|  0%| F|  |TS  0|AC  0|TAMS 0x00000000d1f00000, 0x00000000d1f00000|
|  20|0x00000000d2000000, 0x00000000d2000000, 0x00000000d2100000|  0%| F|  |TS  0|AC  0|TAMS 0x00000000d2000000, 0x00000000d2000000|
|  21|0x00000000d2100000, 0x00000000d2100000, 0x00000000d2200000|  0%| F|  |TS  0|AC  0|TAMS 0x00000000d2100000, 0x00000000d2100000|
|  22|0x00000000d2200000, 0x00000000d2200000, 0x00000000d2300000|  0%| F|  |TS  0|AC  0|TAMS 0x00000000d2200000, 0x00000000d2200000|
|  23|0x00000000d2300000, 0x00000000d2300000, 0x00000000d2400000|  0%| F|  |TS  0|AC  0|TAMS 0x00000000d2300000, 0x00000000d2300000|
|  24|0x00000000d2400000, 0x00000000d2400000, 0x00000000d2500000|  0%| F|  |TS  0|AC  0|TAMS 0x00000000d2400000, 0x00000000d2400000|
|  25|0x00000000d2500000, 0x00000000d2500000, 0x00000000d2600000|  0%| F|  |TS  0|AC  0|TAMS 0x00000000d2500000, 0x00000000d2500000|
|  26|0x00000000d2600000, 0x00000000d2600000, 0x00000000d2700000|  0%| F|  |TS  0|AC  0|TAMS 0x00000000d2600000, 0x00000000d2600000|
|  27|0x00000000d2700000, 0x00000000d2700000, 0x00000000d2800000|  0%| F|  |TS  0|AC  0|TAMS 0x00000000d2700000, 0x00000000d2700000|
|  28|0x00000000d2800000, 0x00000000d2800000, 0x00000000d2900000|  0%| F|  |TS  0|AC  0|TAMS 0x00000000d2800000, 0x00000000d2800000|
|  29|0x00000000d2900000, 0x00000000d29fd760, 0x00000000d2a00000| 99%| S|CS|TS  3|AC  0|TAMS 0x00000000d2900000, 0x00000000d2900000|
|  30|0x00000000d2a00000, 0x00000000d2a00000, 0x00000000d2b00000|  0%| F|  |TS  3|AC  0|TAMS 0x00000000d2a00000, 0x00000000d2a00000|
|  31|0x00000000d2b00000, 0x00000000d2c00000, 0x00000000d2c00000|100%| S|CS|TS  3|AC  0|TAMS 0x00000000d2b00000, 0x00000000d2b00000|
|  32|0x00000000d2c00000, 0x00000000d2c00000, 0x00000000d2d00000|  0%| F|  |TS  3|AC  0|TAMS 0x00000000d2c00000, 0x00000000d2c00000|
|  33|0x00000000d2d00000, 0x00000000d2d00000, 0x00000000d2e00000|  0%| F|  |TS  3|AC  0|TAMS 0x00000000d2d00000, 0x00000000d2d00000|
|  34|0x00000000d2e00000, 0x00000000d2e00000, 0x00000000d2f00000|  0%| F|  |TS  3|AC  0|TAMS 0x00000000d2e00000, 0x00000000d2e00000|
|  35|0x00000000d2f00000, 0x00000000d2f00000, 0x00000000d3000000|  0%| F|  |TS  3|AC  0|TAMS 0x00000000d2f00000, 0x00000000d2f00000|
|  36|0x00000000d3000000, 0x00000000d3000000, 0x00000000d3100000|  0%| F|  |TS  3|AC  0|TAMS 0x00000000d3000000, 0x00000000d3000000|
|  37|0x00000000d3100000, 0x00000000d3100000, 0x00000000d3200000|  0%| F|  |TS  3|AC  0|TAMS 0x00000000d3100000, 0x00000000d3100000|
|  38|0x00000000d3200000, 0x00000000d3200000, 0x00000000d3300000|  0%| F|  |TS  3|AC  0|TAMS 0x00000000d3200000, 0x00000000d3200000|
|  39|0x00000000d3300000, 0x00000000d3300000, 0x00000000d3400000|  0%| F|  |TS  3|AC  0|TAMS 0x00000000d3300000, 0x00000000d3300000|
|  40|0x00000000d3400000, 0x00000000d3400000, 0x00000000d3500000|  0%| F|  |TS  3|AC  0|TAMS 0x00000000d3400000, 0x00000000d3400000|
|  41|0x00000000d3500000, 0x00000000d3500000, 0x00000000d3600000|  0%| F|  |TS  3|AC  0|TAMS 0x00000000d3500000, 0x00000000d3500000|
|  42|0x00000000d3600000, 0x00000000d3600000, 0x00000000d3700000|  0%| F|  |TS  3|AC  0|TAMS 0x00000000d3600000, 0x00000000d3600000|
|  43|0x00000000d3700000, 0x00000000d3700000, 0x00000000d3800000|  0%| F|  |TS  3|AC  0|TAMS 0x00000000d3700000, 0x00000000d3700000|
|  44|0x00000000d3800000, 0x00000000d3800000, 0x00000000d3900000|  0%| F|  |TS  3|AC  0|TAMS 0x00000000d3800000, 0x00000000d3800000|
|  45|0x00000000d3900000, 0x00000000d3900000, 0x00000000d3a00000|  0%| F|  |TS  3|AC  0|TAMS 0x00000000d3900000, 0x00000000d3900000|
|  46|0x00000000d3a00000, 0x00000000d3a00000, 0x00000000d3b00000|  0%| F|  |TS  3|AC  0|TAMS 0x00000000d3a00000, 0x00000000d3a00000|
|  47|0x00000000d3b00000, 0x00000000d3b00000, 0x00000000d3c00000|  0%| F|  |TS  3|AC  0|TAMS 0x00000000d3b00000, 0x00000000d3b00000|
|  48|0x00000000d3c00000, 0x00000000d3c00000, 0x00000000d3d00000|  0%| F|  |TS  3|AC  0|TAMS 0x00000000d3c00000, 0x00000000d3c00000|
|  49|0x00000000d3d00000, 0x00000000d3d00000, 0x00000000d3e00000|  0%| F|  |TS  3|AC  0|TAMS 0x00000000d3d00000, 0x00000000d3d00000|
|  50|0x00000000d3e00000, 0x00000000d3e00000, 0x00000000d3f00000|  0%| F|  |TS  3|AC  0|TAMS 0x00000000d3e00000, 0x00000000d3e00000|
|  51|0x00000000d3f00000, 0x00000000d3f00000, 0x00000000d4000000|  0%| F|  |TS  3|AC  0|TAMS 0x00000000d3f00000, 0x00000000d3f00000|
|  52|0x00000000d4000000, 0x00000000d4000000, 0x00000000d4100000|  0%| F|  |TS  3|AC  0|TAMS 0x00000000d4000000, 0x00000000d4000000|
|  53|0x00000000d4100000, 0x00000000d4100000, 0x00000000d4200000|  0%| F|  |TS  3|AC  0|TAMS 0x00000000d4100000, 0x00000000d4100000|
|  54|0x00000000d4200000, 0x00000000d4200000, 0x00000000d4300000|  0%| F|  |TS  3|AC  0|TAMS 0x00000000d4200000, 0x00000000d4200000|
|  55|0x00000000d4300000, 0x00000000d43bdbe0, 0x00000000d4400000| 74%| E|  |TS  3|AC  0|TAMS 0x00000000d4300000, 0x00000000d4300000|
|  56|0x00000000d4400000, 0x00000000d4500000, 0x00000000d4500000|100%| E|CS|TS  3|AC  0|TAMS 0x00000000d4400000, 0x00000000d4400000|
|  57|0x00000000d4500000, 0x00000000d4600000, 0x00000000d4600000|100%| E|CS|TS  3|AC  0|TAMS 0x00000000d4500000, 0x00000000d4500000|

Card table byte_map: [0x00007fed862f7000,0x00007fed86471000] byte_map_base: 0x00007fed85c71000

Marking Bits (Prev, Next): (CMBitMap*) 0x00007fed80055958, (CMBitMap*) 0x00007fed80055920
 Prev Bits: [0x00007fed849dd000, 0x00007fed855ad000)
 Next Bits: [0x00007fed855ad000, 0x00007fed8617d000)

Polling page: 0x00007fed8a8e6000

CodeHeap 'non-profiled nmethods': size=120036Kb used=1257Kb max_used=1257Kb free=118778Kb
 bounds [0x00007fed6f5ee000, 0x00007fed6f85e000, 0x00007fed76b27000]
CodeHeap 'profiled nmethods': size=120032Kb used=5775Kb max_used=5775Kb free=114256Kb
 bounds [0x00007fed680b6000, 0x00007fed68666000, 0x00007fed6f5ee000]
CodeHeap 'non-nmethods': size=5692Kb used=1381Kb max_used=1398Kb free=4310Kb
 bounds [0x00007fed67b27000, 0x00007fed67d97000, 0x00007fed680b6000]
 total_blobs=4510 nmethods=3045 adapters=792
 compilation: enabled

Compilation events (10 events):
Event: 11,233 Thread 0x00007fed80104000 3044       4       com.jme3.math.Vector3f::cross (74 bytes)
Event: 11,238 Thread 0x00007fed80104000 nmethod 3044 0x00007fed6f727b90 code [0x00007fed6f727d20, 0x00007fed6f727e58]
Event: 11,238 Thread 0x00007fed80104000 3036       4       com.jme3.scene.Spatial::checkDoBoundUpdate (61 bytes)
Event: 11,240 Thread 0x00007fed80104000 nmethod 3036 0x00007fed6f727f10 code [0x00007fed6f7280a0, 0x00007fed6f728118]
Event: 11,252 Thread 0x00007fed80106000 3050       3       com.bulletphysics.collision.broadphase.Dbvt$Node::isinternal (13 bytes)
Event: 11,253 Thread 0x00007fed80106000 nmethod 3050 0x00007fed68659590 code [0x00007fed68659760, 0x00007fed68659a10]
Event: 11,253 Thread 0x00007fed80106000 3051       3       javax.vecmath.Vector3f::length (35 bytes)
Event: 11,253 Thread 0x00007fed80106000 nmethod 3051 0x00007fed68659b10 code [0x00007fed68659cc0, 0x00007fed68659e70]
Event: 11,254 Thread 0x00007fed80104000 3052       4       com.jme3.material.Material::clearUniformsSetByCurrent (42 bytes)
Event: 11,259 Thread 0x00007fed80104000 nmethod 3052 0x00007fed6f728190 code [0x00007fed6f728340, 0x00007fed6f728518]

GC Heap History (10 events):
Event: 0,949 GC heap before
{Heap before GC invocations=1 (full 0):
 garbage-first heap   total 49152K, used 6504K [0x00000000d0c00000, 0x0000000100000000)
  region size 1024K, 5 young (5120K), 1 survivors (1024K)
 Metaspace       used 12265K, capacity 12618K, committed 12928K, reserved 1060864K
  class space    used 1201K, capacity 1352K, committed 1408K, reserved 1048576K
}
Event: 0,954 GC heap after
{Heap after GC invocations=2 (full 0):
 garbage-first heap   total 49152K, used 3466K [0x00000000d0c00000, 0x0000000100000000)
  region size 1024K, 1 young (1024K), 1 survivors (1024K)
 Metaspace       used 12265K, capacity 12618K, committed 12928K, reserved 1060864K
  class space    used 1201K, capacity 1352K, committed 1408K, reserved 1048576K
}
Event: 1,638 GC heap before
{Heap before GC invocations=2 (full 0):
 garbage-first heap   total 49152K, used 13706K [0x00000000d0c00000, 0x0000000100000000)
  region size 1024K, 10 young (10240K), 1 survivors (1024K)
 Metaspace       used 20581K, capacity 21065K, committed 21248K, reserved 1069056K
  class space    used 2194K, capacity 2466K, committed 2560K, reserved 1048576K
}
Event: 1,643 GC heap after
{Heap after GC invocations=3 (full 0):
 garbage-first heap   total 49152K, used 6811K [0x00000000d0c00000, 0x0000000100000000)
  region size 1024K, 2 young (2048K), 2 survivors (2048K)
 Metaspace       used 20581K, capacity 21065K, committed 21248K, reserved 1069056K
  class space    used 2194K, capacity 2466K, committed 2560K, reserved 1048576K
}
Event: 4,568 GC heap before
{Heap before GC invocations=4 (full 0):
 garbage-first heap   total 49152K, used 20123K [0x00000000d0c00000, 0x0000000100000000)
  region size 1024K, 15 young (15360K), 2 survivors (2048K)
 Metaspace       used 27043K, capacity 27612K, committed 28032K, reserved 1075200K
  class space    used 2825K, capacity 3136K, committed 3200K, reserved 1048576K
}
Event: 4,577 GC heap after
{Heap after GC invocations=5 (full 0):
 garbage-first heap   total 49152K, used 9053K [0x00000000d0c00000, 0x0000000100000000)
  region size 1024K, 2 young (2048K), 2 survivors (2048K)
 Metaspace       used 27043K, capacity 27612K, committed 28032K, reserved 1075200K
  class space    used 2825K, capacity 3136K, committed 3200K, reserved 1048576K
}
Event: 5,490 GC heap before
{Heap before GC invocations=5 (full 0):
 garbage-first heap   total 49152K, used 24413K [0x00000000d0c00000, 0x0000000100000000)
  region size 1024K, 17 young (17408K), 2 survivors (2048K)
 Metaspace       used 31991K, capacity 32604K, committed 33152K, reserved 1079296K
  class space    used 3281K, capacity 3597K, committed 3712K, reserved 1048576K
}
Event: 5,502 GC heap after
{Heap after GC invocations=6 (full 0):
 garbage-first heap   total 49152K, used 10139K [0x00000000d0c00000, 0x0000000100000000)
  region size 1024K, 1 young (1024K), 1 survivors (1024K)
 Metaspace       used 31991K, capacity 32604K, committed 33152K, reserved 1079296K
  class space    used 3281K, capacity 3597K, committed 3712K, reserved 1048576K
}
Event: 10,201 GC heap before
{Heap before GC invocations=6 (full 0):
 garbage-first heap   total 49152K, used 35739K [0x00000000d0c00000, 0x0000000100000000)
  region size 1024K, 17 young (17408K), 1 survivors (1024K)
 Metaspace       used 33549K, capacity 34211K, committed 34816K, reserved 1081344K
  class space    used 3402K, capacity 3726K, committed 3840K, reserved 1048576K
}
Event: 10,207 GC heap after
{Heap after GC invocations=7 (full 0):
 garbage-first heap   total 59392K, used 11153K [0x00000000d0c00000, 0x0000000100000000)
  region size 1024K, 2 young (2048K), 2 survivors (2048K)
 Metaspace       used 33549K, capacity 34211K, committed 34816K, reserved 1081344K
  class space    used 3402K, capacity 3726K, committed 3840K, reserved 1048576K
}

Deoptimization events (10 events):
Event: 9,679 Thread 0x00007fed804e4800 Uncommon trap: reason=array_check action=maybe_recompile pc=0x00007fed6f70afb8 method=com.jme3.util.SortUtil.merge([Ljava/lang/Object;[Ljava/lang/Object;IIILjava/util/Comparator;)V @ 137 c2
Event: 9,679 Thread 0x00007fed804e4800 Uncommon trap: reason=array_check action=maybe_recompile pc=0x00007fed6f70afb8 method=com.jme3.util.SortUtil.merge([Ljava/lang/Object;[Ljava/lang/Object;IIILjava/util/Comparator;)V @ 137 c2
Event: 10,052 Thread 0x00007fed80492000 Uncommon trap: reason=unstable_if action=reinterpret pc=0x00007fed6f6ed5fc method=com.jme3.scene.Spatial.checkDoTransformUpdate()V @ 6 c2
Event: 10,054 Thread 0x00007fed80492000 Uncommon trap: reason=unstable_if action=reinterpret pc=0x00007fed6f6f45f8 method=com.jme3.util.SafeArrayList.getArray()[Ljava/lang/Object; @ 4 c2
Event: 10,090 Thread 0x00007fed804e4800 Uncommon trap: reason=null_check action=make_not_entrant pc=0x00007fed6f6f6ad4 method=com.jme3.shader.Shader.getUniform(Ljava/lang/String;)Lcom/jme3/shader/Uniform; @ 8 c2
Event: 10,090 Thread 0x00007fed804e4800 Uncommon trap: reason=unstable_if action=reinterpret pc=0x00007fed6f6ee1c4 method=com.jme3.shader.Uniform.setValue(Lcom/jme3/shader/VarType;Ljava/lang/Object;)V @ 13 c2
Event: 10,092 Thread 0x00007fed804e4800 Uncommon trap: reason=unstable_if action=reinterpret pc=0x00007fed6f70c83c method=com.jme3.renderer.lwjgl.LwjglRenderer.updateUniform(Lcom/jme3/shader/Shader;Lcom/jme3/shader/Uniform;)V @ 69 c2
Event: 10,092 Thread 0x00007fed804e4800 Uncommon trap: reason=unstable_if action=reinterpret pc=0x00007fed6f711664 method=com.jme3.util.SafeArrayList.getArray()[Ljava/lang/Object; @ 4 c2
Event: 10,092 Thread 0x00007fed804e4800 Uncommon trap: reason=null_check action=make_not_entrant pc=0x00007fed6f6f3080 method=com.jme3.shader.Shader.getAttribute(Lcom/jme3/scene/VertexBuffer$Type;)Lcom/jme3/shader/Attribute; @ 13 c2
Event: 11,107 Thread 0x00007fed80492000 Uncommon trap: reason=unstable_if action=reinterpret pc=0x00007fed6f6c28e4 method=com.jme3.math.Vector3f.cross(FFFLcom/jme3/math/Vector3f;)Lcom/jme3/math/Vector3f; @ 2 c2

Classes redefined (0 events):
No events

Internal exceptions (10 events):
Event: 5,161 Thread 0x00007fed584d2000 Exception <a 'java/security/PrivilegedActionException'{0x00000000d3025ab0}> (0x00000000d3025ab0) thrown at [/build/openjdk-lts-tXWsoM/openjdk-lts-10.0.1+10/src/hotspot/share/prims/jvm.cpp, line 1345]
Event: 5,162 Thread 0x00007fed584d2000 Exception <a 'java/security/PrivilegedActionException'{0x00000000d3027388}> (0x00000000d3027388) thrown at [/build/openjdk-lts-tXWsoM/openjdk-lts-10.0.1+10/src/hotspot/share/prims/jvm.cpp, line 1345]
Event: 5,162 Thread 0x00007fed584d2000 Exception <a 'java/security/PrivilegedActionException'{0x00000000d3027f48}> (0x00000000d3027f48) thrown at [/build/openjdk-lts-tXWsoM/openjdk-lts-10.0.1+10/src/hotspot/share/prims/jvm.cpp, line 1345]
Event: 5,162 Thread 0x00007fed584d2000 Exception <a 'java/security/PrivilegedActionException'{0x00000000d3028ac8}> (0x00000000d3028ac8) thrown at [/build/openjdk-lts-tXWsoM/openjdk-lts-10.0.1+10/src/hotspot/share/prims/jvm.cpp, line 1345]
Event: 5,162 Thread 0x00007fed584d2000 Exception <a 'java/security/PrivilegedActionException'{0x00000000d302a3b8}> (0x00000000d302a3b8) thrown at [/build/openjdk-lts-tXWsoM/openjdk-lts-10.0.1+10/src/hotspot/share/prims/jvm.cpp, line 1345]
Event: 5,162 Thread 0x00007fed584d2000 Exception <a 'java/security/PrivilegedActionException'{0x00000000d302af78}> (0x00000000d302af78) thrown at [/build/openjdk-lts-tXWsoM/openjdk-lts-10.0.1+10/src/hotspot/share/prims/jvm.cpp, line 1345]
Event: 5,162 Thread 0x00007fed584d2000 Exception <a 'java/security/PrivilegedActionException'{0x00000000d302baf8}> (0x00000000d302baf8) thrown at [/build/openjdk-lts-tXWsoM/openjdk-lts-10.0.1+10/src/hotspot/share/prims/jvm.cpp, line 1345]
Event: 6,372 Thread 0x00007fed804e4800 Implicit null exception at 0x00007fed6f67e1a1 to 0x00007fed6f68150a
Event: 10,090 Thread 0x00007fed804e4800 Implicit null exception at 0x00007fed6f6f673e to 0x00007fed6f6f6abe
Event: 10,092 Thread 0x00007fed804e4800 Implicit null exception at 0x00007fed6f710fbb to 0x00007fed6f71163c

Events (10 events):
Event: 11,219 loading class com/jme3/collision/bih/TriangleAxisComparator
Event: 11,219 loading class com/jme3/collision/bih/TriangleAxisComparator done
Event: 11,220 loading class com/jme3/collision/bih/BIHNode
Event: 11,220 loading class com/jme3/collision/bih/BIHNode done
Event: 11,222 loading class sma/InterestPoint
Event: 11,222 loading class sma/InterestPoint done
Event: 11,222 Executing VM operation: RevokeBias
Event: 11,223 Executing VM operation: RevokeBias done
Event: 11,223 loading class jdk/internal/math/FDBigInteger
Event: 11,223 loading class jdk/internal/math/FDBigInteger done


Dynamic libraries:
d0c00000-d4600000 rw-p 00000000 00:00 0 
d4600000-100000000 ---p 00000000 00:00 0 
100000000-1003c0000 rw-p 00000000 00:00 0 
1003c0000-140000000 ---p 00000000 00:00 0 
55c6e2e51000-55c6e2e52000 r-xp 00000000 08:01 525078                     /usr/lib/jvm/java-11-openjdk-amd64/bin/java
55c6e3052000-55c6e3053000 r--p 00001000 08:01 525078                     /usr/lib/jvm/java-11-openjdk-amd64/bin/java
55c6e3053000-55c6e3054000 rw-p 00002000 08:01 525078                     /usr/lib/jvm/java-11-openjdk-amd64/bin/java
55c6e3fa7000-55c6e4153000 rw-p 00000000 00:00 0                          [heap]
7fed04111000-7fed0413c000 r--s 00000000 08:01 156317                     /usr/lib/swi-prolog/boot64.prc
7fed0413c000-7fed041bb000 r-xp 00000000 08:01 532751                     /usr/lib/x86_64-linux-gnu/libgmp.so.10.3.2
7fed041bb000-7fed043bb000 ---p 0007f000 08:01 532751                     /usr/lib/x86_64-linux-gnu/libgmp.so.10.3.2
7fed043bb000-7fed043bc000 r--p 0007f000 08:01 532751                     /usr/lib/x86_64-linux-gnu/libgmp.so.10.3.2
7fed043bc000-7fed043bd000 rw-p 00080000 08:01 532751                     /usr/lib/x86_64-linux-gnu/libgmp.so.10.3.2
7fed043bd000-7fed044f3000 r-xp 00000000 08:01 429136                     /usr/lib/libswipl.so.7.6.4
7fed044f3000-7fed046f2000 ---p 00136000 08:01 429136                     /usr/lib/libswipl.so.7.6.4
7fed046f2000-7fed04705000 r--p 00135000 08:01 429136                     /usr/lib/libswipl.so.7.6.4
7fed04705000-7fed04708000 rw-p 00148000 08:01 429136                     /usr/lib/libswipl.so.7.6.4
7fed04708000-7fed0470e000 rw-p 00000000 00:00 0 
7fed04727000-7fed04736000 r-xp 00000000 08:01 158236                     /usr/lib/swi-prolog/lib/amd64/libjpl.so
7fed04736000-7fed04935000 ---p 0000f000 08:01 158236                     /usr/lib/swi-prolog/lib/amd64/libjpl.so
7fed04935000-7fed04936000 r--p 0000e000 08:01 158236                     /usr/lib/swi-prolog/lib/amd64/libjpl.so
7fed04936000-7fed04937000 rw-p 0000f000 08:01 158236                     /usr/lib/swi-prolog/lib/amd64/libjpl.so
7fed04937000-7fed049b7000 rw-p 00000000 00:00 0 
7fed049b7000-7fed04b37000 ---p 00000000 00:00 0 
7fed04b37000-7fed0508d000 rw-p 00000000 00:00 0 
7fed0508d000-7fed05a8d000 rwxp 00000000 00:00 0 
7fed05a8d000-7fed062e4000 rw-p 00000000 00:00 0 
7fed062e4000-7fed0634b000 r-xp 00000000 08:01 532982                     /usr/lib/x86_64-linux-gnu/libjpeg.so.8.1.2
7fed0634b000-7fed0654a000 ---p 00067000 08:01 532982                     /usr/lib/x86_64-linux-gnu/libjpeg.so.8.1.2
7fed0654a000-7fed0654b000 r--p 00066000 08:01 532982                     /usr/lib/x86_64-linux-gnu/libjpeg.so.8.1.2
7fed0654b000-7fed0654c000 rw-p 00067000 08:01 532982                     /usr/lib/x86_64-linux-gnu/libjpeg.so.8.1.2
7fed0654c000-7fed06556000 r-xp 00000000 08:01 525469                     /usr/lib/jvm/java-11-openjdk-amd64/lib/libjavajpeg.so
7fed06556000-7fed06756000 ---p 0000a000 08:01 525469                     /usr/lib/jvm/java-11-openjdk-amd64/lib/libjavajpeg.so
7fed06756000-7fed06757000 r--p 0000a000 08:01 525469                     /usr/lib/jvm/java-11-openjdk-amd64/lib/libjavajpeg.so
7fed06757000-7fed06758000 rw-p 0000b000 08:01 525469                     /usr/lib/jvm/java-11-openjdk-amd64/lib/libjavajpeg.so
7fed06758000-7fed06c59000 rw-p 00000000 00:00 0 
7fed06c59000-7fed06c5a000 ---p 00000000 00:00 0 
7fed06c5a000-7fed06d5a000 rw-p 00000000 00:00 0 
7fed06d5a000-7fed0ad5a000 rw-s 00000000 00:05 60896                      /memfd:pulseaudio (deleted)
7fed0ad5a000-7fed0ed5a000 rw-s 00000000 00:05 22473                      /memfd:pulseaudio (deleted)
7fed0ed5a000-7fed12d5a000 rw-s 00000000 00:05 60194                      /memfd:pulseaudio (deleted)
7fed12d5a000-7fed16d5a000 rw-s 00000000 00:05 60194                      /memfd:pulseaudio (deleted)
7fed16d5a000-7fed16d5b000 ---p 00000000 00:00 0 
7fed16d5b000-7fed1755b000 rw-p 00000000 00:00 0 
7fed1755b000-7fed1756f000 r-xp 00000000 08:01 267906                     /lib/x86_64-linux-gnu/libgpg-error.so.0.22.0
7fed1756f000-7fed1776e000 ---p 00014000 08:01 267906                     /lib/x86_64-linux-gnu/libgpg-error.so.0.22.0
7fed1776e000-7fed1776f000 r--p 00013000 08:01 267906                     /lib/x86_64-linux-gnu/libgpg-error.so.0.22.0
7fed1776f000-7fed17770000 rw-p 00014000 08:01 267906                     /lib/x86_64-linux-gnu/libgpg-error.so.0.22.0
7fed17770000-7fed177fd000 r-xp 00000000 08:01 533472                     /usr/lib/x86_64-linux-gnu/libvorbisenc.so.2.0.11
7fed177fd000-7fed179fc000 ---p 0008d000 08:01 533472                     /usr/lib/x86_64-linux-gnu/libvorbisenc.so.2.0.11
7fed179fc000-7fed17a18000 r--p 0008c000 08:01 533472                     /usr/lib/x86_64-linux-gnu/libvorbisenc.so.2.0.11
7fed17a18000-7fed17a19000 rw-p 000a8000 08:01 533472                     /usr/lib/x86_64-linux-gnu/libvorbisenc.so.2.0.11
7fed17a19000-7fed17a43000 r-xp 00000000 08:01 533470                     /usr/lib/x86_64-linux-gnu/libvorbis.so.0.4.8
7fed17a43000-7fed17c42000 ---p 0002a000 08:01 533470                     /usr/lib/x86_64-linux-gnu/libvorbis.so.0.4.8
7fed17c42000-7fed17c43000 r--p 00029000 08:01 533470                     /usr/lib/x86_64-linux-gnu/libvorbis.so.0.4.8
7fed17c43000-7fed17c44000 rw-p 0002a000 08:01 533470                     /usr/lib/x86_64-linux-gnu/libvorbis.so.0.4.8
7fed17c44000-7fed17c4b000 r-xp 00000000 08:01 533129                     /usr/lib/x86_64-linux-gnu/libogg.so.0.8.2
7fed17c4b000-7fed17e4b000 ---p 00007000 08:01 533129                     /usr/lib/x86_64-linux-gnu/libogg.so.0.8.2
7fed17e4b000-7fed17e4c000 r--p 00007000 08:01 533129                     /usr/lib/x86_64-linux-gnu/libogg.so.0.8.2
7fed17e4c000-7fed17e4d000 rw-p 00008000 08:01 533129                     /usr/lib/x86_64-linux-gnu/libogg.so.0.8.2
7fed17e4d000-7fed17ec2000 r-xp 00000000 08:01 532150                     /usr/lib/x86_64-linux-gnu/libFLAC.so.8.3.0
7fed17ec2000-7fed180c2000 ---p 00075000 08:01 532150                     /usr/lib/x86_64-linux-gnu/libFLAC.so.8.3.0
7fed180c2000-7fed180c3000 r--p 00075000 08:01 532150                     /usr/lib/x86_64-linux-gnu/libFLAC.so.8.3.0
7fed180c3000-7fed180c4000 rw-p 00076000 08:01 532150                     /usr/lib/x86_64-linux-gnu/libFLAC.so.8.3.0
7fed180c4000-7fed181d8000 r-xp 00000000 08:01 267904                     /lib/x86_64-linux-gnu/libgcrypt.so.20.2.1
7fed181d8000-7fed183d7000 ---p 00114000 08:01 267904                     /lib/x86_64-linux-gnu/libgcrypt.so.20.2.1
7fed183d7000-7fed183d9000 r--p 00113000 08:01 267904                     /lib/x86_64-linux-gnu/libgcrypt.so.20.2.1
7fed183d9000-7fed183de000 rw-p 00115000 08:01 267904                     /lib/x86_64-linux-gnu/libgcrypt.so.20.2.1
7fed183de000-7fed183df000 rw-p 00000000 00:00 0 
7fed183df000-7fed183fa000 r-xp 00000000 08:01 533028                     /usr/lib/x86_64-linux-gnu/liblz4.so.1.7.1
7fed183fa000-7fed185f9000 ---p 0001b000 08:01 533028                     /usr/lib/x86_64-linux-gnu/liblz4.so.1.7.1
7fed185f9000-7fed185fa000 r--p 0001a000 08:01 533028                     /usr/lib/x86_64-linux-gnu/liblz4.so.1.7.1
7fed185fa000-7fed185fb000 rw-p 0001b000 08:01 533028                     /usr/lib/x86_64-linux-gnu/liblz4.so.1.7.1
7fed185fb000-7fed1861f000 r-xp 00000000 08:01 267925                     /lib/x86_64-linux-gnu/liblzma.so.5.2.2
7fed1861f000-7fed1881f000 ---p 00024000 08:01 267925                     /lib/x86_64-linux-gnu/liblzma.so.5.2.2
7fed1881f000-7fed18820000 r--p 00024000 08:01 267925                     /lib/x86_64-linux-gnu/liblzma.so.5.2.2
7fed18820000-7fed18821000 rw-p 00025000 08:01 267925                     /lib/x86_64-linux-gnu/liblzma.so.5.2.2
7fed18821000-7fed18826000 r-xp 00000000 08:01 532318                     /usr/lib/x86_64-linux-gnu/libasyncns.so.0.3.1
7fed18826000-7fed18a25000 ---p 00005000 08:01 532318                     /usr/lib/x86_64-linux-gnu/libasyncns.so.0.3.1
7fed18a25000-7fed18a26000 r--p 00004000 08:01 532318                     /usr/lib/x86_64-linux-gnu/libasyncns.so.0.3.1
7fed18a26000-7fed18a27000 rw-p 00005000 08:01 532318                     /usr/lib/x86_64-linux-gnu/libasyncns.so.0.3.1
7fed18a27000-7fed18a9b000 r-xp 00000000 08:01 533331                     /usr/lib/x86_64-linux-gnu/libsndfile.so.1.0.28
7fed18a9b000-7fed18c9a000 ---p 00074000 08:01 533331                     /usr/lib/x86_64-linux-gnu/libsndfile.so.1.0.28
7fed18c9a000-7fed18c9d000 r--p 00073000 08:01 533331                     /usr/lib/x86_64-linux-gnu/libsndfile.so.1.0.28
7fed18c9d000-7fed18c9e000 rw-p 00076000 08:01 533331                     /usr/lib/x86_64-linux-gnu/libsndfile.so.1.0.28
7fed18c9e000-7fed18ca0000 rw-p 00000000 00:00 0 
7fed18ca0000-7fed18ca8000 r-xp 00000000 08:01 268037                     /lib/x86_64-linux-gnu/libwrap.so.0.7.6
7fed18ca8000-7fed18ea8000 ---p 00008000 08:01 268037                     /lib/x86_64-linux-gnu/libwrap.so.0.7.6
7fed18ea8000-7fed18ea9000 r--p 00008000 08:01 268037                     /lib/x86_64-linux-gnu/libwrap.so.0.7.6
7fed18ea9000-7fed18eaa000 rw-p 00009000 08:01 268037                     /lib/x86_64-linux-gnu/libwrap.so.0.7.6
7fed18eaa000-7fed18f2a000 r-xp 00000000 08:01 268019                     /lib/x86_64-linux-gnu/libsystemd.so.0.21.0
7fed18f2a000-7fed19129000 ---p 00080000 08:01 268019                     /lib/x86_64-linux-gnu/libsystemd.so.0.21.0
7fed19129000-7fed1912c000 r--p 0007f000 08:01 268019                     /lib/x86_64-linux-gnu/libsystemd.so.0.21.0
7fed1912c000-7fed1912d000 rw-p 00082000 08:01 268019                     /lib/x86_64-linux-gnu/libsystemd.so.0.21.0
7fed1912d000-7fed1912e000 rw-p 00000000 00:00 0 
7fed1912e000-7fed19179000 r-xp 00000000 08:01 267880                     /lib/x86_64-linux-gnu/libdbus-1.so.3.19.4
7fed19179000-7fed19379000 ---p 0004b000 08:01 267880                     /lib/x86_64-linux-gnu/libdbus-1.so.3.19.4
7fed19379000-7fed1937a000 r--p 0004b000 08:01 267880                     /lib/x86_64-linux-gnu/libdbus-1.so.3.19.4
7fed1937a000-7fed1937b000 rw-p 0004c000 08:01 267880                     /lib/x86_64-linux-gnu/libdbus-1.so.3.19.4
7fed1937b000-7fed193f7000 r-xp 00000000 08:01 663146                     /usr/lib/x86_64-linux-gnu/pulseaudio/libpulsecommon-11.1.so
7fed193f7000-7fed195f6000 ---p 0007c000 08:01 663146                     /usr/lib/x86_64-linux-gnu/pulseaudio/libpulsecommon-11.1.so
7fed195f6000-7fed195f8000 r--p 0007b000 08:01 663146                     /usr/lib/x86_64-linux-gnu/pulseaudio/libpulsecommon-11.1.so
7fed195f8000-7fed195f9000 rw-p 0007d000 08:01 663146                     /usr/lib/x86_64-linux-gnu/pulseaudio/libpulsecommon-11.1.so
7fed195f9000-7fed19647000 r-xp 00000000 08:01 533230                     /usr/lib/x86_64-linux-gnu/libpulse.so.0.20.2
7fed19647000-7fed19846000 ---p 0004e000 08:01 533230                     /usr/lib/x86_64-linux-gnu/libpulse.so.0.20.2
7fed19846000-7fed19848000 r--p 0004d000 08:01 533230                     /usr/lib/x86_64-linux-gnu/libpulse.so.0.20.2
7fed19848000-7fed19849000 rw-p 0004f000 08:01 533230                     /usr/lib/x86_64-linux-gnu/libpulse.so.0.20.2
7fed19849000-7fed1989b000 r-xp 00000000 08:01 927362                     /home/cmt/Documents/eclipse-workspace/Duel/libopenal64.so
7fed1989b000-7fed19a9a000 ---p 00052000 08:01 927362                     /home/cmt/Documents/eclipse-workspace/Duel/libopenal64.so
7fed19a9a000-7fed19a9c000 r--p 00051000 08:01 927362                     /home/cmt/Documents/eclipse-workspace/Duel/libopenal64.so
7fed19a9c000-7fed19a9d000 rw-p 00053000 08:01 927362                     /home/cmt/Documents/eclipse-workspace/Duel/libopenal64.so
7fed19a9d000-7fed19a9e000 rw-p 00000000 00:00 0 
7fed19a9e000-7fed19aa2000 ---p 00000000 00:00 0 
7fed19aa2000-7fed19d9f000 rw-p 00000000 00:00 0 
7fed19d9f000-7fed19da3000 ---p 00000000 00:00 0 
7fed19da3000-7fed19ea0000 rw-p 00000000 00:00 0 
7fed19ea0000-7fed19ea4000 ---p 00000000 00:00 0 
7fed19ea4000-7fed19fa1000 rw-p 00000000 00:00 0 
7fed19fa1000-7fed19fa5000 ---p 00000000 00:00 0 
7fed19fa5000-7fed1a0a2000 rw-p 00000000 00:00 0 
7fed1a0a2000-7fed1a0a6000 ---p 00000000 00:00 0 
7fed1a0a6000-7fed1a1a3000 rw-p 00000000 00:00 0 
7fed1a1a3000-7fed1a1a7000 ---p 00000000 00:00 0 
7fed1a1a7000-7fed1a2a4000 rw-p 00000000 00:00 0 
7fed1a2a4000-7fed1a2a8000 ---p 00000000 00:00 0 
7fed1a2a8000-7fed1a3a5000 rw-p 00000000 00:00 0 
7fed1a3a5000-7fed1a3a9000 ---p 00000000 00:00 0 
7fed1a3a9000-7fed1a4a6000 rw-p 00000000 00:00 0 
7fed1a4a6000-7fed1a4aa000 ---p 00000000 00:00 0 
7fed1a4aa000-7fed1a5a7000 rw-p 00000000 00:00 0 
7fed1a5a7000-7fed1a5ab000 ---p 00000000 00:00 0 
7fed1a5ab000-7fed1a8a8000 rw-p 00000000 00:00 0 
7fed1a8a8000-7fed1afee000 rw-p 00000000 00:00 0 
7fed1afee000-7fed1afef000 ---p 00000000 00:00 0 
7fed1afef000-7fed1b7ef000 rw-p 00000000 00:00 0 
7fed1b7ef000-7fed1b7f0000 ---p 00000000 00:00 0 
7fed1b7f0000-7fed1bff0000 rw-p 00000000 00:00 0 
7fed1bff0000-7fed1c015000 r-xp 00000000 08:01 267937                     /lib/x86_64-linux-gnu/libtinfo.so.5.9
7fed1c015000-7fed1c215000 ---p 00025000 08:01 267937                     /lib/x86_64-linux-gnu/libtinfo.so.5.9
7fed1c215000-7fed1c219000 r--p 00025000 08:01 267937                     /lib/x86_64-linux-gnu/libtinfo.so.5.9
7fed1c219000-7fed1c21a000 rw-p 00029000 08:01 267937                     /lib/x86_64-linux-gnu/libtinfo.so.5.9
7fed1c21a000-7fed1c24b000 r-xp 00000000 08:01 532580                     /usr/lib/x86_64-linux-gnu/libedit.so.2.0.56
7fed1c24b000-7fed1c44a000 ---p 00031000 08:01 532580                     /usr/lib/x86_64-linux-gnu/libedit.so.2.0.56
7fed1c44a000-7fed1c44c000 r--p 00030000 08:01 532580                     /usr/lib/x86_64-linux-gnu/libedit.so.2.0.56
7fed1c44c000-7fed1c44d000 rw-p 00032000 08:01 532580                     /usr/lib/x86_64-linux-gnu/libedit.so.2.0.56
7fed1c44d000-7fed1c451000 rw-p 00000000 00:00 0 
7fed1c451000-7fed1fb13000 r-xp 00000000 08:01 532187                     /usr/lib/x86_64-linux-gnu/libLLVM-6.0.so.1
7fed1fb13000-7fed1fb14000 ---p 036c2000 08:01 532187                     /usr/lib/x86_64-linux-gnu/libLLVM-6.0.so.1
7fed1fb14000-7fed1fe84000 r--p 036c2000 08:01 532187                     /usr/lib/x86_64-linux-gnu/libLLVM-6.0.so.1
7fed1fe84000-7fed1fe92000 rw-p 03a32000 08:01 532187                     /usr/lib/x86_64-linux-gnu/libLLVM-6.0.so.1
7fed1fe92000-7fed1feed000 rw-p 00000000 00:00 0 
7fed1feed000-7fed1ff06000 r-xp 00000000 08:01 532585                     /usr/lib/x86_64-linux-gnu/libelf-0.170.so
7fed1ff06000-7fed20105000 ---p 00019000 08:01 532585                     /usr/lib/x86_64-linux-gnu/libelf-0.170.so
7fed20105000-7fed20106000 r--p 00018000 08:01 532585                     /usr/lib/x86_64-linux-gnu/libelf-0.170.so
7fed20106000-7fed20107000 rw-p 00019000 08:01 532585                     /usr/lib/x86_64-linux-gnu/libelf-0.170.so
7fed20107000-7fed20110000 r-xp 00000000 08:01 532552                     /usr/lib/x86_64-linux-gnu/libdrm_amdgpu.so.1.0.0
7fed20110000-7fed2030f000 ---p 00009000 08:01 532552                     /usr/lib/x86_64-linux-gnu/libdrm_amdgpu.so.1.0.0
7fed2030f000-7fed20310000 r--p 00008000 08:01 532552                     /usr/lib/x86_64-linux-gnu/libdrm_amdgpu.so.1.0.0
7fed20310000-7fed20311000 rw-p 00009000 08:01 532552                     /usr/lib/x86_64-linux-gnu/libdrm_amdgpu.so.1.0.0
7fed20311000-7fed2031c000 r-xp 00000000 08:01 532558                     /usr/lib/x86_64-linux-gnu/libdrm_radeon.so.1.0.1
7fed2031c000-7fed2051b000 ---p 0000b000 08:01 532558                     /usr/lib/x86_64-linux-gnu/libdrm_radeon.so.1.0.1
7fed2051b000-7fed2051c000 r--p 0000a000 08:01 532558                     /usr/lib/x86_64-linux-gnu/libdrm_radeon.so.1.0.1
7fed2051c000-7fed2051d000 rw-p 0000b000 08:01 532558                     /usr/lib/x86_64-linux-gnu/libdrm_radeon.so.1.0.1
7fed2051d000-7fed20524000 r-xp 00000000 08:01 532556                     /usr/lib/x86_64-linux-gnu/libdrm_nouveau.so.2.0.0
7fed20524000-7fed20723000 ---p 00007000 08:01 532556                     /usr/lib/x86_64-linux-gnu/libdrm_nouveau.so.2.0.0
7fed20723000-7fed20724000 r--p 00006000 08:01 532556                     /usr/lib/x86_64-linux-gnu/libdrm_nouveau.so.2.0.0
7fed20724000-7fed20725000 rw-p 00007000 08:01 532556                     /usr/lib/x86_64-linux-gnu/libdrm_nouveau.so.2.0.0
7fed20725000-7fed20733000 r-xp 00000000 08:01 533310                     /usr/lib/x86_64-linux-gnu/libsensors.so.4.4.0
7fed20733000-7fed20932000 ---p 0000e000 08:01 533310                     /usr/lib/x86_64-linux-gnu/libsensors.so.4.4.0
7fed20932000-7fed20933000 r--p 0000d000 08:01 533310                     /usr/lib/x86_64-linux-gnu/libsensors.so.4.4.0
7fed20933000-7fed20934000 rw-p 0000e000 08:01 533310                     /usr/lib/x86_64-linux-gnu/libsensors.so.4.4.0
7fed20934000-7fed213bc000 r-xp 00000000 08:01 660698                     /usr/lib/x86_64-linux-gnu/dri/swrast_dri.so
7fed213bc000-7fed215bc000 ---p 00a88000 08:01 660698                     /usr/lib/x86_64-linux-gnu/dri/swrast_dri.so
7fed215bc000-7fed21611000 r--p 00a88000 08:01 660698                     /usr/lib/x86_64-linux-gnu/dri/swrast_dri.so
7fed21611000-7fed2161a000 rw-p 00add000 08:01 660698                     /usr/lib/x86_64-linux-gnu/dri/swrast_dri.so
7fed2161a000-7fed21813000 rw-p 00000000 00:00 0 
7fed21813000-7fed21823000 r-xp 00000000 08:01 532550                     /usr/lib/x86_64-linux-gnu/libdrm.so.2.4.0
7fed21823000-7fed21a22000 ---p 00010000 08:01 532550                     /usr/lib/x86_64-linux-gnu/libdrm.so.2.4.0
7fed21a22000-7fed21a23000 r--p 0000f000 08:01 532550                     /usr/lib/x86_64-linux-gnu/libdrm.so.2.4.0
7fed21a23000-7fed21a24000 rw-p 00010000 08:01 532550                     /usr/lib/x86_64-linux-gnu/libdrm.so.2.4.0
7fed21a24000-7fed21a28000 r-xp 00000000 08:01 533531                     /usr/lib/x86_64-linux-gnu/libxcb-dri2.so.0.0.0
7fed21a28000-7fed21c27000 ---p 00004000 08:01 533531                     /usr/lib/x86_64-linux-gnu/libxcb-dri2.so.0.0.0
7fed21c27000-7fed21c28000 r--p 00003000 08:01 533531                     /usr/lib/x86_64-linux-gnu/libxcb-dri2.so.0.0.0
7fed21c28000-7fed21c29000 rw-p 00004000 08:01 533531                     /usr/lib/x86_64-linux-gnu/libxcb-dri2.so.0.0.0
7fed21c29000-7fed21c41000 r-xp 00000000 08:01 533535                     /usr/lib/x86_64-linux-gnu/libxcb-glx.so.0.0.0
7fed21c41000-7fed21e41000 ---p 00018000 08:01 533535                     /usr/lib/x86_64-linux-gnu/libxcb-glx.so.0.0.0
7fed21e41000-7fed21e43000 r--p 00018000 08:01 533535                     /usr/lib/x86_64-linux-gnu/libxcb-glx.so.0.0.0
7fed21e43000-7fed21e44000 rw-p 0001a000 08:01 533535                     /usr/lib/x86_64-linux-gnu/libxcb-glx.so.0.0.0
7fed21e44000-7fed21e45000 r-xp 00000000 08:01 532224                     /usr/lib/x86_64-linux-gnu/libX11-xcb.so.1.0.0
7fed21e45000-7fed22044000 ---p 00001000 08:01 532224                     /usr/lib/x86_64-linux-gnu/libX11-xcb.so.1.0.0
7fed22044000-7fed22045000 r--p 00000000 08:01 532224                     /usr/lib/x86_64-linux-gnu/libX11-xcb.so.1.0.0
7fed22045000-7fed22046000 rw-p 00001000 08:01 532224                     /usr/lib/x86_64-linux-gnu/libX11-xcb.so.1.0.0
7fed22046000-7fed22048000 r-xp 00000000 08:01 532239                     /usr/lib/x86_64-linux-gnu/libXdamage.so.1.1.0
7fed22048000-7fed22247000 ---p 00002000 08:01 532239                     /usr/lib/x86_64-linux-gnu/libXdamage.so.1.1.0
7fed22247000-7fed22248000 r--p 00001000 08:01 532239                     /usr/lib/x86_64-linux-gnu/libXdamage.so.1.1.0
7fed22248000-7fed22249000 rw-p 00002000 08:01 532239                     /usr/lib/x86_64-linux-gnu/libXdamage.so.1.1.0
7fed22249000-7fed22275000 r-xp 00000000 08:01 532735                     /usr/lib/x86_64-linux-gnu/libglapi.so.0.0.0
7fed22275000-7fed22474000 ---p 0002c000 08:01 532735                     /usr/lib/x86_64-linux-gnu/libglapi.so.0.0.0
7fed22474000-7fed22478000 r--p 0002b000 08:01 532735                     /usr/lib/x86_64-linux-gnu/libglapi.so.0.0.0
7fed22478000-7fed22479000 rw-p 0002f000 08:01 532735                     /usr/lib/x86_64-linux-gnu/libglapi.so.0.0.0
7fed22479000-7fed2247a000 rw-p 00000000 00:00 0 
7fed2247a000-7fed2247b000 r-xp 00000000 08:01 533608                     /usr/lib/x86_64-linux-gnu/libxshmfence.so.1.0.0
7fed2247b000-7fed2267a000 ---p 00001000 08:01 533608                     /usr/lib/x86_64-linux-gnu/libxshmfence.so.1.0.0
7fed2267a000-7fed2267b000 r--p 00000000 08:01 533608                     /usr/lib/x86_64-linux-gnu/libxshmfence.so.1.0.0
7fed2267b000-7fed2267c000 rw-p 00001000 08:01 533608                     /usr/lib/x86_64-linux-gnu/libxshmfence.so.1.0.0
7fed2267c000-7fed22681000 r-xp 00000000 08:01 533555                     /usr/lib/x86_64-linux-gnu/libxcb-sync.so.1.0.0
7fed22681000-7fed22881000 ---p 00005000 08:01 533555                     /usr/lib/x86_64-linux-gnu/libxcb-sync.so.1.0.0
7fed22881000-7fed22882000 r--p 00005000 08:01 533555                     /usr/lib/x86_64-linux-gnu/libxcb-sync.so.1.0.0
7fed22882000-7fed22883000 rw-p 00006000 08:01 533555                     /usr/lib/x86_64-linux-gnu/libxcb-sync.so.1.0.0
7fed22883000-7fed22885000 r-xp 00000000 08:01 533543                     /usr/lib/x86_64-linux-gnu/libxcb-present.so.0.0.0
7fed22885000-7fed22a84000 ---p 00002000 08:01 533543                     /usr/lib/x86_64-linux-gnu/libxcb-present.so.0.0.0
7fed22a84000-7fed22a85000 r--p 00001000 08:01 533543                     /usr/lib/x86_64-linux-gnu/libxcb-present.so.0.0.0
7fed22a85000-7fed22a86000 rw-p 00002000 08:01 533543                     /usr/lib/x86_64-linux-gnu/libxcb-present.so.0.0.0
7fed22a86000-7fed22a89000 r-xp 00000000 08:01 533533                     /usr/lib/x86_64-linux-gnu/libxcb-dri3.so.0.0.0
7fed22a89000-7fed22c88000 ---p 00003000 08:01 533533                     /usr/lib/x86_64-linux-gnu/libxcb-dri3.so.0.0.0
7fed22c88000-7fed22c89000 r--p 00002000 08:01 533533                     /usr/lib/x86_64-linux-gnu/libxcb-dri3.so.0.0.0
7fed22c89000-7fed22c8a000 rw-p 00003000 08:01 533533                     /usr/lib/x86_64-linux-gnu/libxcb-dri3.so.0.0.0
7fed22c8a000-7fed22cb9000 r-xp 00000000 08:01 267895                     /lib/x86_64-linux-gnu/libexpat.so.1.6.7
7fed22cb9000-7fed22eb9000 ---p 0002f000 08:01 267895                     /lib/x86_64-linux-gnu/libexpat.so.1.6.7
7fed22eb9000-7fed22ebb000 r--p 0002f000 08:01 267895                     /lib/x86_64-linux-gnu/libexpat.so.1.6.7
7fed22ebb000-7fed22ebc000 rw-p 00031000 08:01 267895                     /lib/x86_64-linux-gnu/libexpat.so.1.6.7
7fed22ebc000-7fed22f2c000 r-xp 00000000 08:01 532161                     /usr/lib/x86_64-linux-gnu/libGLX_mesa.so.0.0.0
7fed22f2c000-7fed2312b000 ---p 00070000 08:01 532161                     /usr/lib/x86_64-linux-gnu/libGLX_mesa.so.0.0.0
7fed2312b000-7fed2312e000 r--p 0006f000 08:01 532161                     /usr/lib/x86_64-linux-gnu/libGLX_mesa.so.0.0.0
7fed2312e000-7fed2312f000 rw-p 00072000 08:01 532161                     /usr/lib/x86_64-linux-gnu/libGLX_mesa.so.0.0.0
7fed2312f000-7fed23130000 rw-p 00000000 00:00 0 
7fed2313c000-7fed23149000 r-xp 00000000 00:00 0 
7fed23149000-7fed2314d000 ---p 00000000 00:00 0 
7fed2314d000-7fed2324a000 rw-p 00000000 00:00 0 
7fed2324a000-7fed2324e000 ---p 00000000 00:00 0 
7fed2324e000-7fed2334b000 rw-p 00000000 00:00 0 
7fed2334b000-7fed2334f000 ---p 00000000 00:00 0 
7fed2334f000-7fed2344c000 rw-p 00000000 00:00 0 
7fed2344c000-7fed2344d000 r-xp 00000000 08:01 525461                     /usr/lib/jvm/java-11-openjdk-amd64/lib/libextnet.so
7fed2344d000-7fed2364c000 ---p 00001000 08:01 525461                     /usr/lib/jvm/java-11-openjdk-amd64/lib/libextnet.so
7fed2364c000-7fed2364d000 r--p 00000000 08:01 525461                     /usr/lib/jvm/java-11-openjdk-amd64/lib/libextnet.so
7fed2364d000-7fed2364e000 rw-p 00001000 08:01 525461                     /usr/lib/jvm/java-11-openjdk-amd64/lib/libextnet.so
7fed2364e000-7fed2366e000 rw-s 00000000 08:01 728302                     /home/cmt/#728302 (deleted)
7fed2366e000-7fed236dc000 r-xp 00000000 08:01 532163                     /usr/lib/x86_64-linux-gnu/libGLdispatch.so.0.0.0
7fed236dc000-7fed238db000 ---p 0006e000 08:01 532163                     /usr/lib/x86_64-linux-gnu/libGLdispatch.so.0.0.0
7fed238db000-7fed23903000 r--p 0006d000 08:01 532163                     /usr/lib/x86_64-linux-gnu/libGLdispatch.so.0.0.0
7fed23903000-7fed23904000 rw-p 00095000 08:01 532163                     /usr/lib/x86_64-linux-gnu/libGLdispatch.so.0.0.0
7fed23904000-7fed23924000 rw-p 00000000 00:00 0 
7fed23924000-7fed23934000 r-xp 00000000 08:01 532158                     /usr/lib/x86_64-linux-gnu/libGLX.so.0.0.0
7fed23934000-7fed23b33000 ---p 00010000 08:01 532158                     /usr/lib/x86_64-linux-gnu/libGLX.so.0.0.0
7fed23b33000-7fed23b34000 r--p 0000f000 08:01 532158                     /usr/lib/x86_64-linux-gnu/libGLX.so.0.0.0
7fed23b34000-7fed23b35000 rw-p 00010000 08:01 532158                     /usr/lib/x86_64-linux-gnu/libGLX.so.0.0.0
7fed23b35000-7fed23b55000 rw-p 00000000 00:00 0 
7fed23b55000-7fed23bc6000 r-xp 00000000 08:01 532152                     /usr/lib/x86_64-linux-gnu/libGL.so.1.0.0
7fed23bc6000-7fed23dc5000 ---p 00071000 08:01 532152                     /usr/lib/x86_64-linux-gnu/libGL.so.1.0.0
7fed23dc5000-7fed23ddf000 r--p 00070000 08:01 532152                     /usr/lib/x86_64-linux-gnu/libGL.so.1.0.0
7fed23ddf000-7fed23de0000 rw-p 0008a000 08:01 532152                     /usr/lib/x86_64-linux-gnu/libGL.so.1.0.0
7fed23de0000-7fed23fe1000 rw-p 00000000 00:00 0 
7fed23fe1000-7fed23fe5000 ---p 00000000 00:00 0 
7fed23fe5000-7fed240e2000 rw-p 00000000 00:00 0 
7fed240e2000-7fed240e7000 r-xp 00000000 08:01 532279                     /usr/lib/x86_64-linux-gnu/libXxf86vm.so.1.0.0
7fed240e7000-7fed242e6000 ---p 00005000 08:01 532279                     /usr/lib/x86_64-linux-gnu/libXxf86vm.so.1.0.0
7fed242e6000-7fed242e7000 r--p 00004000 08:01 532279                     /usr/lib/x86_64-linux-gnu/libXxf86vm.so.1.0.0
7fed242e7000-7fed242e8000 rw-p 00005000 08:01 532279                     /usr/lib/x86_64-linux-gnu/libXxf86vm.so.1.0.0
7fed242e8000-7fed24350000 r-xp 00000000 08:01 927361                     /home/cmt/Documents/eclipse-workspace/Duel/liblwjgl64.so
7fed24350000-7fed24550000 ---p 00068000 08:01 927361                     /home/cmt/Documents/eclipse-workspace/Duel/liblwjgl64.so
7fed24550000-7fed24552000 r--p 00068000 08:01 927361                     /home/cmt/Documents/eclipse-workspace/Duel/liblwjgl64.so
7fed24552000-7fed24553000 rw-p 0006a000 08:01 927361                     /home/cmt/Documents/eclipse-workspace/Duel/liblwjgl64.so
7fed24553000-7fed24554000 r-xp 00000000 08:01 525470                     /usr/lib/jvm/java-11-openjdk-amd64/lib/libjawt.so
7fed24554000-7fed24753000 ---p 00001000 08:01 525470                     /usr/lib/jvm/java-11-openjdk-amd64/lib/libjawt.so
7fed24753000-7fed24754000 r--p 00000000 08:01 525470                     /usr/lib/jvm/java-11-openjdk-amd64/lib/libjawt.so
7fed24754000-7fed24755000 rw-p 00001000 08:01 525470                     /usr/lib/jvm/java-11-openjdk-amd64/lib/libjawt.so
7fed24755000-7fed24759000 ---p 00000000 00:00 0 
7fed24759000-7fed24a56000 rw-p 00000000 00:00 0 
7fed24a56000-7fed24a5a000 ---p 00000000 00:00 0 
7fed24a5a000-7fed24d57000 rw-p 00000000 00:00 0 
7fed24d57000-7fed24e57000 rw-s 00000000 00:05 5210123                    /SYSV00000000 (deleted)
7fed24e57000-7fed25057000 rw-p 00000000 00:00 0 
7fed25057000-7fed25257000 rw-p 00000000 00:00 0 
7fed25257000-7fed2525b000 ---p 00000000 00:00 0 
7fed2525b000-7fed25558000 rw-p 00000000 00:00 0 
7fed25558000-7fed2555c000 ---p 00000000 00:00 0 
7fed2555c000-7fed25659000 rw-p 00000000 00:00 0 
7fed25659000-7fed2565a000 r-xp 00000000 08:01 525483                     /usr/lib/jvm/java-11-openjdk-amd64/lib/libprefs.so
7fed2565a000-7fed2585a000 ---p 00001000 08:01 525483                     /usr/lib/jvm/java-11-openjdk-amd64/lib/libprefs.so
7fed2585a000-7fed2585b000 r--p 00001000 08:01 525483                     /usr/lib/jvm/java-11-openjdk-amd64/lib/libprefs.so
7fed2585b000-7fed2585c000 rw-p 00002000 08:01 525483                     /usr/lib/jvm/java-11-openjdk-amd64/lib/libprefs.so
7fed2585c000-7fed25a5c000 rw-p 00000000 00:00 0 
7fed25a5c000-7fed25a60000 ---p 00000000 00:00 0 
7fed25a60000-7fed25b5d000 rw-p 00000000 00:00 0 
7fed25b5d000-7fed25b61000 ---p 00000000 00:00 0 
7fed25b61000-7fed25c5e000 rw-p 00000000 00:00 0 
7fed25c5e000-7fed25c62000 ---p 00000000 00:00 0 
7fed25c62000-7fed25d5f000 rw-p 00000000 00:00 0 
7fed25d5f000-7fed25d64000 r-xp 00000000 08:01 532245                     /usr/lib/x86_64-linux-gnu/libXfixes.so.3.1.0
7fed25d64000-7fed25f63000 ---p 00005000 08:01 532245                     /usr/lib/x86_64-linux-gnu/libXfixes.so.3.1.0
7fed25f63000-7fed25f64000 r--p 00004000 08:01 532245                     /usr/lib/x86_64-linux-gnu/libXfixes.so.3.1.0
7fed25f64000-7fed25f65000 rw-p 00005000 08:01 532245                     /usr/lib/x86_64-linux-gnu/libXfixes.so.3.1.0
7fed25f65000-7fed25f6e000 r-xp 00000000 08:01 532237                     /usr/lib/x86_64-linux-gnu/libXcursor.so.1.0.2
7fed25f6e000-7fed2616d000 ---p 00009000 08:01 532237                     /usr/lib/x86_64-linux-gnu/libXcursor.so.1.0.2
7fed2616d000-7fed2616e000 r--p 00008000 08:01 532237                     /usr/lib/x86_64-linux-gnu/libXcursor.so.1.0.2
7fed2616e000-7fed2616f000 rw-p 00009000 08:01 532237                     /usr/lib/x86_64-linux-gnu/libXcursor.so.1.0.2
7fed2616f000-7fed26170000 ---p 00000000 00:00 0 
7fed26170000-7fed26970000 rw-p 00000000 00:00 0 
7fed26970000-7fed26971000 ---p 00000000 00:00 0 
7fed26971000-7fed27171000 rw-p 00000000 00:00 0 
7fed27171000-7fed27172000 ---p 00000000 00:00 0 
7fed27172000-7fed27972000 rw-p 00000000 00:00 0 
7fed27972000-7fed2798c000 r-xp 00000000 08:01 661462                     /usr/lib/x86_64-linux-gnu/gio/modules/libgioremote-volume-monitor.so
7fed2798c000-7fed27b8b000 ---p 0001a000 08:01 661462                     /usr/lib/x86_64-linux-gnu/gio/modules/libgioremote-volume-monitor.so
7fed27b8b000-7fed27b8e000 r--p 00019000 08:01 661462                     /usr/lib/x86_64-linux-gnu/gio/modules/libgioremote-volume-monitor.so
7fed27b8e000-7fed27b8f000 rw-p 0001c000 08:01 661462                     /usr/lib/x86_64-linux-gnu/gio/modules/libgioremote-volume-monitor.so
7fed27b8f000-7fed27bc5000 r-xp 00000000 08:01 662032                     /usr/lib/x86_64-linux-gnu/gvfs/libgvfscommon.so
7fed27bc5000-7fed27dc5000 ---p 00036000 08:01 662032                     /usr/lib/x86_64-linux-gnu/gvfs/libgvfscommon.so
7fed27dc5000-7fed27dcb000 r--p 00036000 08:01 662032                     /usr/lib/x86_64-linux-gnu/gvfs/libgvfscommon.so
7fed27dcb000-7fed27dcc000 rw-p 0003c000 08:01 662032                     /usr/lib/x86_64-linux-gnu/gvfs/libgvfscommon.so
7fed27dcc000-7fed27dfd000 r-xp 00000000 08:01 661463                     /usr/lib/x86_64-linux-gnu/gio/modules/libgvfsdbus.so
7fed27dfd000-7fed27ffd000 ---p 00031000 08:01 661463                     /usr/lib/x86_64-linux-gnu/gio/modules/libgvfsdbus.so
7fed27ffd000-7fed27fff000 r--p 00031000 08:01 661463                     /usr/lib/x86_64-linux-gnu/gio/modules/libgvfsdbus.so
7fed27fff000-7fed28000000 rw-p 00033000 08:01 661463                     /usr/lib/x86_64-linux-gnu/gio/modules/libgvfsdbus.so
7fed28000000-7fed28021000 rw-p 00000000 00:00 0 
7fed28021000-7fed2c000000 ---p 00000000 00:00 0 
7fed2c000000-7fed2c00e000 r-xp 00000000 00:00 0 
7fed2c00e000-7fed2c02e000 r-xs 00000000 08:01 728302                     /home/cmt/#728302 (deleted)
7fed2c02e000-7fed2c032000 ---p 00000000 00:00 0 
7fed2c032000-7fed2c050000 rw-p 00000000 00:00 0 
7fed2c050000-7fed2c054000 ---p 00000000 00:00 0 
7fed2c054000-7fed2c151000 rw-p 00000000 00:00 0 
7fed2c151000-7fed2c15d000 r-xp 00000000 08:01 661458                     /usr/lib/x86_64-linux-gnu/gio/modules/libdconfsettings.so
7fed2c15d000-7fed2c35c000 ---p 0000c000 08:01 661458                     /usr/lib/x86_64-linux-gnu/gio/modules/libdconfsettings.so
7fed2c35c000-7fed2c35d000 r--p 0000b000 08:01 661458                     /usr/lib/x86_64-linux-gnu/gio/modules/libdconfsettings.so
7fed2c35d000-7fed2c35e000 rw-p 0000c000 08:01 661458                     /usr/lib/x86_64-linux-gnu/gio/modules/libdconfsettings.so
7fed2c35e000-7fed2c3a7000 r--p 00000000 08:01 402486                     /usr/share/glib-2.0/schemas/gschemas.compiled
7fed2c3a7000-7fed2c3f0000 r--p 00000000 08:01 402486                     /usr/share/glib-2.0/schemas/gschemas.compiled
7fed2c3f0000-7fed2c3f6000 r-xp 00000000 08:01 268035                     /lib/x86_64-linux-gnu/libuuid.so.1.3.0
7fed2c3f6000-7fed2c5f5000 ---p 00006000 08:01 268035                     /lib/x86_64-linux-gnu/libuuid.so.1.3.0
7fed2c5f5000-7fed2c5f6000 r--p 00005000 08:01 268035                     /lib/x86_64-linux-gnu/libuuid.so.1.3.0
7fed2c5f6000-7fed2c5f7000 rw-p 00006000 08:01 268035                     /lib/x86_64-linux-gnu/libuuid.so.1.3.0
7fed2c5f7000-7fed2c63e000 r-xp 00000000 08:01 267857                     /lib/x86_64-linux-gnu/libblkid.so.1.1.0
7fed2c63e000-7fed2c83e000 ---p 00047000 08:01 267857                     /lib/x86_64-linux-gnu/libblkid.so.1.1.0
7fed2c83e000-7fed2c842000 r--p 00047000 08:01 267857                     /lib/x86_64-linux-gnu/libblkid.so.1.1.0
7fed2c842000-7fed2c843000 rw-p 0004b000 08:01 267857                     /lib/x86_64-linux-gnu/libblkid.so.1.1.0
7fed2c843000-7fed2c844000 rw-p 00000000 00:00 0 
7fed2c844000-7fed2c8b4000 r-xp 00000000 08:01 267987                     /lib/x86_64-linux-gnu/libpcre.so.3.13.3
7fed2c8b4000-7fed2cab4000 ---p 00070000 08:01 267987                     /lib/x86_64-linux-gnu/libpcre.so.3.13.3
7fed2cab4000-7fed2cab5000 r--p 00070000 08:01 267987                     /lib/x86_64-linux-gnu/libpcre.so.3.13.3
7fed2cab5000-7fed2cab6000 rw-p 00071000 08:01 267987                     /lib/x86_64-linux-gnu/libpcre.so.3.13.3
7fed2cab6000-7fed2cabd000 r-xp 00000000 08:01 532625                     /usr/lib/x86_64-linux-gnu/libffi.so.6.0.4
7fed2cabd000-7fed2ccbc000 ---p 00007000 08:01 532625                     /usr/lib/x86_64-linux-gnu/libffi.so.6.0.4
7fed2ccbc000-7fed2ccbd000 r--p 00006000 08:01 532625                     /usr/lib/x86_64-linux-gnu/libffi.so.6.0.4
7fed2ccbd000-7fed2ccbe000 rw-p 00007000 08:01 532625                     /usr/lib/x86_64-linux-gnu/libffi.so.6.0.4
7fed2ccbe000-7fed2cd0f000 r-xp 00000000 08:01 267934                     /lib/x86_64-linux-gnu/libmount.so.1.1.0
7fed2cd0f000-7fed2cf0e000 ---p 00051000 08:01 267934                     /lib/x86_64-linux-gnu/libmount.so.1.1.0
7fed2cf0e000-7fed2cf10000 r--p 00050000 08:01 267934                     /lib/x86_64-linux-gnu/libmount.so.1.1.0
7fed2cf10000-7fed2cf11000 rw-p 00052000 08:01 267934                     /lib/x86_64-linux-gnu/libmount.so.1.1.0
7fed2cf11000-7fed2cf12000 rw-p 00000000 00:00 0 
7fed2cf12000-7fed2cf29000 r-xp 00000000 08:01 268004                     /lib/x86_64-linux-gnu/libresolv-2.27.so
7fed2cf29000-7fed2d129000 ---p 00017000 08:01 268004                     /lib/x86_64-linux-gnu/libresolv-2.27.so
7fed2d129000-7fed2d12a000 r--p 00017000 08:01 268004                     /lib/x86_64-linux-gnu/libresolv-2.27.so
7fed2d12a000-7fed2d12b000 rw-p 00018000 08:01 268004                     /lib/x86_64-linux-gnu/libresolv-2.27.so
7fed2d12b000-7fed2d12d000 rw-p 00000000 00:00 0 
7fed2d12d000-7fed2d152000 r-xp 00000000 08:01 268010                     /lib/x86_64-linux-gnu/libselinux.so.1
7fed2d152000-7fed2d351000 ---p 00025000 08:01 268010                     /lib/x86_64-linux-gnu/libselinux.so.1
7fed2d351000-7fed2d352000 r--p 00024000 08:01 268010                     /lib/x86_64-linux-gnu/libselinux.so.1
7fed2d352000-7fed2d353000 rw-p 00025000 08:01 268010                     /lib/x86_64-linux-gnu/libselinux.so.1
7fed2d353000-7fed2d355000 rw-p 00000000 00:00 0 
7fed2d355000-7fed2d468000 r-xp 00000000 08:01 532737                     /usr/lib/x86_64-linux-gnu/libglib-2.0.so.0.5600.1
7fed2d468000-7fed2d668000 ---p 00113000 08:01 532737                     /usr/lib/x86_64-linux-gnu/libglib-2.0.so.0.5600.1
7fed2d668000-7fed2d669000 r--p 00113000 08:01 532737                     /usr/lib/x86_64-linux-gnu/libglib-2.0.so.0.5600.1
7fed2d669000-7fed2d66a000 rw-p 00114000 08:01 532737                     /usr/lib/x86_64-linux-gnu/libglib-2.0.so.0.5600.1
7fed2d66a000-7fed2d66b000 rw-p 00000000 00:00 0 
7fed2d66b000-7fed2d66e000 r-xp 00000000 08:01 532749                     /usr/lib/x86_64-linux-gnu/libgmodule-2.0.so.0.5600.1
7fed2d66e000-7fed2d86d000 ---p 00003000 08:01 532749                     /usr/lib/x86_64-linux-gnu/libgmodule-2.0.so.0.5600.1
7fed2d86d000-7fed2d86e000 r--p 00002000 08:01 532749                     /usr/lib/x86_64-linux-gnu/libgmodule-2.0.so.0.5600.1
7fed2d86e000-7fed2d86f000 rw-p 00003000 08:01 532749                     /usr/lib/x86_64-linux-gnu/libgmodule-2.0.so.0.5600.1
7fed2d86f000-7fed2d8c1000 r-xp 00000000 08:01 532767                     /usr/lib/x86_64-linux-gnu/libgobject-2.0.so.0.5600.1
7fed2d8c1000-7fed2dac1000 ---p 00052000 08:01 532767                     /usr/lib/x86_64-linux-gnu/libgobject-2.0.so.0.5600.1
7fed2dac1000-7fed2dac2000 r--p 00052000 08:01 532767                     /usr/lib/x86_64-linux-gnu/libgobject-2.0.so.0.5600.1
7fed2dac2000-7fed2dac3000 rw-p 00053000 08:01 532767                     /usr/lib/x86_64-linux-gnu/libgobject-2.0.so.0.5600.1
7fed2dac3000-7fed2dc57000 r-xp 00000000 08:01 532727                     /usr/lib/x86_64-linux-gnu/libgio-2.0.so.0.5600.1
7fed2dc57000-7fed2de57000 ---p 00194000 08:01 532727                     /usr/lib/x86_64-linux-gnu/libgio-2.0.so.0.5600.1
7fed2de57000-7fed2de5e000 r--p 00194000 08:01 532727                     /usr/lib/x86_64-linux-gnu/libgio-2.0.so.0.5600.1
7fed2de5e000-7fed2de5f000 rw-p 0019b000 08:01 532727                     /usr/lib/x86_64-linux-gnu/libgio-2.0.so.0.5600.1
7fed2de5f000-7fed2de61000 rw-p 00000000 00:00 0 
7fed2de61000-7fed2de6b000 r-xp 00000000 08:01 532261                     /usr/lib/x86_64-linux-gnu/libXrandr.so.2.2.0
7fed2de6b000-7fed2e06a000 ---p 0000a000 08:01 532261                     /usr/lib/x86_64-linux-gnu/libXrandr.so.2.2.0
7fed2e06a000-7fed2e06b000 r--p 00009000 08:01 532261                     /usr/lib/x86_64-linux-gnu/libXrandr.so.2.2.0
7fed2e06b000-7fed2e06c000 rw-p 0000a000 08:01 532261                     /usr/lib/x86_64-linux-gnu/libXrandr.so.2.2.0
7fed2e06c000-7fed2e09d000 r-xp 00000000 08:01 533204                     /usr/lib/x86_64-linux-gnu/libpng16.so.16.34.0
7fed2e09d000-7fed2e29c000 ---p 00031000 08:01 533204                     /usr/lib/x86_64-linux-gnu/libpng16.so.16.34.0
7fed2e29c000-7fed2e29d000 r--p 00030000 08:01 533204                     /usr/lib/x86_64-linux-gnu/libpng16.so.16.34.0
7fed2e29d000-7fed2e29e000 rw-p 00031000 08:01 533204                     /usr/lib/x86_64-linux-gnu/libpng16.so.16.34.0
7fed2e29e000-7fed2e34b000 r-xp 00000000 08:01 532655                     /usr/lib/x86_64-linux-gnu/libfreetype.so.6.15.0
7fed2e34b000-7fed2e54a000 ---p 000ad000 08:01 532655                     /usr/lib/x86_64-linux-gnu/libfreetype.so.6.15.0
7fed2e54a000-7fed2e551000 r--p 000ac000 08:01 532655                     /usr/lib/x86_64-linux-gnu/libfreetype.so.6.15.0
7fed2e551000-7fed2e552000 rw-p 000b3000 08:01 532655                     /usr/lib/x86_64-linux-gnu/libfreetype.so.6.15.0
7fed2e552000-7fed2e5e7000 r-xp 00000000 08:01 525462                     /usr/lib/jvm/java-11-openjdk-amd64/lib/libfontmanager.so
7fed2e5e7000-7fed2e7e7000 ---p 00095000 08:01 525462                     /usr/lib/jvm/java-11-openjdk-amd64/lib/libfontmanager.so
7fed2e7e7000-7fed2e7e8000 r--p 00095000 08:01 525462                     /usr/lib/jvm/java-11-openjdk-amd64/lib/libfontmanager.so
7fed2e7e8000-7fed2e7e9000 rw-p 00096000 08:01 525462                     /usr/lib/jvm/java-11-openjdk-amd64/lib/libfontmanager.so
7fed2e7e9000-7fed2e9ea000 rw-p 00000000 00:00 0 
7fed2e9ea000-7fed2e9fd000 r-xp 00000000 08:01 267861                     /lib/x86_64-linux-gnu/libbsd.so.0.8.7
7fed2e9fd000-7fed2ebfc000 ---p 00013000 08:01 267861                     /lib/x86_64-linux-gnu/libbsd.so.0.8.7
7fed2ebfc000-7fed2ebfd000 r--p 00012000 08:01 267861                     /lib/x86_64-linux-gnu/libbsd.so.0.8.7
7fed2ebfd000-7fed2ebfe000 rw-p 00013000 08:01 267861                     /lib/x86_64-linux-gnu/libbsd.so.0.8.7
7fed2ebfe000-7fed2ebff000 rw-p 00000000 00:00 0 
7fed2ebff000-7fed2ec04000 r-xp 00000000 08:01 532241                     /usr/lib/x86_64-linux-gnu/libXdmcp.so.6.0.0
7fed2ec04000-7fed2ee03000 ---p 00005000 08:01 532241                     /usr/lib/x86_64-linux-gnu/libXdmcp.so.6.0.0
7fed2ee03000-7fed2ee04000 r--p 00004000 08:01 532241                     /usr/lib/x86_64-linux-gnu/libXdmcp.so.6.0.0
7fed2ee04000-7fed2ee05000 rw-p 00005000 08:01 532241                     /usr/lib/x86_64-linux-gnu/libXdmcp.so.6.0.0
7fed2ee05000-7fed2ee07000 r-xp 00000000 08:01 532230                     /usr/lib/x86_64-linux-gnu/libXau.so.6.0.0
7fed2ee07000-7fed2f007000 ---p 00002000 08:01 532230                     /usr/lib/x86_64-linux-gnu/libXau.so.6.0.0
7fed2f007000-7fed2f008000 r--p 00002000 08:01 532230                     /usr/lib/x86_64-linux-gnu/libXau.so.6.0.0
7fed2f008000-7fed2f009000 rw-p 00003000 08:01 532230                     /usr/lib/x86_64-linux-gnu/libXau.so.6.0.0
7fed2f009000-7fed2f02f000 r-xp 00000000 08:01 533567                     /usr/lib/x86_64-linux-gnu/libxcb.so.1.1.0
7fed2f02f000-7fed2f22f000 ---p 00026000 08:01 533567                     /usr/lib/x86_64-linux-gnu/libxcb.so.1.1.0
7fed2f22f000-7fed2f230000 r--p 00026000 08:01 533567                     /usr/lib/x86_64-linux-gnu/libxcb.so.1.1.0
7fed2f230000-7fed2f231000 rw-p 00027000 08:01 533567                     /usr/lib/x86_64-linux-gnu/libxcb.so.1.1.0
7fed2f231000-7fed2f240000 r-xp 00000000 08:01 532251                     /usr/lib/x86_64-linux-gnu/libXi.so.6.1.0
7fed2f240000-7fed2f43f000 ---p 0000f000 08:01 532251                     /usr/lib/x86_64-linux-gnu/libXi.so.6.1.0
7fed2f43f000-7fed2f440000 r--p 0000e000 08:01 532251                     /usr/lib/x86_64-linux-gnu/libXi.so.6.1.0
7fed2f440000-7fed2f441000 rw-p 0000f000 08:01 532251                     /usr/lib/x86_64-linux-gnu/libXi.so.6.1.0
7fed2f441000-7fed2f446000 r-xp 00000000 08:01 532269                     /usr/lib/x86_64-linux-gnu/libXtst.so.6.1.0
7fed2f446000-7fed2f645000 ---p 00005000 08:01 532269                     /usr/lib/x86_64-linux-gnu/libXtst.so.6.1.0
7fed2f645000-7fed2f646000 r--p 00004000 08:01 532269                     /usr/lib/x86_64-linux-gnu/libXtst.so.6.1.0
7fed2f646000-7fed2f647000 rw-p 00005000 08:01 532269                     /usr/lib/x86_64-linux-gnu/libXtst.so.6.1.0
7fed2f647000-7fed2f650000 r-xp 00000000 08:01 532263                     /usr/lib/x86_64-linux-gnu/libXrender.so.1.3.0
7fed2f650000-7fed2f84f000 ---p 00009000 08:01 532263                     /usr/lib/x86_64-linux-gnu/libXrender.so.1.3.0
7fed2f84f000-7fed2f850000 r--p 00008000 08:01 532263                     /usr/lib/x86_64-linux-gnu/libXrender.so.1.3.0
7fed2f850000-7fed2f851000 rw-p 00009000 08:01 532263                     /usr/lib/x86_64-linux-gnu/libXrender.so.1.3.0
7fed2f851000-7fed2f985000 r-xp 00000000 08:01 532226                     /usr/lib/x86_64-linux-gnu/libX11.so.6.3.0
7fed2f985000-7fed2fb85000 ---p 00134000 08:01 532226                     /usr/lib/x86_64-linux-gnu/libX11.so.6.3.0
7fed2fb85000-7fed2fb86000 r--p 00134000 08:01 532226                     /usr/lib/x86_64-linux-gnu/libX11.so.6.3.0
7fed2fb86000-7fed2fb8a000 rw-p 00135000 08:01 532226                     /usr/lib/x86_64-linux-gnu/libX11.so.6.3.0
7fed2fb8a000-7fed2fb9b000 r-xp 00000000 08:01 532243                     /usr/lib/x86_64-linux-gnu/libXext.so.6.4.0
7fed2fb9b000-7fed2fd9a000 ---p 00011000 08:01 532243                     /usr/lib/x86_64-linux-gnu/libXext.so.6.4.0
7fed2fd9a000-7fed2fd9b000 r--p 00010000 08:01 532243                     /usr/lib/x86_64-linux-gnu/libXext.so.6.4.0
7fed2fd9b000-7fed2fd9c000 rw-p 00011000 08:01 532243                     /usr/lib/x86_64-linux-gnu/libXext.so.6.4.0
7fed2fd9c000-7fed2fdfb000 r-xp 00000000 08:01 525459                     /usr/lib/jvm/java-11-openjdk-amd64/lib/libawt_xawt.so
7fed2fdfb000-7fed2fffa000 ---p 0005f000 08:01 525459                     /usr/lib/jvm/java-11-openjdk-amd64/lib/libawt_xawt.so
7fed2fffa000-7fed2fffb000 r--p 0005e000 08:01 525459                     /usr/lib/jvm/java-11-openjdk-amd64/lib/libawt_xawt.so
7fed2fffb000-7fed2fffe000 rw-p 0005f000 08:01 525459                     /usr/lib/jvm/java-11-openjdk-amd64/lib/libawt_xawt.so
7fed2fffe000-7fed30000000 rw-p 00000000 00:00 0 
7fed30000000-7fed30e85000 rw-p 00000000 00:00 0 
7fed30e85000-7fed34000000 ---p 00000000 00:00 0 
7fed34000000-7fed34666000 rw-p 00000000 00:00 0 
7fed34666000-7fed38000000 ---p 00000000 00:00 0 
7fed38000000-7fed38021000 rw-p 00000000 00:00 0 
7fed38021000-7fed3c000000 ---p 00000000 00:00 0 
7fed3c000000-7fed3c021000 rw-p 00000000 00:00 0 
7fed3c021000-7fed40000000 ---p 00000000 00:00 0 
7fed40000000-7fed40027000 rw-p 00000000 00:00 0 
7fed40027000-7fed44000000 ---p 00000000 00:00 0 
7fed44000000-7fed44021000 rw-p 00000000 00:00 0 
7fed44021000-7fed48000000 ---p 00000000 00:00 0 
7fed48000000-7fed483e7000 rw-p 00000000 00:00 0 
7fed483e7000-7fed4c000000 ---p 00000000 00:00 0 
7fed4c000000-7fed4c021000 rw-p 00000000 00:00 0 
7fed4c021000-7fed50000000 ---p 00000000 00:00 0 
7fed50000000-7fed50048000 rw-p 00000000 00:00 0 
7fed50048000-7fed54000000 ---p 00000000 00:00 0 
7fed54000000-7fed54021000 rw-p 00000000 00:00 0 
7fed54021000-7fed58000000 ---p 00000000 00:00 0 
7fed58000000-7fed593ac000 rw-p 00000000 00:00 0 
7fed593ac000-7fed5c000000 ---p 00000000 00:00 0 
7fed5c000000-7fed5c021000 rw-p 00000000 00:00 0 
7fed5c021000-7fed60000000 ---p 00000000 00:00 0 
7fed60000000-7fed6016b000 rw-p 00000000 00:00 0 
7fed6016b000-7fed64000000 ---p 00000000 00:00 0 
7fed64000000-7fed64003000 r-xp 00000000 00:00 0 
7fed64003000-7fed64010000 r--p 00000000 08:01 726852                     /usr/share/locale-langpack/fr/LC_MESSAGES/pulseaudio.mo
7fed64010000-7fed640b0000 r-xp 00000000 08:01 525457                     /usr/lib/jvm/java-11-openjdk-amd64/lib/libawt.so
7fed640b0000-7fed642b0000 ---p 000a0000 08:01 525457                     /usr/lib/jvm/java-11-openjdk-amd64/lib/libawt.so
7fed642b0000-7fed642b1000 r--p 000a0000 08:01 525457                     /usr/lib/jvm/java-11-openjdk-amd64/lib/libawt.so
7fed642b1000-7fed642bc000 rw-p 000a1000 08:01 525457                     /usr/lib/jvm/java-11-openjdk-amd64/lib/libawt.so
7fed642bc000-7fed642e1000 rw-p 00000000 00:00 0 
7fed642e1000-7fed642f7000 r-xp 00000000 08:01 525481                     /usr/lib/jvm/java-11-openjdk-amd64/lib/libnet.so
7fed642f7000-7fed644f7000 ---p 00016000 08:01 525481                     /usr/lib/jvm/java-11-openjdk-amd64/lib/libnet.so
7fed644f7000-7fed644f8000 r--p 00016000 08:01 525481                     /usr/lib/jvm/java-11-openjdk-amd64/lib/libnet.so
7fed644f8000-7fed644f9000 rw-p 00017000 08:01 525481                     /usr/lib/jvm/java-11-openjdk-amd64/lib/libnet.so
7fed644f9000-7fed6450a000 r-xp 00000000 08:01 525482                     /usr/lib/jvm/java-11-openjdk-amd64/lib/libnio.so
7fed6450a000-7fed64709000 ---p 00011000 08:01 525482                     /usr/lib/jvm/java-11-openjdk-amd64/lib/libnio.so
7fed64709000-7fed6470a000 r--p 00010000 08:01 525482                     /usr/lib/jvm/java-11-openjdk-amd64/lib/libnio.so
7fed6470a000-7fed6470b000 rw-p 00011000 08:01 525482                     /usr/lib/jvm/java-11-openjdk-amd64/lib/libnio.so
7fed6470b000-7fed6470f000 ---p 00000000 00:00 0 
7fed6470f000-7fed6480c000 rw-p 00000000 00:00 0 
7fed6480c000-7fed6480d000 ---p 00000000 00:00 0 
7fed6480d000-7fed6490e000 rw-p 00000000 00:00 0 
7fed6490e000-7fed64912000 ---p 00000000 00:00 0 
7fed64912000-7fed64a0f000 rw-p 00000000 00:00 0 
7fed64a0f000-7fed64a13000 ---p 00000000 00:00 0 
7fed64a13000-7fed64b10000 rw-p 00000000 00:00 0 
7fed64b10000-7fed64b14000 ---p 00000000 00:00 0 
7fed64b14000-7fed64c11000 rw-p 00000000 00:00 0 
7fed64c11000-7fed64c15000 ---p 00000000 00:00 0 
7fed64c15000-7fed64d12000 rw-p 00000000 00:00 0 
7fed64d12000-7fed64d16000 ---p 00000000 00:00 0 
7fed64d16000-7fed64e13000 rw-p 00000000 00:00 0 
7fed64e13000-7fed65226000 r--p 00000000 08:01 529823                     /usr/lib/locale/locale-archive
7fed65226000-7fed6522a000 ---p 00000000 00:00 0 
7fed6522a000-7fed67b27000 rw-p 00000000 00:00 0 
7fed67b27000-7fed67d97000 rwxp 00000000 00:00 0 
7fed67d97000-7fed680b6000 ---p 00000000 00:00 0 
7fed680b6000-7fed68666000 rwxp 00000000 00:00 0 
7fed68666000-7fed6f5ee000 ---p 00000000 00:00 0 
7fed6f5ee000-7fed6f85e000 rwxp 00000000 00:00 0 
7fed6f85e000-7fed76b27000 ---p 00000000 00:00 0 
7fed76b27000-7fed80000000 r--s 00000000 08:01 525492                     /usr/lib/jvm/java-11-openjdk-amd64/lib/modules
7fed80000000-7fed80814000 rw-p 00000000 00:00 0 
7fed80814000-7fed84000000 ---p 00000000 00:00 0 
7fed84000000-7fed84005000 r-xp 00000000 00:00 0 
7fed84005000-7fed84027000 r--p 00000000 08:01 727781                     /usr/share/locale-langpack/fr/LC_MESSAGES/glib20.mo
7fed84027000-7fed84058000 rw-p 00000000 00:00 0 
7fed84058000-7fed8405c000 ---p 00000000 00:00 0 
7fed8405c000-7fed84159000 rw-p 00000000 00:00 0 
7fed84159000-7fed8415a000 ---p 00000000 00:00 0 
7fed8415a000-7fed842d1000 rw-p 00000000 00:00 0 
7fed842d1000-7fed842d2000 ---p 00000000 00:00 0 
7fed842d2000-7fed843d3000 rw-p 00000000 00:00 0 
7fed843d3000-7fed843d4000 ---p 00000000 00:00 0 
7fed843d4000-7fed844d5000 rw-p 00000000 00:00 0 
7fed844d5000-7fed844d6000 ---p 00000000 00:00 0 
7fed844d6000-7fed847d9000 rw-p 00000000 00:00 0 
7fed847d9000-7fed847da000 ---p 00000000 00:00 0 
7fed847da000-7fed848db000 rw-p 00000000 00:00 0 
7fed848db000-7fed848dc000 ---p 00000000 00:00 0 
7fed848dc000-7fed84ac5000 rw-p 00000000 00:00 0 
7fed84ac5000-7fed855ad000 ---p 00000000 00:00 0 
7fed855ad000-7fed85695000 rw-p 00000000 00:00 0 
7fed85695000-7fed8617d000 ---p 00000000 00:00 0 
7fed8617d000-7fed8619a000 rw-p 00000000 00:00 0 
7fed8619a000-7fed862f7000 ---p 00000000 00:00 0 
7fed862f7000-7fed86314000 rw-p 00000000 00:00 0 
7fed86314000-7fed86471000 ---p 00000000 00:00 0 
7fed86471000-7fed8648e000 rw-p 00000000 00:00 0 
7fed8648e000-7fed865eb000 ---p 00000000 00:00 0 
7fed865eb000-7fed867ed000 rw-p 00000000 00:00 0 
7fed867ed000-7fed867ee000 ---p 00000000 00:00 0 
7fed867ee000-7fed868ef000 rw-p 00000000 00:00 0 
7fed868ef000-7fed868f0000 ---p 00000000 00:00 0 
7fed868f0000-7fed869f6000 rw-p 00000000 00:00 0 
7fed869f6000-7fed86adc000 ---p 00000000 00:00 0 
7fed86adc000-7fed86ae8000 rw-p 00000000 00:00 0 
7fed86ae8000-7fed86bc7000 ---p 00000000 00:00 0 
7fed86bc7000-7fed86bcc000 r-xp 00000000 08:01 525472                     /usr/lib/jvm/java-11-openjdk-amd64/lib/libjimage.so
7fed86bcc000-7fed86dcb000 ---p 00005000 08:01 525472                     /usr/lib/jvm/java-11-openjdk-amd64/lib/libjimage.so
7fed86dcb000-7fed86dcc000 r--p 00004000 08:01 525472                     /usr/lib/jvm/java-11-openjdk-amd64/lib/libjimage.so
7fed86dcc000-7fed86dcd000 rw-p 00005000 08:01 525472                     /usr/lib/jvm/java-11-openjdk-amd64/lib/libjimage.so
7fed86dcd000-7fed86dd4000 r-xp 00000000 08:01 525491                     /usr/lib/jvm/java-11-openjdk-amd64/lib/libzip.so
7fed86dd4000-7fed86fd3000 ---p 00007000 08:01 525491                     /usr/lib/jvm/java-11-openjdk-amd64/lib/libzip.so
7fed86fd3000-7fed86fd4000 r--p 00006000 08:01 525491                     /usr/lib/jvm/java-11-openjdk-amd64/lib/libzip.so
7fed86fd4000-7fed86fd5000 rw-p 00007000 08:01 525491                     /usr/lib/jvm/java-11-openjdk-amd64/lib/libzip.so
7fed86fd5000-7fed86fe0000 r-xp 00000000 08:01 267955                     /lib/x86_64-linux-gnu/libnss_files-2.27.so
7fed86fe0000-7fed871df000 ---p 0000b000 08:01 267955                     /lib/x86_64-linux-gnu/libnss_files-2.27.so
7fed871df000-7fed871e0000 r--p 0000a000 08:01 267955                     /lib/x86_64-linux-gnu/libnss_files-2.27.so
7fed871e0000-7fed871e1000 rw-p 0000b000 08:01 267955                     /lib/x86_64-linux-gnu/libnss_files-2.27.so
7fed871e1000-7fed871e7000 rw-p 00000000 00:00 0 
7fed871e7000-7fed871fe000 r-xp 00000000 08:01 267949                     /lib/x86_64-linux-gnu/libnsl-2.27.so
7fed871fe000-7fed873fd000 ---p 00017000 08:01 267949                     /lib/x86_64-linux-gnu/libnsl-2.27.so
7fed873fd000-7fed873fe000 r--p 00016000 08:01 267949                     /lib/x86_64-linux-gnu/libnsl-2.27.so
7fed873fe000-7fed873ff000 rw-p 00017000 08:01 267949                     /lib/x86_64-linux-gnu/libnsl-2.27.so
7fed873ff000-7fed87401000 rw-p 00000000 00:00 0 
7fed87401000-7fed8740c000 r-xp 00000000 08:01 267966                     /lib/x86_64-linux-gnu/libnss_nis-2.27.so
7fed8740c000-7fed8760b000 ---p 0000b000 08:01 267966                     /lib/x86_64-linux-gnu/libnss_nis-2.27.so
7fed8760b000-7fed8760c000 r--p 0000a000 08:01 267966                     /lib/x86_64-linux-gnu/libnss_nis-2.27.so
7fed8760c000-7fed8760d000 rw-p 0000b000 08:01 267966                     /lib/x86_64-linux-gnu/libnss_nis-2.27.so
7fed8760d000-7fed87615000 r-xp 00000000 08:01 267951                     /lib/x86_64-linux-gnu/libnss_compat-2.27.so
7fed87615000-7fed87815000 ---p 00008000 08:01 267951                     /lib/x86_64-linux-gnu/libnss_compat-2.27.so
7fed87815000-7fed87816000 r--p 00008000 08:01 267951                     /lib/x86_64-linux-gnu/libnss_compat-2.27.so
7fed87816000-7fed87817000 rw-p 00009000 08:01 267951                     /lib/x86_64-linux-gnu/libnss_compat-2.27.so
7fed87817000-7fed87843000 r-xp 00000000 08:01 525468                     /usr/lib/jvm/java-11-openjdk-amd64/lib/libjava.so
7fed87843000-7fed87a42000 ---p 0002c000 08:01 525468                     /usr/lib/jvm/java-11-openjdk-amd64/lib/libjava.so
7fed87a42000-7fed87a43000 r--p 0002b000 08:01 525468                     /usr/lib/jvm/java-11-openjdk-amd64/lib/libjava.so
7fed87a43000-7fed87a45000 rw-p 0002c000 08:01 525468                     /usr/lib/jvm/java-11-openjdk-amd64/lib/libjava.so
7fed87a45000-7fed87a52000 r-xp 00000000 08:01 525490                     /usr/lib/jvm/java-11-openjdk-amd64/lib/libverify.so
7fed87a52000-7fed87c51000 ---p 0000d000 08:01 525490                     /usr/lib/jvm/java-11-openjdk-amd64/lib/libverify.so
7fed87c51000-7fed87c53000 r--p 0000c000 08:01 525490                     /usr/lib/jvm/java-11-openjdk-amd64/lib/libverify.so
7fed87c53000-7fed87c54000 rw-p 0000e000 08:01 525490                     /usr/lib/jvm/java-11-openjdk-amd64/lib/libverify.so
7fed87c54000-7fed87c5b000 r-xp 00000000 08:01 268006                     /lib/x86_64-linux-gnu/librt-2.27.so
7fed87c5b000-7fed87e5a000 ---p 00007000 08:01 268006                     /lib/x86_64-linux-gnu/librt-2.27.so
7fed87e5a000-7fed87e5b000 r--p 00006000 08:01 268006                     /lib/x86_64-linux-gnu/librt-2.27.so
7fed87e5b000-7fed87e5c000 rw-p 00007000 08:01 268006                     /lib/x86_64-linux-gnu/librt-2.27.so
7fed87e5c000-7fed87e73000 r-xp 00000000 08:01 267902                     /lib/x86_64-linux-gnu/libgcc_s.so.1
7fed87e73000-7fed88072000 ---p 00017000 08:01 267902                     /lib/x86_64-linux-gnu/libgcc_s.so.1
7fed88072000-7fed88073000 r--p 00016000 08:01 267902                     /lib/x86_64-linux-gnu/libgcc_s.so.1
7fed88073000-7fed88074000 rw-p 00017000 08:01 267902                     /lib/x86_64-linux-gnu/libgcc_s.so.1
7fed88074000-7fed88211000 r-xp 00000000 08:01 267928                     /lib/x86_64-linux-gnu/libm-2.27.so
7fed88211000-7fed88410000 ---p 0019d000 08:01 267928                     /lib/x86_64-linux-gnu/libm-2.27.so
7fed88410000-7fed88411000 r--p 0019c000 08:01 267928                     /lib/x86_64-linux-gnu/libm-2.27.so
7fed88411000-7fed88412000 rw-p 0019d000 08:01 267928                     /lib/x86_64-linux-gnu/libm-2.27.so
7fed88412000-7fed88590000 r-xp 00000000 08:01 533362                     /usr/lib/x86_64-linux-gnu/libstdc++.so.6.0.25
7fed88590000-7fed88790000 ---p 0017e000 08:01 533362                     /usr/lib/x86_64-linux-gnu/libstdc++.so.6.0.25
7fed88790000-7fed8879a000 r--p 0017e000 08:01 533362                     /usr/lib/x86_64-linux-gnu/libstdc++.so.6.0.25
7fed8879a000-7fed8879c000 rw-p 00188000 08:01 533362                     /usr/lib/x86_64-linux-gnu/libstdc++.so.6.0.25
7fed8879c000-7fed887a0000 rw-p 00000000 00:00 0 
7fed887a0000-7fed8973d000 r-xp 00000000 08:01 525504                     /usr/lib/jvm/java-11-openjdk-amd64/lib/server/libjvm.so
7fed8973d000-7fed8993d000 ---p 00f9d000 08:01 525504                     /usr/lib/jvm/java-11-openjdk-amd64/lib/server/libjvm.so
7fed8993d000-7fed89a01000 r--p 00f9d000 08:01 525504                     /usr/lib/jvm/java-11-openjdk-amd64/lib/server/libjvm.so
7fed89a01000-7fed89a39000 rw-p 01061000 08:01 525504                     /usr/lib/jvm/java-11-openjdk-amd64/lib/server/libjvm.so
7fed89a39000-7fed89a82000 rw-p 00000000 00:00 0 
7fed89a82000-7fed89a9c000 r-xp 00000000 08:01 267998                     /lib/x86_64-linux-gnu/libpthread-2.27.so
7fed89a9c000-7fed89c9b000 ---p 0001a000 08:01 267998                     /lib/x86_64-linux-gnu/libpthread-2.27.so
7fed89c9b000-7fed89c9c000 r--p 00019000 08:01 267998                     /lib/x86_64-linux-gnu/libpthread-2.27.so
7fed89c9c000-7fed89c9d000 rw-p 0001a000 08:01 267998                     /lib/x86_64-linux-gnu/libpthread-2.27.so
7fed89c9d000-7fed89ca1000 rw-p 00000000 00:00 0 
7fed89ca1000-7fed89ca4000 r-xp 00000000 08:01 267888                     /lib/x86_64-linux-gnu/libdl-2.27.so
7fed89ca4000-7fed89ea3000 ---p 00003000 08:01 267888                     /lib/x86_64-linux-gnu/libdl-2.27.so
7fed89ea3000-7fed89ea4000 r--p 00002000 08:01 267888                     /lib/x86_64-linux-gnu/libdl-2.27.so
7fed89ea4000-7fed89ea5000 rw-p 00003000 08:01 267888                     /lib/x86_64-linux-gnu/libdl-2.27.so
7fed89ea5000-7fed89ec1000 r-xp 00000000 08:01 268039                     /lib/x86_64-linux-gnu/libz.so.1.2.11
7fed89ec1000-7fed8a0c0000 ---p 0001c000 08:01 268039                     /lib/x86_64-linux-gnu/libz.so.1.2.11
7fed8a0c0000-7fed8a0c1000 r--p 0001b000 08:01 268039                     /lib/x86_64-linux-gnu/libz.so.1.2.11
7fed8a0c1000-7fed8a0c2000 rw-p 0001c000 08:01 268039                     /lib/x86_64-linux-gnu/libz.so.1.2.11
7fed8a0c2000-7fed8a2a9000 r-xp 00000000 08:01 267865                     /lib/x86_64-linux-gnu/libc-2.27.so
7fed8a2a9000-7fed8a4a9000 ---p 001e7000 08:01 267865                     /lib/x86_64-linux-gnu/libc-2.27.so
7fed8a4a9000-7fed8a4ad000 r--p 001e7000 08:01 267865                     /lib/x86_64-linux-gnu/libc-2.27.so
7fed8a4ad000-7fed8a4af000 rw-p 001eb000 08:01 267865                     /lib/x86_64-linux-gnu/libc-2.27.so
7fed8a4af000-7fed8a4b3000 rw-p 00000000 00:00 0 
7fed8a4b3000-7fed8a4c2000 r-xp 00000000 08:01 525497                     /usr/lib/jvm/java-11-openjdk-amd64/lib/jli/libjli.so
7fed8a4c2000-7fed8a6c1000 ---p 0000f000 08:01 525497                     /usr/lib/jvm/java-11-openjdk-amd64/lib/jli/libjli.so
7fed8a6c1000-7fed8a6c2000 r--p 0000e000 08:01 525497                     /usr/lib/jvm/java-11-openjdk-amd64/lib/jli/libjli.so
7fed8a6c2000-7fed8a6c3000 rw-p 0000f000 08:01 525497                     /usr/lib/jvm/java-11-openjdk-amd64/lib/jli/libjli.so
7fed8a6c3000-7fed8a6ea000 r-xp 00000000 08:01 267837                     /lib/x86_64-linux-gnu/ld-2.27.so
7fed8a6ea000-7fed8a6eb000 r-xp 00000000 00:00 0 
7fed8a6eb000-7fed8a6ec000 rwxp 00000000 00:00 0 
7fed8a6ec000-7fed8a6f3000 r--s 00000000 08:01 661394                     /usr/lib/x86_64-linux-gnu/gconv/gconv-modules.cache
7fed8a6f3000-7fed8a719000 r--p 00000000 08:01 726803                     /usr/share/locale-langpack/fr/LC_MESSAGES/libc.mo
7fed8a719000-7fed8a7cc000 rw-p 00000000 00:00 0 
7fed8a7cc000-7fed8a7d0000 ---p 00000000 00:00 0 
7fed8a7d0000-7fed8a8cf000 rw-p 00000000 00:00 0 
7fed8a8cf000-7fed8a8d0000 r--p 00000000 08:01 729807                     /home/cmt/.config/dconf/user
7fed8a8d0000-7fed8a8d1000 r--s 00000000 00:2e 25                         /run/user/1000/dconf/user
7fed8a8d1000-7fed8a8d7000 rw-p 00000000 00:00 0 
7fed8a8d7000-7fed8a8de000 ---p 00000000 00:00 0 
7fed8a8de000-7fed8a8e6000 rw-s 00000000 08:01 158686                     /tmp/hsperfdata_cmt/28172
7fed8a8e6000-7fed8a8e7000 ---p 00000000 00:00 0 
7fed8a8e7000-7fed8a8e8000 r--p 00000000 00:00 0 
7fed8a8e8000-7fed8a8ea000 rw-p 00000000 00:00 0 
7fed8a8ea000-7fed8a8eb000 r--p 00027000 08:01 267837                     /lib/x86_64-linux-gnu/ld-2.27.so
7fed8a8eb000-7fed8a8ec000 rw-p 00028000 08:01 267837                     /lib/x86_64-linux-gnu/ld-2.27.so
7fed8a8ec000-7fed8a8ed000 rw-p 00000000 00:00 0 
7ffdbdc2b000-7ffdbdc4d000 rw-p 00000000 00:00 0                          [stack]
7ffdbdd9c000-7ffdbdd9f000 r--p 00000000 00:00 0                          [vvar]
7ffdbdd9f000-7ffdbdda1000 r-xp 00000000 00:00 0                          [vdso]
ffffffffff600000-ffffffffff601000 r-xp 00000000 00:00 0                  [vsyscall]


VM Arguments:
jvm_args: -Dfile.encoding=UTF-8 
java_command: princ.Principal
java_class_path (initial): /home/cmt/Documents/eclipse-workspace/Duel/bin:/home/cmt/Documents/eclipse-workspace/Duel/ressources/libs/jade/jade.jar:/home/cmt/Documents/eclipse-workspace/Duel/ressources/libs/jme/eventbus.jar:/home/cmt/Documents/eclipse-workspace/Duel/ressources/libs/jme/gluegen-rt.jar:/home/cmt/Documents/eclipse-workspace/Duel/ressources/libs/jme/j-ogg-oggd.jar:/home/cmt/Documents/eclipse-workspace/Duel/ressources/libs/jme/j-ogg-vorbisd.jar:/home/cmt/Documents/eclipse-workspace/Duel/ressources/libs/jme/jbullet.jar:/home/cmt/Documents/eclipse-workspace/Duel/ressources/libs/jme/jglfont-core.jar:/home/cmt/Documents/eclipse-workspace/Duel/ressources/libs/jme/jinput.jar:/home/cmt/Documents/eclipse-workspace/Duel/ressources/libs/jme/jME3-blender.jar:/home/cmt/Documents/eclipse-workspace/Duel/ressources/libs/jme/jME3-core.jar:/home/cmt/Documents/eclipse-workspace/Duel/ressources/libs/jme/jME3-desktop.jar:/home/cmt/Documents/eclipse-workspace/Duel/ressources/libs/jme/jME3-effects.jar:/home/cmt/Documents/eclipse-workspace/Duel/ressources/libs/jme/jME3-jbullet.jar:/home/cmt/Documents/eclipse-workspace/Duel/ressources/libs/jme/jME3-jogg.jar:/home/cmt/Documents/eclipse-workspace/Duel/ressources/libs/jme/jME3-lwjgl-natives.jar:/home/cmt/Documents/eclipse-workspace/Duel/ressources/libs/jme/jME3-lwjgl.jar:/home/cmt/Documents/eclipse-workspace/Duel/ressources/libs/jme/jME3-networking.jar:/home/cmt/Documents/eclipse-workspace/Duel/ressources/libs/jme/jME3-niftygui.jar:/home/cmt/Documents/eclipse-workspace/Duel/ressources/libs/jme/jME3-plugins.jar:/home/cmt/Documents/eclipse-workspace/Duel/ressources/libs/jme/jME3-terrain.jar:/home/cmt/Documents/eclipse-workspace/Duel/ressources/libs/jme/jME3-testdata.jar:/home/cmt/Documents/eclipse-workspace/Duel/ressources/libs/jme/joal.jar:/home/cmt/Documents/eclipse-workspace/Duel/ressources/libs/jme/jogl-all.jar:/home/cmt/Documents/eclipse-workspace/Duel/ressources/libs/jme/lwjgl.jar:/home/cmt/Documents/eclipse-workspace/Duel/re
Launcher Type: SUN_STANDARD

Logging:
Log output configuration:
#0: stdout all=warning uptime,level,tags
#1: stderr all=off uptime,level,tags

Environment Variables:
CLASSPATH=/usr/lib/swi-prolog/lib/jpl.jar:.
PATH=/usr/local/sbin:/usr/local/bin:/usr/sbin:/usr/bin:/sbin:/bin:/usr/games:/usr/local/games
LD_LIBRARY_PATH=/usr/lib/swi-prolog/lib/amd64
SHELL=/bin/bash
DISPLAY=:0.0

Signal Handlers:
SIGSEGV: [libjvm.so+0xd28a90], sa_mask[0]=11111111011111111101111111111110, sa_flags=SA_RESTART|SA_SIGINFO
SIGBUS: [libjvm.so+0xd28a90], sa_mask[0]=11111111011111111101111111111110, sa_flags=SA_RESTART|SA_SIGINFO
SIGFPE: [libjvm.so+0xd28a90], sa_mask[0]=11111111011111111101111111111110, sa_flags=SA_RESTART|SA_SIGINFO
SIGPIPE: SIG_IGN, sa_mask[0]=00000000000010000000000000000000, sa_flags=SA_RESTART
SIGXFSZ: [libjvm.so+0xb2a110], sa_mask[0]=11111111011111111101111111111110, sa_flags=SA_RESTART|SA_SIGINFO
SIGILL: [libjvm.so+0xd28a90], sa_mask[0]=11111111011111111101111111111110, sa_flags=SA_RESTART|SA_SIGINFO
SIGUSR2: [libswipl.so.7.6+0x925a0], sa_mask[0]=00000000000000000000000000000000, sa_flags=none
SIGHUP: [libjvm.so+0xb2a0a0], sa_mask[0]=11111111011111111101111111111110, sa_flags=SA_RESTART|SA_SIGINFO
SIGINT: [libjvm.so+0xb2a0a0], sa_mask[0]=11111111011111111101111111111110, sa_flags=SA_RESTART|SA_SIGINFO
SIGTERM: [libjvm.so+0xb2a0a0], sa_mask[0]=11111111011111111101111111111110, sa_flags=SA_RESTART|SA_SIGINFO
SIGQUIT: [libjvm.so+0xb2a0a0], sa_mask[0]=11111111011111111101111111111110, sa_flags=SA_RESTART|SA_SIGINFO


---------------  S Y S T E M  ---------------

OS:DISTRIB_ID=LinuxMint
DISTRIB_RELEASE=19
DISTRIB_CODENAME=tara
DISTRIB_DESCRIPTION="Linux Mint 19 Tara"
uname:Linux 4.15.0-20-generic #21-Ubuntu SMP Tue Apr 24 06:16:15 UTC 2018 x86_64
libc:glibc 2.27 NPTL 2.27 
rlimit: STACK 8192k, CORE 0k, NPROC 11847, NOFILE 1048576, AS infinity, DATA infinity, FSIZE infinity
load average:17,85 6,47 2,98

/proc/meminfo:
MemTotal:        3095852 kB
MemFree:          786740 kB
MemAvailable:    1496120 kB
Buffers:           93392 kB
Cached:           783484 kB
SwapCached:            0 kB
Active:          1705712 kB
Inactive:         443272 kB
Active(anon):    1272844 kB
Inactive(anon):    69912 kB
Active(file):     432868 kB
Inactive(file):   373360 kB
Unevictable:          96 kB
Mlocked:              96 kB
SwapTotal:        719644 kB
SwapFree:         719644 kB
Dirty:             13540 kB
Writeback:             0 kB
AnonPages:       1272224 kB
Mapped:           219140 kB
Shmem:             70652 kB
Slab:             101704 kB
SReclaimable:      77640 kB
SUnreclaim:        24064 kB
KernelStack:        6464 kB
PageTables:        26740 kB
NFS_Unstable:          0 kB
Bounce:                0 kB
WritebackTmp:          0 kB
CommitLimit:     2267568 kB
Committed_AS:    3049472 kB
VmallocTotal:   34359738367 kB
VmallocUsed:           0 kB
VmallocChunk:          0 kB
HardwareCorrupted:     0 kB
AnonHugePages:         0 kB
ShmemHugePages:        0 kB
ShmemPmdMapped:        0 kB
CmaTotal:              0 kB
CmaFree:               0 kB
HugePages_Total:       0
HugePages_Free:        0
HugePages_Rsvd:        0
HugePages_Surp:        0
Hugepagesize:       2048 kB
DirectMap4k:       94144 kB
DirectMap2M:     3076096 kB

container (cgroup) information:
container_type: cgroupv1
cpu_cpuset_cpus: 0-1
cpu_memory_nodes: 0
active_processor_count: 2
cpu_quota: -1
cpu_period: 100000
cpu_shares: -1
memory_limit_in_bytes: -1
memory_and_swap_limit_in_bytes: -2
memory_soft_limit_in_bytes: -1
memory_usage_in_bytes: 2200924160
memory_max_usage_in_bytes: 0


CPU:total 2 (initial active 2) (2 cores per cpu, 1 threads per core) family 6 model 158 stepping 9, cmov, cx8, fxsr, mmx, sse, sse2, sse3, ssse3, sse4.1, sse4.2, popcnt, avx, avx2, aes, clmul, 3dnowpref, lzcnt, tsc, tscinvbit
CPU Model and flags from /proc/cpuinfo:
model name	: Intel(R) Core(TM) i7-7700HQ CPU @ 2.80GHz
flags		: fpu vme de pse tsc msr pae mce cx8 apic sep mtrr pge mca cmov pat pse36 clflush mmx fxsr sse sse2 ht syscall nx rdtscp lm constant_tsc rep_good nopl xtopology nonstop_tsc cpuid pni pclmulqdq ssse3 cx16 pcid sse4_1 sse4_2 x2apic movbe popcnt aes xsave avx rdrand hypervisor lahf_lm abm 3dnowprefetch invpcid_single pti fsgsbase avx2 invpcid rdseed clflushopt

Memory: 4k page, physical 3095852k(786740k free), swap 719644k(719644k free)

vm_info: OpenJDK 64-Bit Server VM (10.0.1+10-Ubuntu-3ubuntu1) for linux-amd64 JRE (10.0.1+10-Ubuntu-3ubuntu1), built on Apr 21 2018 13:41:27 by "buildd" with gcc 7.3.0

END.
