#
# A fatal error has been detected by the Java Runtime Environment:
#
#  SIGSEGV (0xb) at pc=0x00007ff8e9d270c3, pid=28065, tid=28118
#
# JRE version: OpenJDK Runtime Environment (10.0.1+10) (build 10.0.1+10-Ubuntu-3ubuntu1)
# Java VM: OpenJDK 64-Bit Server VM (10.0.1+10-Ubuntu-3ubuntu1, mixed mode, tiered, compressed oops, g1 gc, linux-amd64)
# Problematic frame:
# V  [libjvm.so+0x84d0c3]
#
# Core dump will be written. Default location: Core dumps may be processed with "/usr/share/apport/apport %p %s %c %d %P" (or dumping to /home/cmt/Documents/eclipse-workspace/Duel/core.28065)
#
# If you would like to submit a bug report, please visit:
#   http://bugreport.java.com/bugreport/crash.jsp
#

---------------  S U M M A R Y ------------

Command Line: -Dfile.encoding=UTF-8 princ.Principal

Host: Intel(R) Core(TM) i7-7700HQ CPU @ 2.80GHz, 2 cores, 2G, Linux Mint 19 Tara
Time: Mon Dec  2 12:16:55 2019 CET elapsed time: 12 seconds (0d 0h 0m 12s)

---------------  T H R E A D  ---------------

Current thread (0x00007ff8e456f800):  JavaThread "Player1" [_thread_in_vm, id=28118, stack(0x00007ff87a979000,0x00007ff87aa7a000)]

Stack: [0x00007ff87a979000,0x00007ff87aa7a000],  sp=0x00007ff87aa77db0,  free space=1019k
Native frames: (J=compiled Java code, A=aot compiled Java code, j=interpreted, Vv=VM code, C=native code)
V  [libjvm.so+0x84d0c3]
C  [libjpl.so+0x5910]

Java frames: (J=compiled Java code, j=interpreted, Vv=VM code)
j  org.jpl7.fli.Prolog.next_solution(Lorg/jpl7/fli/qid_t;)Z+0
j  org.jpl7.Query.get1()Z+4
j  org.jpl7.Query.hasMoreSolutions()Z+12
j  org.jpl7.Query.oneSolution()Ljava/util/Map;+18
j  org.jpl7.Query.hasSolution()Z+1
j  org.jpl7.Query.hasSolution(Ljava/lang/String;)Z+8
j  sma.actionsBehaviours.PrologBehavior.onTick()V+351
j  jade.core.behaviours.TickerBehaviour.action()V+33
j  jade.core.behaviours.Behaviour.actionWrapper()V+36
j  jade.core.Agent$ActiveLifeCycle.execute()V+17
j  jade.core.Agent.run()V+21
j  java.lang.Thread.run()V+11 java.base@10.0.1
v  ~StubRoutines::call_stub

siginfo: si_signo: 11 (SIGSEGV), si_code: 1 (SEGV_MAPERR), si_addr: 0x0000000000000000

Register to memory mapping:

RAX=0x0000000000000000 is an unknown value
RBX=0x00007ff8c40097d0 is an unknown value
RCX=0x0000000000000000 is an unknown value
RDX=0x00007ff8e996c8c0: <offset 0x00000000004928c0> in /usr/lib/jvm/java-11-openjdk-amd64/lib/server/libjvm.so at 0x00007ff8e94da000
RSP=0x00007ff87aa77db0 is pointing into the stack for thread: 0x00007ff8e456f800
RBP=0x00007ff87aa77dd0 is pointing into the stack for thread: 0x00007ff8e456f800
RSI=0x00007ff8c40097d0 is an unknown value
RDI=0x00007ff8e456f800 is a thread
R8 =0x0000000000000000 is an unknown value
R9 =0x00007ff8ea75aa80: <offset 0x0000000001280a80> in /usr/lib/jvm/java-11-openjdk-amd64/lib/server/libjvm.so at 0x00007ff8e94da000
R10=0x0000000000000000 is an unknown value
R11=0x00007ff8650d95d0: PL_get_atom_chars+0x0000000000000000 in /usr/lib/libswipl.so.7.6 at 0x00007ff8650af000
R12=0x0000000000000000 is an unknown value
R13=0x0000000000000090 is an unknown value
R14=0x00007ff8653fe300: <offset 0x000000000034f300> in /usr/lib/libswipl.so.7.6 at 0x00007ff8650af000
R15=0x0000000000000000 is an unknown value


Registers:
RAX=0x0000000000000000, RBX=0x00007ff8c40097d0, RCX=0x0000000000000000, RDX=0x00007ff8e996c8c0
RSP=0x00007ff87aa77db0, RBP=0x00007ff87aa77dd0, RSI=0x00007ff8c40097d0, RDI=0x00007ff8e456f800
R8 =0x0000000000000000, R9 =0x00007ff8ea75aa80, R10=0x0000000000000000, R11=0x00007ff8650d95d0
R12=0x0000000000000000, R13=0x0000000000000090, R14=0x00007ff8653fe300, R15=0x0000000000000000
RIP=0x00007ff8e9d270c3, EFLAGS=0x0000000000010246, CSGSFS=0x002b000000000033, ERR=0x0000000000000004
  TRAPNO=0x000000000000000e

Top of Stack: (sp=0x00007ff87aa77db0)
0x00007ff87aa77db0:   00007ff8e42a61b0 00007ff8e456f800
0x00007ff87aa77dc0:   00007ff8c40097d0 0000000000000090
0x00007ff87aa77dd0:   00007ff8e456fa00 00007ff865405910
0x00007ff87aa77de0:   0000000000000000 0000000000000000 

Instructions: (pc=0x00007ff8e9d270c3)
0x00007ff8e9d270a3:   83 f8 01 76 07 e8 c3 01 47 00 31 ff 48 89 7d e8
0x00007ff8e9d270b3:   e8 f8 d8 ff ff 48 85 db 74 7b 41 f6 c4 01 75 65
0x00007ff8e9d270c3:   49 8b 3c 24 e8 94 3f ff ff 48 85 c0 49 89 c4 74
0x00007ff8e9d270d3:   3b f6 c3 01 0f 85 83 00 00 00 48 8b 03 48 8d 15 


---------------  P R O C E S S  ---------------

Threads class SMR info:
_java_thread_list=0x00007ff8b402e7f0, length=31, elements={
0x00007ff8e40ec800, 0x00007ff8e40ee800, 0x00007ff8e4102000, 0x00007ff8e4104000,
0x00007ff8e4106000, 0x00007ff8e4108000, 0x00007ff8e4168800, 0x00007ff8e4126800,
0x00007ff8e444b800, 0x00007ff8e444d000, 0x00007ff8a8168000, 0x00007ff8a8250800,
0x00007ff8e449f800, 0x00007ff8e44b6000, 0x00007ff8bc035000, 0x00007ff8e44c3000,
0x00007ff8e44c4800, 0x00007ff8e44cf000, 0x00007ff8e44f0000, 0x00007ff8e44f1000,
0x00007ff8e44fb800, 0x00007ff8e44fc000, 0x00007ff8e44fd800, 0x00007ff8e4454800,
0x00007ff8e42a4800, 0x00007ff8e42a2000, 0x00007ff8e451e000, 0x00007ff8e456f800,
0x00007ff8e4570800, 0x00007ff8e4012800, 0x00007ff8bc49b000
}

Java Threads: ( => current thread )
  0x00007ff8e40ec800 JavaThread "Reference Handler" daemon [_thread_blocked, id=28080, stack(0x00007ff8c8069000,0x00007ff8c816a000)]
  0x00007ff8e40ee800 JavaThread "Finalizer" daemon [_thread_blocked, id=28081, stack(0x00007ff8b9eff000,0x00007ff8ba000000)]
  0x00007ff8e4102000 JavaThread "Signal Dispatcher" daemon [_thread_blocked, id=28082, stack(0x00007ff8b99eb000,0x00007ff8b9aec000)]
  0x00007ff8e4104000 JavaThread "C2 CompilerThread0" daemon [_thread_in_native, id=28083, stack(0x00007ff8b98ea000,0x00007ff8b99eb000)]
  0x00007ff8e4106000 JavaThread "C1 CompilerThread1" daemon [_thread_in_vm, id=28084, stack(0x00007ff8b97e9000,0x00007ff8b98ea000)]
  0x00007ff8e4108000 JavaThread "Sweeper thread" daemon [_thread_blocked, id=28085, stack(0x00007ff8b96e8000,0x00007ff8b97e9000)]
  0x00007ff8e4168800 JavaThread "Service Thread" daemon [_thread_blocked, id=28086, stack(0x00007ff8b95e7000,0x00007ff8b96e8000)]
  0x00007ff8e4126800 JavaThread "Common-Cleaner" daemon [_thread_blocked, id=28088, stack(0x00007ff8b93e4000,0x00007ff8b94e5000)]
  0x00007ff8e444b800 JavaThread "Java2D Disposer" daemon [_thread_blocked, id=28092, stack(0x00007ff88c203000,0x00007ff88c304000)]
  0x00007ff8e444d000 JavaThread "AWT-XAWT" daemon [_thread_in_native, id=28093, stack(0x00007ff88c102000,0x00007ff88c203000)]
  0x00007ff8a8168000 JavaThread "Timer-0" daemon [_thread_blocked, id=28096, stack(0x00007ff8861f8000,0x00007ff8862f9000)]
  0x00007ff8a8250800 JavaThread "TimerQueue" daemon [_thread_blocked, id=28098, stack(0x00007ff8856f6000,0x00007ff8857f7000)]
  0x00007ff8e449f800 JavaThread "LWJGL Renderer Thread" [_thread_in_vm, id=28099, stack(0x00007ff8853f5000,0x00007ff8854f6000)]
  0x00007ff8e44b6000 JavaThread "JADE Timer dispatcher" [_thread_blocked, id=28100, stack(0x00007ff884c81000,0x00007ff884d82000)]
  0x00007ff8bc035000 JavaThread "process reaper" daemon [_thread_blocked, id=28102, stack(0x00007ff8b809d000,0x00007ff8b80bf000)]
  0x00007ff8e44c3000 JavaThread "JICPServer-8888" daemon [_thread_in_native, id=28103, stack(0x00007ff88400b000,0x00007ff88410c000)]
  0x00007ff8e44c4800 JavaThread "Thread-4" [_thread_blocked, id=28105, stack(0x00007ff883f0a000,0x00007ff88400b000)]
  0x00007ff8e44cf000 JavaThread "Thread-5" [_thread_in_native, id=28106, stack(0x00007ff883e09000,0x00007ff883f0a000)]
  0x00007ff8e44f0000 JavaThread "Deliverer-00" [_thread_blocked, id=28109, stack(0x00007ff87b280000,0x00007ff87b381000)]
  0x00007ff8e44f1000 JavaThread "Deliverer-01" [_thread_blocked, id=28110, stack(0x00007ff87b17f000,0x00007ff87b280000)]
  0x00007ff8e44fb800 JavaThread "Deliverer-02" [_thread_blocked, id=28111, stack(0x00007ff87b07e000,0x00007ff87b17f000)]
  0x00007ff8e44fc000 JavaThread "Deliverer-03" [_thread_blocked, id=28112, stack(0x00007ff87af7d000,0x00007ff87b07e000)]
  0x00007ff8e44fd800 JavaThread "Deliverer-04" [_thread_blocked, id=28113, stack(0x00007ff87ae7c000,0x00007ff87af7d000)]
  0x00007ff8e4454800 JavaThread "Thread-11" [_thread_in_native, id=28114, stack(0x00007ff88c001000,0x00007ff88c102000)]
  0x00007ff8e42a4800 JavaThread "ams" [_thread_blocked, id=28115, stack(0x00007ff8866fc000,0x00007ff8867fd000)]
  0x00007ff8e42a2000 JavaThread "df" [_thread_blocked, id=28116, stack(0x00007ff87ad7b000,0x00007ff87ae7c000)]
  0x00007ff8e451e000 JavaThread "Container-1-failure-monitor" [_thread_blocked, id=28117, stack(0x00007ff87aa7a000,0x00007ff87ab7b000)]
=>0x00007ff8e456f800 JavaThread "Player1" [_thread_in_vm, id=28118, stack(0x00007ff87a979000,0x00007ff87aa7a000)]
  0x00007ff8e4570800 JavaThread "Dummy" [_thread_in_vm, id=28119, stack(0x00007ff87a878000,0x00007ff87a979000)]
  0x00007ff8e4012800 JavaThread "DestroyJavaVM" [_thread_blocked, id=28067, stack(0x00007ff8eb506000,0x00007ff8eb607000)]
  0x00007ff8bc49b000 JavaThread "jME3 Audio Thread" daemon [_thread_blocked, id=28120, stack(0x00007ff87a777000,0x00007ff87a878000)]

Other Threads:
  0x00007ff8e40e3000 VMThread "VM Thread" [stack: 0x00007ff8c816c000,0x00007ff8c826c000] [id=28079]
  0x00007ff8e416a800 WatcherThread [stack: 0x00007ff8b94e7000,0x00007ff8b95e7000] [id=28087]
  0x00007ff8e4028800 GCTaskThread "GC Thread#0" [stack: 0x00007ff8cb102000,0x00007ff8cb202000] [id=28068]
  0x00007ff8e402a000 GCTaskThread "GC Thread#1" [stack: 0x00007ff8cb000000,0x00007ff8cb100000] [id=28069]
  0x00007ff8e4056800 ConcurrentGCThread "G1 Main Marker" [stack: 0x00007ff8c90ee000,0x00007ff8c91ee000] [id=28070]
  0x00007ff8e4058000 ConcurrentGCThread "G1 Conc#0" [stack: 0x00007ff8c8fec000,0x00007ff8c90ec000] [id=28071]
  0x00007ff8e4080000 ConcurrentGCThread "G1 Refine#0" [stack: 0x00007ff8c8ce8000,0x00007ff8c8de8000] [id=28072]
  0x00007ff8e4081800 ConcurrentGCThread "G1 Refine#1" [stack: 0x00007ff8c8be6000,0x00007ff8c8ce6000] [id=28073]
  0x00007ff8e4083000 ConcurrentGCThread "G1 Young RemSet Sampling" [stack: 0x00007ff8c8ae4000,0x00007ff8c8be4000] [id=28074]

Threads with active compile tasks:
C2 CompilerThread02997       4       com.jme3.material.Material::render (327 bytes)

VM state:not at safepoint (normal execution)

VM Mutex/Monitor currently owned by a thread: None

Heap address: 0x00000000d0c00000, size: 756 MB, Compressed Oops mode: 32-bit
Narrow klass base: 0x0000000000000000, Narrow klass shift: 3
Compressed class space size: 1073741824 Address: 0x0000000100000000

Heap:
 garbage-first heap   total 59392K, used 37716K [0x00000000d0c00000, 0x0000000100000000)
  region size 1024K, 20 young (20480K), 1 survivors (1024K)
 Metaspace       used 33920K, capacity 34556K, committed 35072K, reserved 1081344K
  class space    used 3429K, capacity 3757K, committed 3840K, reserved 1048576K
Heap Regions: E=young(eden), S=young(survivor), O=old, HS=humongous(starts), HC=humongous(continues), CS=collection set, F=free, A=archive, TS=gc time stamp, AC=allocation context, TAMS=top-at-mark-start (previous, next)
|   0|0x00000000d0c00000, 0x00000000d0d00000, 0x00000000d0d00000|100%| O|  |TS  0|AC  0|TAMS 0x00000000d0d00000, 0x00000000d0d00000|
|   1|0x00000000d0d00000, 0x00000000d0e00000, 0x00000000d0e00000|100%| O|  |TS  0|AC  0|TAMS 0x00000000d0e00000, 0x00000000d0e00000|
|   2|0x00000000d0e00000, 0x00000000d0f00000, 0x00000000d0f00000|100%| O|  |TS  1|AC  0|TAMS 0x00000000d0e83000, 0x00000000d0e83000|
|   3|0x00000000d0f00000, 0x00000000d1000000, 0x00000000d1000000|100%|HS|  |TS  0|AC  0|TAMS 0x00000000d1000000, 0x00000000d1000000|
|   4|0x00000000d1000000, 0x00000000d1100000, 0x00000000d1100000|100%|HC|  |TS  0|AC  0|TAMS 0x00000000d1100000, 0x00000000d1100000|
|   5|0x00000000d1100000, 0x00000000d1200000, 0x00000000d1200000|100%| O|  |TS  1|AC  0|TAMS 0x00000000d1100000, 0x00000000d1100000|
|   6|0x00000000d1200000, 0x00000000d1300000, 0x00000000d1300000|100%| O|  |TS  2|AC  0|TAMS 0x00000000d1200000, 0x00000000d1200000|
|   7|0x00000000d1300000, 0x00000000d1400000, 0x00000000d1400000|100%| O|  |TS  2|AC  0|TAMS 0x00000000d1300000, 0x00000000d1300000|
|   8|0x00000000d1400000, 0x00000000d14d5200, 0x00000000d1500000| 83%| O|  |TS  2|AC  0|TAMS 0x00000000d1400000, 0x00000000d1400000|
|   9|0x00000000d1500000, 0x00000000d1600000, 0x00000000d1600000|100%|HS|  |TS  0|AC  0|TAMS 0x00000000d1500000, 0x00000000d1500000|
|  10|0x00000000d1600000, 0x00000000d1700000, 0x00000000d1700000|100%|HC|  |TS  0|AC  0|TAMS 0x00000000d1600000, 0x00000000d1600000|
|  11|0x00000000d1700000, 0x00000000d1800000, 0x00000000d1800000|100%|HC|  |TS  0|AC  0|TAMS 0x00000000d1700000, 0x00000000d1700000|
|  12|0x00000000d1800000, 0x00000000d1900000, 0x00000000d1900000|100%|HC|  |TS  0|AC  0|TAMS 0x00000000d1800000, 0x00000000d1800000|
|  13|0x00000000d1900000, 0x00000000d1a00000, 0x00000000d1a00000|100%|HS|  |TS  0|AC  0|TAMS 0x00000000d1900000, 0x00000000d1900000|
|  14|0x00000000d1a00000, 0x00000000d1b00000, 0x00000000d1b00000|100%|HC|  |TS  0|AC  0|TAMS 0x00000000d1a00000, 0x00000000d1a00000|
|  15|0x00000000d1b00000, 0x00000000d1c00000, 0x00000000d1c00000|100%|HC|  |TS  0|AC  0|TAMS 0x00000000d1b00000, 0x00000000d1b00000|
|  16|0x00000000d1c00000, 0x00000000d1d00000, 0x00000000d1d00000|100%|HC|  |TS  0|AC  0|TAMS 0x00000000d1c00000, 0x00000000d1c00000|
|  17|0x00000000d1d00000, 0x00000000d1e00000, 0x00000000d1e00000|100%|HS|  |TS  0|AC  0|TAMS 0x00000000d1d00000, 0x00000000d1d00000|
|  18|0x00000000d1e00000, 0x00000000d1e00000, 0x00000000d1f00000|  0%| F|  |TS  0|AC  0|TAMS 0x00000000d1e00000, 0x00000000d1e00000|
|  19|0x00000000d1f00000, 0x00000000d1f00000, 0x00000000d2000000|  0%| F|  |TS  0|AC  0|TAMS 0x00000000d1f00000, 0x00000000d1f00000|
|  20|0x00000000d2000000, 0x00000000d2000000, 0x00000000d2100000|  0%| F|  |TS  0|AC  0|TAMS 0x00000000d2000000, 0x00000000d2000000|
|  21|0x00000000d2100000, 0x00000000d2100000, 0x00000000d2200000|  0%| F|  |TS  0|AC  0|TAMS 0x00000000d2100000, 0x00000000d2100000|
|  22|0x00000000d2200000, 0x00000000d2200000, 0x00000000d2300000|  0%| F|  |TS  0|AC  0|TAMS 0x00000000d2200000, 0x00000000d2200000|
|  23|0x00000000d2300000, 0x00000000d2300000, 0x00000000d2400000|  0%| F|  |TS  0|AC  0|TAMS 0x00000000d2300000, 0x00000000d2300000|
|  24|0x00000000d2400000, 0x00000000d2400000, 0x00000000d2500000|  0%| F|  |TS  0|AC  0|TAMS 0x00000000d2400000, 0x00000000d2400000|
|  25|0x00000000d2500000, 0x00000000d2500000, 0x00000000d2600000|  0%| F|  |TS  0|AC  0|TAMS 0x00000000d2500000, 0x00000000d2500000|
|  26|0x00000000d2600000, 0x00000000d2600000, 0x00000000d2700000|  0%| F|  |TS  0|AC  0|TAMS 0x00000000d2600000, 0x00000000d2600000|
|  27|0x00000000d2700000, 0x00000000d2700000, 0x00000000d2800000|  0%| F|  |TS  0|AC  0|TAMS 0x00000000d2700000, 0x00000000d2700000|
|  28|0x00000000d2800000, 0x00000000d2800000, 0x00000000d2900000|  0%| F|  |TS  0|AC  0|TAMS 0x00000000d2800000, 0x00000000d2800000|
|  29|0x00000000d2900000, 0x00000000d2900000, 0x00000000d2a00000|  0%| F|  |TS  0|AC  0|TAMS 0x00000000d2900000, 0x00000000d2900000|
|  30|0x00000000d2a00000, 0x00000000d2a00000, 0x00000000d2b00000|  0%| F|  |TS  2|AC  0|TAMS 0x00000000d2a00000, 0x00000000d2a00000|
|  31|0x00000000d2b00000, 0x00000000d2b00000, 0x00000000d2c00000|  0%| F|  |TS  2|AC  0|TAMS 0x00000000d2b00000, 0x00000000d2b00000|
|  32|0x00000000d2c00000, 0x00000000d2d00000, 0x00000000d2d00000|100%| S|CS|TS  2|AC  0|TAMS 0x00000000d2c00000, 0x00000000d2c00000|
|  33|0x00000000d2d00000, 0x00000000d2d00000, 0x00000000d2e00000|  0%| F|  |TS  2|AC  0|TAMS 0x00000000d2d00000, 0x00000000d2d00000|
|  34|0x00000000d2e00000, 0x00000000d2e00000, 0x00000000d2f00000|  0%| F|  |TS  2|AC  0|TAMS 0x00000000d2e00000, 0x00000000d2e00000|
|  35|0x00000000d2f00000, 0x00000000d2f00000, 0x00000000d3000000|  0%| F|  |TS  2|AC  0|TAMS 0x00000000d2f00000, 0x00000000d2f00000|
|  36|0x00000000d3000000, 0x00000000d3000000, 0x00000000d3100000|  0%| F|  |TS  2|AC  0|TAMS 0x00000000d3000000, 0x00000000d3000000|
|  37|0x00000000d3100000, 0x00000000d3100000, 0x00000000d3200000|  0%| F|  |TS  2|AC  0|TAMS 0x00000000d3100000, 0x00000000d3100000|
|  38|0x00000000d3200000, 0x00000000d3200000, 0x00000000d3300000|  0%| F|  |TS  2|AC  0|TAMS 0x00000000d3200000, 0x00000000d3200000|
|  39|0x00000000d3300000, 0x00000000d3300800, 0x00000000d3400000|  0%| E|  |TS  2|AC  0|TAMS 0x00000000d3300000, 0x00000000d3300000|
|  40|0x00000000d3400000, 0x00000000d3500000, 0x00000000d3500000|100%| E|CS|TS  2|AC  0|TAMS 0x00000000d3400000, 0x00000000d3400000|
|  41|0x00000000d3500000, 0x00000000d3600000, 0x00000000d3600000|100%| E|CS|TS  2|AC  0|TAMS 0x00000000d3500000, 0x00000000d3500000|
|  42|0x00000000d3600000, 0x00000000d3700000, 0x00000000d3700000|100%| E|CS|TS  2|AC  0|TAMS 0x00000000d3600000, 0x00000000d3600000|
|  43|0x00000000d3700000, 0x00000000d3800000, 0x00000000d3800000|100%| E|CS|TS  2|AC  0|TAMS 0x00000000d3700000, 0x00000000d3700000|
|  44|0x00000000d3800000, 0x00000000d3900000, 0x00000000d3900000|100%| E|CS|TS  2|AC  0|TAMS 0x00000000d3800000, 0x00000000d3800000|
|  45|0x00000000d3900000, 0x00000000d3a00000, 0x00000000d3a00000|100%| E|CS|TS  2|AC  0|TAMS 0x00000000d3900000, 0x00000000d3900000|
|  46|0x00000000d3a00000, 0x00000000d3b00000, 0x00000000d3b00000|100%| E|CS|TS  2|AC  0|TAMS 0x00000000d3a00000, 0x00000000d3a00000|
|  47|0x00000000d3b00000, 0x00000000d3c00000, 0x00000000d3c00000|100%| E|CS|TS  2|AC  0|TAMS 0x00000000d3b00000, 0x00000000d3b00000|
|  48|0x00000000d3c00000, 0x00000000d3d00000, 0x00000000d3d00000|100%| E|CS|TS  2|AC  0|TAMS 0x00000000d3c00000, 0x00000000d3c00000|
|  49|0x00000000d3d00000, 0x00000000d3e00000, 0x00000000d3e00000|100%| E|CS|TS  2|AC  0|TAMS 0x00000000d3d00000, 0x00000000d3d00000|
|  50|0x00000000d3e00000, 0x00000000d3f00000, 0x00000000d3f00000|100%| E|CS|TS  2|AC  0|TAMS 0x00000000d3e00000, 0x00000000d3e00000|
|  51|0x00000000d3f00000, 0x00000000d4000000, 0x00000000d4000000|100%| E|CS|TS  2|AC  0|TAMS 0x00000000d3f00000, 0x00000000d3f00000|
|  52|0x00000000d4000000, 0x00000000d4100000, 0x00000000d4100000|100%| E|CS|TS  2|AC  0|TAMS 0x00000000d4000000, 0x00000000d4000000|
|  53|0x00000000d4100000, 0x00000000d4200000, 0x00000000d4200000|100%| E|CS|TS  2|AC  0|TAMS 0x00000000d4100000, 0x00000000d4100000|
|  54|0x00000000d4200000, 0x00000000d4300000, 0x00000000d4300000|100%| E|CS|TS  2|AC  0|TAMS 0x00000000d4200000, 0x00000000d4200000|
|  55|0x00000000d4300000, 0x00000000d4400000, 0x00000000d4400000|100%| E|CS|TS  2|AC  0|TAMS 0x00000000d4300000, 0x00000000d4300000|
|  56|0x00000000d4400000, 0x00000000d4500000, 0x00000000d4500000|100%| E|CS|TS  2|AC  0|TAMS 0x00000000d4400000, 0x00000000d4400000|
|  57|0x00000000d4500000, 0x00000000d4600000, 0x00000000d4600000|100%| E|CS|TS  2|AC  0|TAMS 0x00000000d4500000, 0x00000000d4500000|

Card table byte_map: [0x00007ff8cab08000,0x00007ff8cac82000] byte_map_base: 0x00007ff8ca482000

Marking Bits (Prev, Next): (CMBitMap*) 0x00007ff8e4055958, (CMBitMap*) 0x00007ff8e4055920
 Prev Bits: [0x00007ff8c91ee000, 0x00007ff8c9dbe000)
 Next Bits: [0x00007ff8c9dbe000, 0x00007ff8ca98e000)

Polling page: 0x00007ff8eb620000

CodeHeap 'non-profiled nmethods': size=120036Kb used=1290Kb max_used=1290Kb free=118745Kb
 bounds [0x00007ff8d2db4000, 0x00007ff8d3024000, 0x00007ff8da2ed000]
CodeHeap 'profiled nmethods': size=120032Kb used=5661Kb max_used=5661Kb free=114370Kb
 bounds [0x00007ff8cb87c000, 0x00007ff8cbe0c000, 0x00007ff8d2db4000]
CodeHeap 'non-nmethods': size=5692Kb used=1379Kb max_used=1413Kb free=4312Kb
 bounds [0x00007ff8cb2ed000, 0x00007ff8cb55d000, 0x00007ff8cb87c000]
 total_blobs=4469 nmethods=2941 adapters=792
 compilation: enabled

Compilation events (10 events):
Event: 11,966 Thread 0x00007ff8e4106000 nmethod 2992 0x00007ff8cbdff710 code [0x00007ff8cbdff8c0, 0x00007ff8cbdffa50]
Event: 11,966 Thread 0x00007ff8e4106000 2993       3       java.util.Collections::binarySearch (43 bytes)
Event: 11,966 Thread 0x00007ff8e4106000 nmethod 2993 0x00007ff8cbdffb10 code [0x00007ff8cbdffd40, 0x00007ff8cbe004b8]
Event: 11,966 Thread 0x00007ff8e4106000 2994       3       java.util.Collections::indexedBinarySearch (85 bytes)
Event: 11,967 Thread 0x00007ff8e4106000 nmethod 2994 0x00007ff8cbe00690 code [0x00007ff8cbe00880, 0x00007ff8cbe00da8]
Event: 12,052 Thread 0x00007ff8e4106000 2996       3       com.bulletphysics.util.ObjectArrayList::remove (74 bytes)
Event: 12,052 Thread 0x00007ff8e4106000 nmethod 2996 0x00007ff8cbe00f10 code [0x00007ff8cbe01100, 0x00007ff8cbe01638]
Event: 12,052 Thread 0x00007ff8e4106000 2995       3       com.bulletphysics.linearmath.VectorUtil::setCoord (61 bytes)
Event: 12,053 Thread 0x00007ff8e4106000 nmethod 2995 0x00007ff8cbe01810 code [0x00007ff8cbe019e0, 0x00007ff8cbe01c68]
Event: 12,054 Thread 0x00007ff8e4104000 2997       4       com.jme3.material.Material::render (327 bytes)

GC Heap History (10 events):
Event: 0,642 GC heap before
{Heap before GC invocations=0 (full 0):
 garbage-first heap   total 49152K, used 7168K [0x00000000d0c00000, 0x0000000100000000)
  region size 1024K, 7 young (7168K), 0 survivors (0K)
 Metaspace       used 8370K, capacity 8480K, committed 8576K, reserved 1056768K
  class space    used 735K, capacity 812K, committed 896K, reserved 1048576K
}
Event: 0,653 GC heap after
{Heap after GC invocations=1 (full 0):
 garbage-first heap   total 49152K, used 2503K [0x00000000d0c00000, 0x0000000100000000)
  region size 1024K, 1 young (1024K), 1 survivors (1024K)
 Metaspace       used 8370K, capacity 8480K, committed 8576K, reserved 1056768K
  class space    used 735K, capacity 812K, committed 896K, reserved 1048576K
}
Event: 0,975 GC heap before
{Heap before GC invocations=1 (full 0):
 garbage-first heap   total 49152K, used 5575K [0x00000000d0c00000, 0x0000000100000000)
  region size 1024K, 4 young (4096K), 1 survivors (1024K)
 Metaspace       used 11985K, capacity 12282K, committed 12544K, reserved 1060864K
  class space    used 1141K, capacity 1265K, committed 1280K, reserved 1048576K
}
Event: 0,979 GC heap after
{Heap after GC invocations=2 (full 0):
 garbage-first heap   total 49152K, used 3135K [0x00000000d0c00000, 0x0000000100000000)
  region size 1024K, 1 young (1024K), 1 survivors (1024K)
 Metaspace       used 11985K, capacity 12282K, committed 12544K, reserved 1060864K
  class space    used 1141K, capacity 1265K, committed 1280K, reserved 1048576K
}
Event: 1,865 GC heap before
{Heap before GC invocations=2 (full 0):
 garbage-first heap   total 49152K, used 14399K [0x00000000d0c00000, 0x0000000100000000)
  region size 1024K, 11 young (11264K), 1 survivors (1024K)
 Metaspace       used 20589K, capacity 21068K, committed 21296K, reserved 1069056K
  class space    used 2199K, capacity 2467K, committed 2560K, reserved 1048576K
}
Event: 1,871 GC heap after
{Heap after GC invocations=3 (full 0):
 garbage-first heap   total 49152K, used 6668K [0x00000000d0c00000, 0x0000000100000000)
  region size 1024K, 2 young (2048K), 2 survivors (2048K)
 Metaspace       used 20589K, capacity 21068K, committed 21296K, reserved 1069056K
  class space    used 2199K, capacity 2467K, committed 2560K, reserved 1048576K
}
Event: 5,114 GC heap before
{Heap before GC invocations=4 (full 0):
 garbage-first heap   total 49152K, used 21004K [0x00000000d0c00000, 0x0000000100000000)
  region size 1024K, 16 young (16384K), 2 survivors (2048K)
 Metaspace       used 27472K, capacity 28068K, committed 28544K, reserved 1075200K
  class space    used 2839K, capacity 3136K, committed 3200K, reserved 1048576K
}
Event: 5,148 GC heap after
{Heap after GC invocations=5 (full 0):
 garbage-first heap   total 49152K, used 9061K [0x00000000d0c00000, 0x0000000100000000)
  region size 1024K, 2 young (2048K), 2 survivors (2048K)
 Metaspace       used 27472K, capacity 28068K, committed 28544K, reserved 1075200K
  class space    used 2839K, capacity 3136K, committed 3200K, reserved 1048576K
}
Event: 6,033 GC heap before
{Heap before GC invocations=5 (full 0):
 garbage-first heap   total 49152K, used 24421K [0x00000000d0c00000, 0x0000000100000000)
  region size 1024K, 17 young (17408K), 2 survivors (2048K)
 Metaspace       used 32196K, capacity 32828K, committed 33152K, reserved 1079296K
  class space    used 3313K, capacity 3629K, committed 3712K, reserved 1048576K
}
Event: 6,044 GC heap after
{Heap after GC invocations=6 (full 0):
 garbage-first heap   total 59392K, used 10068K [0x00000000d0c00000, 0x0000000100000000)
  region size 1024K, 1 young (1024K), 1 survivors (1024K)
 Metaspace       used 32196K, capacity 32828K, committed 33152K, reserved 1079296K
  class space    used 3313K, capacity 3629K, committed 3712K, reserved 1048576K
}

Deoptimization events (10 events):
Event: 10,362 Thread 0x00007ff8e449f800 Uncommon trap: reason=array_check action=maybe_recompile pc=0x00007ff8d2ecf7ac method=com.jme3.util.SortUtil.merge([Ljava/lang/Object;[Ljava/lang/Object;IIILjava/util/Comparator;)V @ 137 c2
Event: 10,362 Thread 0x00007ff8e449f800 Uncommon trap: reason=array_check action=maybe_recompile pc=0x00007ff8d2ecf3d8 method=com.jme3.util.SortUtil.merge([Ljava/lang/Object;[Ljava/lang/Object;IIILjava/util/Comparator;)V @ 137 c2
Event: 10,439 Thread 0x00007ff8e449f800 Uncommon trap: reason=array_check action=maybe_recompile pc=0x00007ff8d2ed51f0 method=com.jme3.util.SortUtil.merge([Ljava/lang/Object;[Ljava/lang/Object;IIILjava/util/Comparator;)V @ 137 c2
Event: 10,683 Thread 0x00007ff8e4570800 Uncommon trap: reason=unstable_if action=reinterpret pc=0x00007ff8d2eada7c method=com.jme3.scene.Spatial.checkDoTransformUpdate()V @ 6 c2
Event: 10,686 Thread 0x00007ff8e4570800 Uncommon trap: reason=unstable_if action=reinterpret pc=0x00007ff8d2eb4f78 method=com.jme3.util.SafeArrayList.getArray()[Ljava/lang/Object; @ 4 c2
Event: 10,711 Thread 0x00007ff8e449f800 Uncommon trap: reason=unstable_if action=reinterpret pc=0x00007ff8d2ed7664 method=com.jme3.util.SafeArrayList.getArray()[Ljava/lang/Object; @ 4 c2
Event: 10,729 Thread 0x00007ff8e449f800 Uncommon trap: reason=null_check action=make_not_entrant pc=0x00007ff8d2eb75f4 method=com.jme3.shader.Shader.getUniform(Ljava/lang/String;)Lcom/jme3/shader/Uniform; @ 8 c2
Event: 10,729 Thread 0x00007ff8e449f800 Uncommon trap: reason=unstable_if action=reinterpret pc=0x00007ff8d2eae644 method=com.jme3.shader.Uniform.setValue(Lcom/jme3/shader/VarType;Ljava/lang/Object;)V @ 13 c2
Event: 10,732 Thread 0x00007ff8e449f800 Uncommon trap: reason=null_check action=make_not_entrant pc=0x00007ff8d2eb3af0 method=com.jme3.shader.Shader.getAttribute(Lcom/jme3/scene/VertexBuffer$Type;)Lcom/jme3/shader/Attribute; @ 13 c2
Event: 11,751 Thread 0x00007ff8e4570800 Uncommon trap: reason=unstable_if action=reinterpret pc=0x00007ff8d2e84264 method=com.jme3.math.Vector3f.cross(FFFLcom/jme3/math/Vector3f;)Lcom/jme3/math/Vector3f; @ 2 c2

Classes redefined (0 events):
No events

Internal exceptions (10 events):
Event: 5,717 Thread 0x00007ff8bc49b000 Exception <a 'java/security/PrivilegedActionException'{0x00000000d3135b28}> (0x00000000d3135b28) thrown at [/build/openjdk-lts-tXWsoM/openjdk-lts-10.0.1+10/src/hotspot/share/prims/jvm.cpp, line 1345]
Event: 5,717 Thread 0x00007ff8bc49b000 Exception <a 'java/security/PrivilegedActionException'{0x00000000d3137400}> (0x00000000d3137400) thrown at [/build/openjdk-lts-tXWsoM/openjdk-lts-10.0.1+10/src/hotspot/share/prims/jvm.cpp, line 1345]
Event: 5,717 Thread 0x00007ff8bc49b000 Exception <a 'java/security/PrivilegedActionException'{0x00000000d3137fc0}> (0x00000000d3137fc0) thrown at [/build/openjdk-lts-tXWsoM/openjdk-lts-10.0.1+10/src/hotspot/share/prims/jvm.cpp, line 1345]
Event: 5,718 Thread 0x00007ff8bc49b000 Exception <a 'java/security/PrivilegedActionException'{0x00000000d3138b40}> (0x00000000d3138b40) thrown at [/build/openjdk-lts-tXWsoM/openjdk-lts-10.0.1+10/src/hotspot/share/prims/jvm.cpp, line 1345]
Event: 5,718 Thread 0x00007ff8bc49b000 Exception <a 'java/security/PrivilegedActionException'{0x00000000d313a430}> (0x00000000d313a430) thrown at [/build/openjdk-lts-tXWsoM/openjdk-lts-10.0.1+10/src/hotspot/share/prims/jvm.cpp, line 1345]
Event: 5,718 Thread 0x00007ff8bc49b000 Exception <a 'java/security/PrivilegedActionException'{0x00000000d313aff0}> (0x00000000d313aff0) thrown at [/build/openjdk-lts-tXWsoM/openjdk-lts-10.0.1+10/src/hotspot/share/prims/jvm.cpp, line 1345]
Event: 5,718 Thread 0x00007ff8bc49b000 Exception <a 'java/security/PrivilegedActionException'{0x00000000d313bb70}> (0x00000000d313bb70) thrown at [/build/openjdk-lts-tXWsoM/openjdk-lts-10.0.1+10/src/hotspot/share/prims/jvm.cpp, line 1345]
Event: 6,752 Thread 0x00007ff8e449f800 Implicit null exception at 0x00007ff8d2e3d61e to 0x00007ff8d2e40802
Event: 10,710 Thread 0x00007ff8e449f800 Implicit null exception at 0x00007ff8d2ed6fbb to 0x00007ff8d2ed763c
Event: 10,729 Thread 0x00007ff8e449f800 Implicit null exception at 0x00007ff8d2eb732f to 0x00007ff8d2eb75e1

Events (10 events):
Event: 11,855 loading class com/jme3/collision/bih/BIHTree
Event: 11,855 loading class com/jme3/collision/bih/BIHTree done
Event: 11,856 loading class com/jme3/collision/bih/TriangleAxisComparator
Event: 11,856 loading class com/jme3/collision/bih/TriangleAxisComparator done
Event: 11,856 loading class com/jme3/collision/bih/BIHNode
Event: 11,856 loading class com/jme3/collision/bih/BIHNode done
Event: 11,857 loading class sma/InterestPoint
Event: 11,857 loading class sma/InterestPoint done
Event: 11,858 loading class jdk/internal/math/FDBigInteger
Event: 11,858 loading class jdk/internal/math/FDBigInteger done


Dynamic libraries:
d0c00000-d4600000 rw-p 00000000 00:00 0 
d4600000-100000000 ---p 00000000 00:00 0 
100000000-1003c0000 rw-p 00000000 00:00 0 
1003c0000-140000000 ---p 00000000 00:00 0 
55db0db88000-55db0db89000 r-xp 00000000 08:01 525078                     /usr/lib/jvm/java-11-openjdk-amd64/bin/java
55db0dd89000-55db0dd8a000 r--p 00001000 08:01 525078                     /usr/lib/jvm/java-11-openjdk-amd64/bin/java
55db0dd8a000-55db0dd8b000 rw-p 00002000 08:01 525078                     /usr/lib/jvm/java-11-openjdk-amd64/bin/java
55db0f3cd000-55db0f559000 rw-p 00000000 00:00 0                          [heap]
7ff864e2e000-7ff864ead000 r-xp 00000000 08:01 532751                     /usr/lib/x86_64-linux-gnu/libgmp.so.10.3.2
7ff864ead000-7ff8650ad000 ---p 0007f000 08:01 532751                     /usr/lib/x86_64-linux-gnu/libgmp.so.10.3.2
7ff8650ad000-7ff8650ae000 r--p 0007f000 08:01 532751                     /usr/lib/x86_64-linux-gnu/libgmp.so.10.3.2
7ff8650ae000-7ff8650af000 rw-p 00080000 08:01 532751                     /usr/lib/x86_64-linux-gnu/libgmp.so.10.3.2
7ff8650af000-7ff8651e5000 r-xp 00000000 08:01 429136                     /usr/lib/libswipl.so.7.6.4
7ff8651e5000-7ff8653e4000 ---p 00136000 08:01 429136                     /usr/lib/libswipl.so.7.6.4
7ff8653e4000-7ff8653f7000 r--p 00135000 08:01 429136                     /usr/lib/libswipl.so.7.6.4
7ff8653f7000-7ff8653fa000 rw-p 00148000 08:01 429136                     /usr/lib/libswipl.so.7.6.4
7ff8653fa000-7ff865400000 rw-p 00000000 00:00 0 
7ff865400000-7ff86540f000 r-xp 00000000 08:01 158236                     /usr/lib/swi-prolog/lib/amd64/libjpl.so
7ff86540f000-7ff86560e000 ---p 0000f000 08:01 158236                     /usr/lib/swi-prolog/lib/amd64/libjpl.so
7ff86560e000-7ff86560f000 r--p 0000e000 08:01 158236                     /usr/lib/swi-prolog/lib/amd64/libjpl.so
7ff86560f000-7ff865610000 rw-p 0000f000 08:01 158236                     /usr/lib/swi-prolog/lib/amd64/libjpl.so
7ff865610000-7ff865690000 rw-p 00000000 00:00 0 
7ff865690000-7ff865810000 ---p 00000000 00:00 0 
7ff865810000-7ff865d66000 rw-p 00000000 00:00 0 
7ff865d66000-7ff866766000 rwxp 00000000 00:00 0 
7ff866766000-7ff866fbd000 rw-p 00000000 00:00 0 
7ff866fbd000-7ff867024000 r-xp 00000000 08:01 532982                     /usr/lib/x86_64-linux-gnu/libjpeg.so.8.1.2
7ff867024000-7ff867223000 ---p 00067000 08:01 532982                     /usr/lib/x86_64-linux-gnu/libjpeg.so.8.1.2
7ff867223000-7ff867224000 r--p 00066000 08:01 532982                     /usr/lib/x86_64-linux-gnu/libjpeg.so.8.1.2
7ff867224000-7ff867225000 rw-p 00067000 08:01 532982                     /usr/lib/x86_64-linux-gnu/libjpeg.so.8.1.2
7ff867225000-7ff86722f000 r-xp 00000000 08:01 525469                     /usr/lib/jvm/java-11-openjdk-amd64/lib/libjavajpeg.so
7ff86722f000-7ff86742f000 ---p 0000a000 08:01 525469                     /usr/lib/jvm/java-11-openjdk-amd64/lib/libjavajpeg.so
7ff86742f000-7ff867430000 r--p 0000a000 08:01 525469                     /usr/lib/jvm/java-11-openjdk-amd64/lib/libjavajpeg.so
7ff867430000-7ff867431000 rw-p 0000b000 08:01 525469                     /usr/lib/jvm/java-11-openjdk-amd64/lib/libjavajpeg.so
7ff867431000-7ff867932000 rw-p 00000000 00:00 0 
7ff867932000-7ff867933000 ---p 00000000 00:00 0 
7ff867933000-7ff867a33000 rw-p 00000000 00:00 0 
7ff867a33000-7ff86ba33000 rw-s 00000000 00:05 59896                      /memfd:pulseaudio (deleted)
7ff86ba33000-7ff86fa33000 rw-s 00000000 00:05 22473                      /memfd:pulseaudio (deleted)
7ff86fa33000-7ff873a33000 rw-s 00000000 00:05 59893                      /memfd:pulseaudio (deleted)
7ff873a33000-7ff877a33000 rw-s 00000000 00:05 59893                      /memfd:pulseaudio (deleted)
7ff877a33000-7ff877a34000 ---p 00000000 00:00 0 
7ff877a34000-7ff878234000 rw-p 00000000 00:00 0 
7ff878234000-7ff878248000 r-xp 00000000 08:01 267906                     /lib/x86_64-linux-gnu/libgpg-error.so.0.22.0
7ff878248000-7ff878447000 ---p 00014000 08:01 267906                     /lib/x86_64-linux-gnu/libgpg-error.so.0.22.0
7ff878447000-7ff878448000 r--p 00013000 08:01 267906                     /lib/x86_64-linux-gnu/libgpg-error.so.0.22.0
7ff878448000-7ff878449000 rw-p 00014000 08:01 267906                     /lib/x86_64-linux-gnu/libgpg-error.so.0.22.0
7ff878449000-7ff8784d6000 r-xp 00000000 08:01 533472                     /usr/lib/x86_64-linux-gnu/libvorbisenc.so.2.0.11
7ff8784d6000-7ff8786d5000 ---p 0008d000 08:01 533472                     /usr/lib/x86_64-linux-gnu/libvorbisenc.so.2.0.11
7ff8786d5000-7ff8786f1000 r--p 0008c000 08:01 533472                     /usr/lib/x86_64-linux-gnu/libvorbisenc.so.2.0.11
7ff8786f1000-7ff8786f2000 rw-p 000a8000 08:01 533472                     /usr/lib/x86_64-linux-gnu/libvorbisenc.so.2.0.11
7ff8786f2000-7ff87871c000 r-xp 00000000 08:01 533470                     /usr/lib/x86_64-linux-gnu/libvorbis.so.0.4.8
7ff87871c000-7ff87891b000 ---p 0002a000 08:01 533470                     /usr/lib/x86_64-linux-gnu/libvorbis.so.0.4.8
7ff87891b000-7ff87891c000 r--p 00029000 08:01 533470                     /usr/lib/x86_64-linux-gnu/libvorbis.so.0.4.8
7ff87891c000-7ff87891d000 rw-p 0002a000 08:01 533470                     /usr/lib/x86_64-linux-gnu/libvorbis.so.0.4.8
7ff87891d000-7ff878924000 r-xp 00000000 08:01 533129                     /usr/lib/x86_64-linux-gnu/libogg.so.0.8.2
7ff878924000-7ff878b24000 ---p 00007000 08:01 533129                     /usr/lib/x86_64-linux-gnu/libogg.so.0.8.2
7ff878b24000-7ff878b25000 r--p 00007000 08:01 533129                     /usr/lib/x86_64-linux-gnu/libogg.so.0.8.2
7ff878b25000-7ff878b26000 rw-p 00008000 08:01 533129                     /usr/lib/x86_64-linux-gnu/libogg.so.0.8.2
7ff878b26000-7ff878b9b000 r-xp 00000000 08:01 532150                     /usr/lib/x86_64-linux-gnu/libFLAC.so.8.3.0
7ff878b9b000-7ff878d9b000 ---p 00075000 08:01 532150                     /usr/lib/x86_64-linux-gnu/libFLAC.so.8.3.0
7ff878d9b000-7ff878d9c000 r--p 00075000 08:01 532150                     /usr/lib/x86_64-linux-gnu/libFLAC.so.8.3.0
7ff878d9c000-7ff878d9d000 rw-p 00076000 08:01 532150                     /usr/lib/x86_64-linux-gnu/libFLAC.so.8.3.0
7ff878d9d000-7ff878eb1000 r-xp 00000000 08:01 267904                     /lib/x86_64-linux-gnu/libgcrypt.so.20.2.1
7ff878eb1000-7ff8790b0000 ---p 00114000 08:01 267904                     /lib/x86_64-linux-gnu/libgcrypt.so.20.2.1
7ff8790b0000-7ff8790b2000 r--p 00113000 08:01 267904                     /lib/x86_64-linux-gnu/libgcrypt.so.20.2.1
7ff8790b2000-7ff8790b7000 rw-p 00115000 08:01 267904                     /lib/x86_64-linux-gnu/libgcrypt.so.20.2.1
7ff8790b7000-7ff8790b8000 rw-p 00000000 00:00 0 
7ff8790b8000-7ff8790d3000 r-xp 00000000 08:01 533028                     /usr/lib/x86_64-linux-gnu/liblz4.so.1.7.1
7ff8790d3000-7ff8792d2000 ---p 0001b000 08:01 533028                     /usr/lib/x86_64-linux-gnu/liblz4.so.1.7.1
7ff8792d2000-7ff8792d3000 r--p 0001a000 08:01 533028                     /usr/lib/x86_64-linux-gnu/liblz4.so.1.7.1
7ff8792d3000-7ff8792d4000 rw-p 0001b000 08:01 533028                     /usr/lib/x86_64-linux-gnu/liblz4.so.1.7.1
7ff8792d4000-7ff8792f8000 r-xp 00000000 08:01 267925                     /lib/x86_64-linux-gnu/liblzma.so.5.2.2
7ff8792f8000-7ff8794f8000 ---p 00024000 08:01 267925                     /lib/x86_64-linux-gnu/liblzma.so.5.2.2
7ff8794f8000-7ff8794f9000 r--p 00024000 08:01 267925                     /lib/x86_64-linux-gnu/liblzma.so.5.2.2
7ff8794f9000-7ff8794fa000 rw-p 00025000 08:01 267925                     /lib/x86_64-linux-gnu/liblzma.so.5.2.2
7ff8794fa000-7ff8794ff000 r-xp 00000000 08:01 532318                     /usr/lib/x86_64-linux-gnu/libasyncns.so.0.3.1
7ff8794ff000-7ff8796fe000 ---p 00005000 08:01 532318                     /usr/lib/x86_64-linux-gnu/libasyncns.so.0.3.1
7ff8796fe000-7ff8796ff000 r--p 00004000 08:01 532318                     /usr/lib/x86_64-linux-gnu/libasyncns.so.0.3.1
7ff8796ff000-7ff879700000 rw-p 00005000 08:01 532318                     /usr/lib/x86_64-linux-gnu/libasyncns.so.0.3.1
7ff879700000-7ff879774000 r-xp 00000000 08:01 533331                     /usr/lib/x86_64-linux-gnu/libsndfile.so.1.0.28
7ff879774000-7ff879973000 ---p 00074000 08:01 533331                     /usr/lib/x86_64-linux-gnu/libsndfile.so.1.0.28
7ff879973000-7ff879976000 r--p 00073000 08:01 533331                     /usr/lib/x86_64-linux-gnu/libsndfile.so.1.0.28
7ff879976000-7ff879977000 rw-p 00076000 08:01 533331                     /usr/lib/x86_64-linux-gnu/libsndfile.so.1.0.28
7ff879977000-7ff879979000 rw-p 00000000 00:00 0 
7ff879979000-7ff879981000 r-xp 00000000 08:01 268037                     /lib/x86_64-linux-gnu/libwrap.so.0.7.6
7ff879981000-7ff879b81000 ---p 00008000 08:01 268037                     /lib/x86_64-linux-gnu/libwrap.so.0.7.6
7ff879b81000-7ff879b82000 r--p 00008000 08:01 268037                     /lib/x86_64-linux-gnu/libwrap.so.0.7.6
7ff879b82000-7ff879b83000 rw-p 00009000 08:01 268037                     /lib/x86_64-linux-gnu/libwrap.so.0.7.6
7ff879b83000-7ff879c03000 r-xp 00000000 08:01 268019                     /lib/x86_64-linux-gnu/libsystemd.so.0.21.0
7ff879c03000-7ff879e02000 ---p 00080000 08:01 268019                     /lib/x86_64-linux-gnu/libsystemd.so.0.21.0
7ff879e02000-7ff879e05000 r--p 0007f000 08:01 268019                     /lib/x86_64-linux-gnu/libsystemd.so.0.21.0
7ff879e05000-7ff879e06000 rw-p 00082000 08:01 268019                     /lib/x86_64-linux-gnu/libsystemd.so.0.21.0
7ff879e06000-7ff879e07000 rw-p 00000000 00:00 0 
7ff879e07000-7ff879e52000 r-xp 00000000 08:01 267880                     /lib/x86_64-linux-gnu/libdbus-1.so.3.19.4
7ff879e52000-7ff87a052000 ---p 0004b000 08:01 267880                     /lib/x86_64-linux-gnu/libdbus-1.so.3.19.4
7ff87a052000-7ff87a053000 r--p 0004b000 08:01 267880                     /lib/x86_64-linux-gnu/libdbus-1.so.3.19.4
7ff87a053000-7ff87a054000 rw-p 0004c000 08:01 267880                     /lib/x86_64-linux-gnu/libdbus-1.so.3.19.4
7ff87a054000-7ff87a0d0000 r-xp 00000000 08:01 663146                     /usr/lib/x86_64-linux-gnu/pulseaudio/libpulsecommon-11.1.so
7ff87a0d0000-7ff87a2cf000 ---p 0007c000 08:01 663146                     /usr/lib/x86_64-linux-gnu/pulseaudio/libpulsecommon-11.1.so
7ff87a2cf000-7ff87a2d1000 r--p 0007b000 08:01 663146                     /usr/lib/x86_64-linux-gnu/pulseaudio/libpulsecommon-11.1.so
7ff87a2d1000-7ff87a2d2000 rw-p 0007d000 08:01 663146                     /usr/lib/x86_64-linux-gnu/pulseaudio/libpulsecommon-11.1.so
7ff87a2d2000-7ff87a320000 r-xp 00000000 08:01 533230                     /usr/lib/x86_64-linux-gnu/libpulse.so.0.20.2
7ff87a320000-7ff87a51f000 ---p 0004e000 08:01 533230                     /usr/lib/x86_64-linux-gnu/libpulse.so.0.20.2
7ff87a51f000-7ff87a521000 r--p 0004d000 08:01 533230                     /usr/lib/x86_64-linux-gnu/libpulse.so.0.20.2
7ff87a521000-7ff87a522000 rw-p 0004f000 08:01 533230                     /usr/lib/x86_64-linux-gnu/libpulse.so.0.20.2
7ff87a522000-7ff87a574000 r-xp 00000000 08:01 927362                     /home/cmt/Documents/eclipse-workspace/Duel/libopenal64.so
7ff87a574000-7ff87a773000 ---p 00052000 08:01 927362                     /home/cmt/Documents/eclipse-workspace/Duel/libopenal64.so
7ff87a773000-7ff87a775000 r--p 00051000 08:01 927362                     /home/cmt/Documents/eclipse-workspace/Duel/libopenal64.so
7ff87a775000-7ff87a776000 rw-p 00053000 08:01 927362                     /home/cmt/Documents/eclipse-workspace/Duel/libopenal64.so
7ff87a776000-7ff87a777000 rw-p 00000000 00:00 0 
7ff87a777000-7ff87a77b000 ---p 00000000 00:00 0 
7ff87a77b000-7ff87a878000 rw-p 00000000 00:00 0 
7ff87a878000-7ff87a87c000 ---p 00000000 00:00 0 
7ff87a87c000-7ff87a979000 rw-p 00000000 00:00 0 
7ff87a979000-7ff87a97d000 ---p 00000000 00:00 0 
7ff87a97d000-7ff87aa7a000 rw-p 00000000 00:00 0 
7ff87aa7a000-7ff87aa7e000 ---p 00000000 00:00 0 
7ff87aa7e000-7ff87ad7b000 rw-p 00000000 00:00 0 
7ff87ad7b000-7ff87ad7f000 ---p 00000000 00:00 0 
7ff87ad7f000-7ff87ae7c000 rw-p 00000000 00:00 0 
7ff87ae7c000-7ff87ae80000 ---p 00000000 00:00 0 
7ff87ae80000-7ff87af7d000 rw-p 00000000 00:00 0 
7ff87af7d000-7ff87af81000 ---p 00000000 00:00 0 
7ff87af81000-7ff87b07e000 rw-p 00000000 00:00 0 
7ff87b07e000-7ff87b082000 ---p 00000000 00:00 0 
7ff87b082000-7ff87b17f000 rw-p 00000000 00:00 0 
7ff87b17f000-7ff87b183000 ---p 00000000 00:00 0 
7ff87b183000-7ff87b280000 rw-p 00000000 00:00 0 
7ff87b280000-7ff87b284000 ---p 00000000 00:00 0 
7ff87b284000-7ff87b581000 rw-p 00000000 00:00 0 
7ff87b581000-7ff87bcc7000 rw-p 00000000 00:00 0 
7ff87bcc7000-7ff87bcc8000 ---p 00000000 00:00 0 
7ff87bcc8000-7ff87c4c8000 rw-p 00000000 00:00 0 
7ff87c4c8000-7ff87c4c9000 ---p 00000000 00:00 0 
7ff87c4c9000-7ff87ccc9000 rw-p 00000000 00:00 0 
7ff87ccc9000-7ff87ccee000 r-xp 00000000 08:01 267937                     /lib/x86_64-linux-gnu/libtinfo.so.5.9
7ff87ccee000-7ff87ceee000 ---p 00025000 08:01 267937                     /lib/x86_64-linux-gnu/libtinfo.so.5.9
7ff87ceee000-7ff87cef2000 r--p 00025000 08:01 267937                     /lib/x86_64-linux-gnu/libtinfo.so.5.9
7ff87cef2000-7ff87cef3000 rw-p 00029000 08:01 267937                     /lib/x86_64-linux-gnu/libtinfo.so.5.9
7ff87cef3000-7ff87cf24000 r-xp 00000000 08:01 532580                     /usr/lib/x86_64-linux-gnu/libedit.so.2.0.56
7ff87cf24000-7ff87d123000 ---p 00031000 08:01 532580                     /usr/lib/x86_64-linux-gnu/libedit.so.2.0.56
7ff87d123000-7ff87d125000 r--p 00030000 08:01 532580                     /usr/lib/x86_64-linux-gnu/libedit.so.2.0.56
7ff87d125000-7ff87d126000 rw-p 00032000 08:01 532580                     /usr/lib/x86_64-linux-gnu/libedit.so.2.0.56
7ff87d126000-7ff87d12a000 rw-p 00000000 00:00 0 
7ff87d12a000-7ff8807ec000 r-xp 00000000 08:01 532187                     /usr/lib/x86_64-linux-gnu/libLLVM-6.0.so.1
7ff8807ec000-7ff8807ed000 ---p 036c2000 08:01 532187                     /usr/lib/x86_64-linux-gnu/libLLVM-6.0.so.1
7ff8807ed000-7ff880b5d000 r--p 036c2000 08:01 532187                     /usr/lib/x86_64-linux-gnu/libLLVM-6.0.so.1
7ff880b5d000-7ff880b6b000 rw-p 03a32000 08:01 532187                     /usr/lib/x86_64-linux-gnu/libLLVM-6.0.so.1
7ff880b6b000-7ff880bc6000 rw-p 00000000 00:00 0 
7ff880bc6000-7ff880bdf000 r-xp 00000000 08:01 532585                     /usr/lib/x86_64-linux-gnu/libelf-0.170.so
7ff880bdf000-7ff880dde000 ---p 00019000 08:01 532585                     /usr/lib/x86_64-linux-gnu/libelf-0.170.so
7ff880dde000-7ff880ddf000 r--p 00018000 08:01 532585                     /usr/lib/x86_64-linux-gnu/libelf-0.170.so
7ff880ddf000-7ff880de0000 rw-p 00019000 08:01 532585                     /usr/lib/x86_64-linux-gnu/libelf-0.170.so
7ff880de0000-7ff880de9000 r-xp 00000000 08:01 532552                     /usr/lib/x86_64-linux-gnu/libdrm_amdgpu.so.1.0.0
7ff880de9000-7ff880fe8000 ---p 00009000 08:01 532552                     /usr/lib/x86_64-linux-gnu/libdrm_amdgpu.so.1.0.0
7ff880fe8000-7ff880fe9000 r--p 00008000 08:01 532552                     /usr/lib/x86_64-linux-gnu/libdrm_amdgpu.so.1.0.0
7ff880fe9000-7ff880fea000 rw-p 00009000 08:01 532552                     /usr/lib/x86_64-linux-gnu/libdrm_amdgpu.so.1.0.0
7ff880fea000-7ff880ff5000 r-xp 00000000 08:01 532558                     /usr/lib/x86_64-linux-gnu/libdrm_radeon.so.1.0.1
7ff880ff5000-7ff8811f4000 ---p 0000b000 08:01 532558                     /usr/lib/x86_64-linux-gnu/libdrm_radeon.so.1.0.1
7ff8811f4000-7ff8811f5000 r--p 0000a000 08:01 532558                     /usr/lib/x86_64-linux-gnu/libdrm_radeon.so.1.0.1
7ff8811f5000-7ff8811f6000 rw-p 0000b000 08:01 532558                     /usr/lib/x86_64-linux-gnu/libdrm_radeon.so.1.0.1
7ff8811f6000-7ff8811fd000 r-xp 00000000 08:01 532556                     /usr/lib/x86_64-linux-gnu/libdrm_nouveau.so.2.0.0
7ff8811fd000-7ff8813fc000 ---p 00007000 08:01 532556                     /usr/lib/x86_64-linux-gnu/libdrm_nouveau.so.2.0.0
7ff8813fc000-7ff8813fd000 r--p 00006000 08:01 532556                     /usr/lib/x86_64-linux-gnu/libdrm_nouveau.so.2.0.0
7ff8813fd000-7ff8813fe000 rw-p 00007000 08:01 532556                     /usr/lib/x86_64-linux-gnu/libdrm_nouveau.so.2.0.0
7ff8813fe000-7ff88140c000 r-xp 00000000 08:01 533310                     /usr/lib/x86_64-linux-gnu/libsensors.so.4.4.0
7ff88140c000-7ff88160b000 ---p 0000e000 08:01 533310                     /usr/lib/x86_64-linux-gnu/libsensors.so.4.4.0
7ff88160b000-7ff88160c000 r--p 0000d000 08:01 533310                     /usr/lib/x86_64-linux-gnu/libsensors.so.4.4.0
7ff88160c000-7ff88160d000 rw-p 0000e000 08:01 533310                     /usr/lib/x86_64-linux-gnu/libsensors.so.4.4.0
7ff88160d000-7ff882095000 r-xp 00000000 08:01 660698                     /usr/lib/x86_64-linux-gnu/dri/swrast_dri.so
7ff882095000-7ff882295000 ---p 00a88000 08:01 660698                     /usr/lib/x86_64-linux-gnu/dri/swrast_dri.so
7ff882295000-7ff8822ea000 r--p 00a88000 08:01 660698                     /usr/lib/x86_64-linux-gnu/dri/swrast_dri.so
7ff8822ea000-7ff8822f3000 rw-p 00add000 08:01 660698                     /usr/lib/x86_64-linux-gnu/dri/swrast_dri.so
7ff8822f3000-7ff8824ec000 rw-p 00000000 00:00 0 
7ff8824ec000-7ff8824fc000 r-xp 00000000 08:01 532550                     /usr/lib/x86_64-linux-gnu/libdrm.so.2.4.0
7ff8824fc000-7ff8826fb000 ---p 00010000 08:01 532550                     /usr/lib/x86_64-linux-gnu/libdrm.so.2.4.0
7ff8826fb000-7ff8826fc000 r--p 0000f000 08:01 532550                     /usr/lib/x86_64-linux-gnu/libdrm.so.2.4.0
7ff8826fc000-7ff8826fd000 rw-p 00010000 08:01 532550                     /usr/lib/x86_64-linux-gnu/libdrm.so.2.4.0
7ff8826fd000-7ff882701000 r-xp 00000000 08:01 533531                     /usr/lib/x86_64-linux-gnu/libxcb-dri2.so.0.0.0
7ff882701000-7ff882900000 ---p 00004000 08:01 533531                     /usr/lib/x86_64-linux-gnu/libxcb-dri2.so.0.0.0
7ff882900000-7ff882901000 r--p 00003000 08:01 533531                     /usr/lib/x86_64-linux-gnu/libxcb-dri2.so.0.0.0
7ff882901000-7ff882902000 rw-p 00004000 08:01 533531                     /usr/lib/x86_64-linux-gnu/libxcb-dri2.so.0.0.0
7ff882902000-7ff88291a000 r-xp 00000000 08:01 533535                     /usr/lib/x86_64-linux-gnu/libxcb-glx.so.0.0.0
7ff88291a000-7ff882b1a000 ---p 00018000 08:01 533535                     /usr/lib/x86_64-linux-gnu/libxcb-glx.so.0.0.0
7ff882b1a000-7ff882b1c000 r--p 00018000 08:01 533535                     /usr/lib/x86_64-linux-gnu/libxcb-glx.so.0.0.0
7ff882b1c000-7ff882b1d000 rw-p 0001a000 08:01 533535                     /usr/lib/x86_64-linux-gnu/libxcb-glx.so.0.0.0
7ff882b1d000-7ff882b1e000 r-xp 00000000 08:01 532224                     /usr/lib/x86_64-linux-gnu/libX11-xcb.so.1.0.0
7ff882b1e000-7ff882d1d000 ---p 00001000 08:01 532224                     /usr/lib/x86_64-linux-gnu/libX11-xcb.so.1.0.0
7ff882d1d000-7ff882d1e000 r--p 00000000 08:01 532224                     /usr/lib/x86_64-linux-gnu/libX11-xcb.so.1.0.0
7ff882d1e000-7ff882d1f000 rw-p 00001000 08:01 532224                     /usr/lib/x86_64-linux-gnu/libX11-xcb.so.1.0.0
7ff882d1f000-7ff882d21000 r-xp 00000000 08:01 532239                     /usr/lib/x86_64-linux-gnu/libXdamage.so.1.1.0
7ff882d21000-7ff882f20000 ---p 00002000 08:01 532239                     /usr/lib/x86_64-linux-gnu/libXdamage.so.1.1.0
7ff882f20000-7ff882f21000 r--p 00001000 08:01 532239                     /usr/lib/x86_64-linux-gnu/libXdamage.so.1.1.0
7ff882f21000-7ff882f22000 rw-p 00002000 08:01 532239                     /usr/lib/x86_64-linux-gnu/libXdamage.so.1.1.0
7ff882f22000-7ff882f4e000 r-xp 00000000 08:01 532735                     /usr/lib/x86_64-linux-gnu/libglapi.so.0.0.0
7ff882f4e000-7ff88314d000 ---p 0002c000 08:01 532735                     /usr/lib/x86_64-linux-gnu/libglapi.so.0.0.0
7ff88314d000-7ff883151000 r--p 0002b000 08:01 532735                     /usr/lib/x86_64-linux-gnu/libglapi.so.0.0.0
7ff883151000-7ff883152000 rw-p 0002f000 08:01 532735                     /usr/lib/x86_64-linux-gnu/libglapi.so.0.0.0
7ff883152000-7ff883153000 rw-p 00000000 00:00 0 
7ff883153000-7ff883154000 r-xp 00000000 08:01 533608                     /usr/lib/x86_64-linux-gnu/libxshmfence.so.1.0.0
7ff883154000-7ff883353000 ---p 00001000 08:01 533608                     /usr/lib/x86_64-linux-gnu/libxshmfence.so.1.0.0
7ff883353000-7ff883354000 r--p 00000000 08:01 533608                     /usr/lib/x86_64-linux-gnu/libxshmfence.so.1.0.0
7ff883354000-7ff883355000 rw-p 00001000 08:01 533608                     /usr/lib/x86_64-linux-gnu/libxshmfence.so.1.0.0
7ff883355000-7ff88335a000 r-xp 00000000 08:01 533555                     /usr/lib/x86_64-linux-gnu/libxcb-sync.so.1.0.0
7ff88335a000-7ff88355a000 ---p 00005000 08:01 533555                     /usr/lib/x86_64-linux-gnu/libxcb-sync.so.1.0.0
7ff88355a000-7ff88355b000 r--p 00005000 08:01 533555                     /usr/lib/x86_64-linux-gnu/libxcb-sync.so.1.0.0
7ff88355b000-7ff88355c000 rw-p 00006000 08:01 533555                     /usr/lib/x86_64-linux-gnu/libxcb-sync.so.1.0.0
7ff88355c000-7ff88355e000 r-xp 00000000 08:01 533543                     /usr/lib/x86_64-linux-gnu/libxcb-present.so.0.0.0
7ff88355e000-7ff88375d000 ---p 00002000 08:01 533543                     /usr/lib/x86_64-linux-gnu/libxcb-present.so.0.0.0
7ff88375d000-7ff88375e000 r--p 00001000 08:01 533543                     /usr/lib/x86_64-linux-gnu/libxcb-present.so.0.0.0
7ff88375e000-7ff88375f000 rw-p 00002000 08:01 533543                     /usr/lib/x86_64-linux-gnu/libxcb-present.so.0.0.0
7ff88375f000-7ff883762000 r-xp 00000000 08:01 533533                     /usr/lib/x86_64-linux-gnu/libxcb-dri3.so.0.0.0
7ff883762000-7ff883961000 ---p 00003000 08:01 533533                     /usr/lib/x86_64-linux-gnu/libxcb-dri3.so.0.0.0
7ff883961000-7ff883962000 r--p 00002000 08:01 533533                     /usr/lib/x86_64-linux-gnu/libxcb-dri3.so.0.0.0
7ff883962000-7ff883963000 rw-p 00003000 08:01 533533                     /usr/lib/x86_64-linux-gnu/libxcb-dri3.so.0.0.0
7ff883963000-7ff883992000 r-xp 00000000 08:01 267895                     /lib/x86_64-linux-gnu/libexpat.so.1.6.7
7ff883992000-7ff883b92000 ---p 0002f000 08:01 267895                     /lib/x86_64-linux-gnu/libexpat.so.1.6.7
7ff883b92000-7ff883b94000 r--p 0002f000 08:01 267895                     /lib/x86_64-linux-gnu/libexpat.so.1.6.7
7ff883b94000-7ff883b95000 rw-p 00031000 08:01 267895                     /lib/x86_64-linux-gnu/libexpat.so.1.6.7
7ff883b95000-7ff883c05000 r-xp 00000000 08:01 532161                     /usr/lib/x86_64-linux-gnu/libGLX_mesa.so.0.0.0
7ff883c05000-7ff883e04000 ---p 00070000 08:01 532161                     /usr/lib/x86_64-linux-gnu/libGLX_mesa.so.0.0.0
7ff883e04000-7ff883e07000 r--p 0006f000 08:01 532161                     /usr/lib/x86_64-linux-gnu/libGLX_mesa.so.0.0.0
7ff883e07000-7ff883e08000 rw-p 00072000 08:01 532161                     /usr/lib/x86_64-linux-gnu/libGLX_mesa.so.0.0.0
7ff883e08000-7ff883e09000 rw-p 00000000 00:00 0 
7ff883e09000-7ff883e0d000 ---p 00000000 00:00 0 
7ff883e0d000-7ff883f0a000 rw-p 00000000 00:00 0 
7ff883f0a000-7ff883f0e000 ---p 00000000 00:00 0 
7ff883f0e000-7ff88400b000 rw-p 00000000 00:00 0 
7ff88400b000-7ff88400f000 ---p 00000000 00:00 0 
7ff88400f000-7ff88410c000 rw-p 00000000 00:00 0 
7ff88410c000-7ff88410d000 r-xp 00000000 08:01 525461                     /usr/lib/jvm/java-11-openjdk-amd64/lib/libextnet.so
7ff88410d000-7ff88430c000 ---p 00001000 08:01 525461                     /usr/lib/jvm/java-11-openjdk-amd64/lib/libextnet.so
7ff88430c000-7ff88430d000 r--p 00000000 08:01 525461                     /usr/lib/jvm/java-11-openjdk-amd64/lib/libextnet.so
7ff88430d000-7ff88430e000 rw-p 00001000 08:01 525461                     /usr/lib/jvm/java-11-openjdk-amd64/lib/libextnet.so
7ff88430e000-7ff88437c000 r-xp 00000000 08:01 532163                     /usr/lib/x86_64-linux-gnu/libGLdispatch.so.0.0.0
7ff88437c000-7ff88457b000 ---p 0006e000 08:01 532163                     /usr/lib/x86_64-linux-gnu/libGLdispatch.so.0.0.0
7ff88457b000-7ff8845a3000 r--p 0006d000 08:01 532163                     /usr/lib/x86_64-linux-gnu/libGLdispatch.so.0.0.0
7ff8845a3000-7ff8845a4000 rw-p 00095000 08:01 532163                     /usr/lib/x86_64-linux-gnu/libGLdispatch.so.0.0.0
7ff8845a4000-7ff8845c4000 rw-p 00000000 00:00 0 
7ff8845c4000-7ff8845d4000 r-xp 00000000 08:01 532158                     /usr/lib/x86_64-linux-gnu/libGLX.so.0.0.0
7ff8845d4000-7ff8847d3000 ---p 00010000 08:01 532158                     /usr/lib/x86_64-linux-gnu/libGLX.so.0.0.0
7ff8847d3000-7ff8847d4000 r--p 0000f000 08:01 532158                     /usr/lib/x86_64-linux-gnu/libGLX.so.0.0.0
7ff8847d4000-7ff8847d5000 rw-p 00010000 08:01 532158                     /usr/lib/x86_64-linux-gnu/libGLX.so.0.0.0
7ff8847d5000-7ff8847f5000 rw-p 00000000 00:00 0 
7ff8847f5000-7ff884866000 r-xp 00000000 08:01 532152                     /usr/lib/x86_64-linux-gnu/libGL.so.1.0.0
7ff884866000-7ff884a65000 ---p 00071000 08:01 532152                     /usr/lib/x86_64-linux-gnu/libGL.so.1.0.0
7ff884a65000-7ff884a7f000 r--p 00070000 08:01 532152                     /usr/lib/x86_64-linux-gnu/libGL.so.1.0.0
7ff884a7f000-7ff884a80000 rw-p 0008a000 08:01 532152                     /usr/lib/x86_64-linux-gnu/libGL.so.1.0.0
7ff884a80000-7ff884c81000 rw-p 00000000 00:00 0 
7ff884c81000-7ff884c85000 ---p 00000000 00:00 0 
7ff884c85000-7ff884d82000 rw-p 00000000 00:00 0 
7ff884d82000-7ff884d87000 r-xp 00000000 08:01 532279                     /usr/lib/x86_64-linux-gnu/libXxf86vm.so.1.0.0
7ff884d87000-7ff884f86000 ---p 00005000 08:01 532279                     /usr/lib/x86_64-linux-gnu/libXxf86vm.so.1.0.0
7ff884f86000-7ff884f87000 r--p 00004000 08:01 532279                     /usr/lib/x86_64-linux-gnu/libXxf86vm.so.1.0.0
7ff884f87000-7ff884f88000 rw-p 00005000 08:01 532279                     /usr/lib/x86_64-linux-gnu/libXxf86vm.so.1.0.0
7ff884f88000-7ff884ff0000 r-xp 00000000 08:01 927361                     /home/cmt/Documents/eclipse-workspace/Duel/liblwjgl64.so
7ff884ff0000-7ff8851f0000 ---p 00068000 08:01 927361                     /home/cmt/Documents/eclipse-workspace/Duel/liblwjgl64.so
7ff8851f0000-7ff8851f2000 r--p 00068000 08:01 927361                     /home/cmt/Documents/eclipse-workspace/Duel/liblwjgl64.so
7ff8851f2000-7ff8851f3000 rw-p 0006a000 08:01 927361                     /home/cmt/Documents/eclipse-workspace/Duel/liblwjgl64.so
7ff8851f3000-7ff8851f4000 r-xp 00000000 08:01 525470                     /usr/lib/jvm/java-11-openjdk-amd64/lib/libjawt.so
7ff8851f4000-7ff8853f3000 ---p 00001000 08:01 525470                     /usr/lib/jvm/java-11-openjdk-amd64/lib/libjawt.so
7ff8853f3000-7ff8853f4000 r--p 00000000 08:01 525470                     /usr/lib/jvm/java-11-openjdk-amd64/lib/libjawt.so
7ff8853f4000-7ff8853f5000 rw-p 00001000 08:01 525470                     /usr/lib/jvm/java-11-openjdk-amd64/lib/libjawt.so
7ff8853f5000-7ff8853f9000 ---p 00000000 00:00 0 
7ff8853f9000-7ff8856f6000 rw-p 00000000 00:00 0 
7ff8856f6000-7ff8856fa000 ---p 00000000 00:00 0 
7ff8856fa000-7ff8859f7000 rw-p 00000000 00:00 0 
7ff8859f7000-7ff885af7000 rw-s 00000000 00:05 5079051                    /SYSV00000000 (deleted)
7ff885af7000-7ff885cf7000 rw-p 00000000 00:00 0 
7ff885cf7000-7ff885ef7000 rw-p 00000000 00:00 0 
7ff885ef7000-7ff885efb000 ---p 00000000 00:00 0 
7ff885efb000-7ff8861f8000 rw-p 00000000 00:00 0 
7ff8861f8000-7ff8861fc000 ---p 00000000 00:00 0 
7ff8861fc000-7ff8862f9000 rw-p 00000000 00:00 0 
7ff8862f9000-7ff8862fa000 r-xp 00000000 08:01 525483                     /usr/lib/jvm/java-11-openjdk-amd64/lib/libprefs.so
7ff8862fa000-7ff8864fa000 ---p 00001000 08:01 525483                     /usr/lib/jvm/java-11-openjdk-amd64/lib/libprefs.so
7ff8864fa000-7ff8864fb000 r--p 00001000 08:01 525483                     /usr/lib/jvm/java-11-openjdk-amd64/lib/libprefs.so
7ff8864fb000-7ff8864fc000 rw-p 00002000 08:01 525483                     /usr/lib/jvm/java-11-openjdk-amd64/lib/libprefs.so
7ff8864fc000-7ff8866fc000 rw-p 00000000 00:00 0 
7ff8866fc000-7ff886700000 ---p 00000000 00:00 0 
7ff886700000-7ff8867fd000 rw-p 00000000 00:00 0 
7ff8867fd000-7ff8867fe000 ---p 00000000 00:00 0 
7ff8867fe000-7ff886ffe000 rw-p 00000000 00:00 0 
7ff886ffe000-7ff886fff000 ---p 00000000 00:00 0 
7ff886fff000-7ff8877ff000 rw-p 00000000 00:00 0 
7ff8877ff000-7ff887800000 ---p 00000000 00:00 0 
7ff887800000-7ff888000000 rw-p 00000000 00:00 0 
7ff888000000-7ff888021000 rw-p 00000000 00:00 0 
7ff888021000-7ff88c000000 ---p 00000000 00:00 0 
7ff88c001000-7ff88c005000 ---p 00000000 00:00 0 
7ff88c005000-7ff88c102000 rw-p 00000000 00:00 0 
7ff88c102000-7ff88c106000 ---p 00000000 00:00 0 
7ff88c106000-7ff88c203000 rw-p 00000000 00:00 0 
7ff88c203000-7ff88c207000 ---p 00000000 00:00 0 
7ff88c207000-7ff88c304000 rw-p 00000000 00:00 0 
7ff88c304000-7ff88c309000 r-xp 00000000 08:01 532245                     /usr/lib/x86_64-linux-gnu/libXfixes.so.3.1.0
7ff88c309000-7ff88c508000 ---p 00005000 08:01 532245                     /usr/lib/x86_64-linux-gnu/libXfixes.so.3.1.0
7ff88c508000-7ff88c509000 r--p 00004000 08:01 532245                     /usr/lib/x86_64-linux-gnu/libXfixes.so.3.1.0
7ff88c509000-7ff88c50a000 rw-p 00005000 08:01 532245                     /usr/lib/x86_64-linux-gnu/libXfixes.so.3.1.0
7ff88c50a000-7ff88c513000 r-xp 00000000 08:01 532237                     /usr/lib/x86_64-linux-gnu/libXcursor.so.1.0.2
7ff88c513000-7ff88c712000 ---p 00009000 08:01 532237                     /usr/lib/x86_64-linux-gnu/libXcursor.so.1.0.2
7ff88c712000-7ff88c713000 r--p 00008000 08:01 532237                     /usr/lib/x86_64-linux-gnu/libXcursor.so.1.0.2
7ff88c713000-7ff88c714000 rw-p 00009000 08:01 532237                     /usr/lib/x86_64-linux-gnu/libXcursor.so.1.0.2
7ff88c714000-7ff88c72e000 r-xp 00000000 08:01 661462                     /usr/lib/x86_64-linux-gnu/gio/modules/libgioremote-volume-monitor.so
7ff88c72e000-7ff88c92d000 ---p 0001a000 08:01 661462                     /usr/lib/x86_64-linux-gnu/gio/modules/libgioremote-volume-monitor.so
7ff88c92d000-7ff88c930000 r--p 00019000 08:01 661462                     /usr/lib/x86_64-linux-gnu/gio/modules/libgioremote-volume-monitor.so
7ff88c930000-7ff88c931000 rw-p 0001c000 08:01 661462                     /usr/lib/x86_64-linux-gnu/gio/modules/libgioremote-volume-monitor.so
7ff88c931000-7ff88c967000 r-xp 00000000 08:01 662032                     /usr/lib/x86_64-linux-gnu/gvfs/libgvfscommon.so
7ff88c967000-7ff88cb67000 ---p 00036000 08:01 662032                     /usr/lib/x86_64-linux-gnu/gvfs/libgvfscommon.so
7ff88cb67000-7ff88cb6d000 r--p 00036000 08:01 662032                     /usr/lib/x86_64-linux-gnu/gvfs/libgvfscommon.so
7ff88cb6d000-7ff88cb6e000 rw-p 0003c000 08:01 662032                     /usr/lib/x86_64-linux-gnu/gvfs/libgvfscommon.so
7ff88cb6e000-7ff88cb9f000 r-xp 00000000 08:01 661463                     /usr/lib/x86_64-linux-gnu/gio/modules/libgvfsdbus.so
7ff88cb9f000-7ff88cd9f000 ---p 00031000 08:01 661463                     /usr/lib/x86_64-linux-gnu/gio/modules/libgvfsdbus.so
7ff88cd9f000-7ff88cda1000 r--p 00031000 08:01 661463                     /usr/lib/x86_64-linux-gnu/gio/modules/libgvfsdbus.so
7ff88cda1000-7ff88cda2000 rw-p 00033000 08:01 661463                     /usr/lib/x86_64-linux-gnu/gio/modules/libgvfsdbus.so
7ff88cda2000-7ff88cdae000 r-xp 00000000 08:01 661458                     /usr/lib/x86_64-linux-gnu/gio/modules/libdconfsettings.so
7ff88cdae000-7ff88cfad000 ---p 0000c000 08:01 661458                     /usr/lib/x86_64-linux-gnu/gio/modules/libdconfsettings.so
7ff88cfad000-7ff88cfae000 r--p 0000b000 08:01 661458                     /usr/lib/x86_64-linux-gnu/gio/modules/libdconfsettings.so
7ff88cfae000-7ff88cfaf000 rw-p 0000c000 08:01 661458                     /usr/lib/x86_64-linux-gnu/gio/modules/libdconfsettings.so
7ff88cfaf000-7ff88cfb5000 r-xp 00000000 08:01 268035                     /lib/x86_64-linux-gnu/libuuid.so.1.3.0
7ff88cfb5000-7ff88d1b4000 ---p 00006000 08:01 268035                     /lib/x86_64-linux-gnu/libuuid.so.1.3.0
7ff88d1b4000-7ff88d1b5000 r--p 00005000 08:01 268035                     /lib/x86_64-linux-gnu/libuuid.so.1.3.0
7ff88d1b5000-7ff88d1b6000 rw-p 00006000 08:01 268035                     /lib/x86_64-linux-gnu/libuuid.so.1.3.0
7ff88d1b6000-7ff88d1fd000 r-xp 00000000 08:01 267857                     /lib/x86_64-linux-gnu/libblkid.so.1.1.0
7ff88d1fd000-7ff88d3fd000 ---p 00047000 08:01 267857                     /lib/x86_64-linux-gnu/libblkid.so.1.1.0
7ff88d3fd000-7ff88d401000 r--p 00047000 08:01 267857                     /lib/x86_64-linux-gnu/libblkid.so.1.1.0
7ff88d401000-7ff88d402000 rw-p 0004b000 08:01 267857                     /lib/x86_64-linux-gnu/libblkid.so.1.1.0
7ff88d402000-7ff88d403000 rw-p 00000000 00:00 0 
7ff88d403000-7ff88d473000 r-xp 00000000 08:01 267987                     /lib/x86_64-linux-gnu/libpcre.so.3.13.3
7ff88d473000-7ff88d673000 ---p 00070000 08:01 267987                     /lib/x86_64-linux-gnu/libpcre.so.3.13.3
7ff88d673000-7ff88d674000 r--p 00070000 08:01 267987                     /lib/x86_64-linux-gnu/libpcre.so.3.13.3
7ff88d674000-7ff88d675000 rw-p 00071000 08:01 267987                     /lib/x86_64-linux-gnu/libpcre.so.3.13.3
7ff88d675000-7ff88d67c000 r-xp 00000000 08:01 532625                     /usr/lib/x86_64-linux-gnu/libffi.so.6.0.4
7ff88d67c000-7ff88d87b000 ---p 00007000 08:01 532625                     /usr/lib/x86_64-linux-gnu/libffi.so.6.0.4
7ff88d87b000-7ff88d87c000 r--p 00006000 08:01 532625                     /usr/lib/x86_64-linux-gnu/libffi.so.6.0.4
7ff88d87c000-7ff88d87d000 rw-p 00007000 08:01 532625                     /usr/lib/x86_64-linux-gnu/libffi.so.6.0.4
7ff88d87d000-7ff88d8ce000 r-xp 00000000 08:01 267934                     /lib/x86_64-linux-gnu/libmount.so.1.1.0
7ff88d8ce000-7ff88dacd000 ---p 00051000 08:01 267934                     /lib/x86_64-linux-gnu/libmount.so.1.1.0
7ff88dacd000-7ff88dacf000 r--p 00050000 08:01 267934                     /lib/x86_64-linux-gnu/libmount.so.1.1.0
7ff88dacf000-7ff88dad0000 rw-p 00052000 08:01 267934                     /lib/x86_64-linux-gnu/libmount.so.1.1.0
7ff88dad0000-7ff88dad1000 rw-p 00000000 00:00 0 
7ff88dad1000-7ff88dae8000 r-xp 00000000 08:01 268004                     /lib/x86_64-linux-gnu/libresolv-2.27.so
7ff88dae8000-7ff88dce8000 ---p 00017000 08:01 268004                     /lib/x86_64-linux-gnu/libresolv-2.27.so
7ff88dce8000-7ff88dce9000 r--p 00017000 08:01 268004                     /lib/x86_64-linux-gnu/libresolv-2.27.so
7ff88dce9000-7ff88dcea000 rw-p 00018000 08:01 268004                     /lib/x86_64-linux-gnu/libresolv-2.27.so
7ff88dcea000-7ff88dcec000 rw-p 00000000 00:00 0 
7ff88dcec000-7ff88dd11000 r-xp 00000000 08:01 268010                     /lib/x86_64-linux-gnu/libselinux.so.1
7ff88dd11000-7ff88df10000 ---p 00025000 08:01 268010                     /lib/x86_64-linux-gnu/libselinux.so.1
7ff88df10000-7ff88df11000 r--p 00024000 08:01 268010                     /lib/x86_64-linux-gnu/libselinux.so.1
7ff88df11000-7ff88df12000 rw-p 00025000 08:01 268010                     /lib/x86_64-linux-gnu/libselinux.so.1
7ff88df12000-7ff88df14000 rw-p 00000000 00:00 0 
7ff88df14000-7ff88e027000 r-xp 00000000 08:01 532737                     /usr/lib/x86_64-linux-gnu/libglib-2.0.so.0.5600.1
7ff88e027000-7ff88e227000 ---p 00113000 08:01 532737                     /usr/lib/x86_64-linux-gnu/libglib-2.0.so.0.5600.1
7ff88e227000-7ff88e228000 r--p 00113000 08:01 532737                     /usr/lib/x86_64-linux-gnu/libglib-2.0.so.0.5600.1
7ff88e228000-7ff88e229000 rw-p 00114000 08:01 532737                     /usr/lib/x86_64-linux-gnu/libglib-2.0.so.0.5600.1
7ff88e229000-7ff88e22a000 rw-p 00000000 00:00 0 
7ff88e22a000-7ff88e22d000 r-xp 00000000 08:01 532749                     /usr/lib/x86_64-linux-gnu/libgmodule-2.0.so.0.5600.1
7ff88e22d000-7ff88e42c000 ---p 00003000 08:01 532749                     /usr/lib/x86_64-linux-gnu/libgmodule-2.0.so.0.5600.1
7ff88e42c000-7ff88e42d000 r--p 00002000 08:01 532749                     /usr/lib/x86_64-linux-gnu/libgmodule-2.0.so.0.5600.1
7ff88e42d000-7ff88e42e000 rw-p 00003000 08:01 532749                     /usr/lib/x86_64-linux-gnu/libgmodule-2.0.so.0.5600.1
7ff88e42e000-7ff88e480000 r-xp 00000000 08:01 532767                     /usr/lib/x86_64-linux-gnu/libgobject-2.0.so.0.5600.1
7ff88e480000-7ff88e680000 ---p 00052000 08:01 532767                     /usr/lib/x86_64-linux-gnu/libgobject-2.0.so.0.5600.1
7ff88e680000-7ff88e681000 r--p 00052000 08:01 532767                     /usr/lib/x86_64-linux-gnu/libgobject-2.0.so.0.5600.1
7ff88e681000-7ff88e682000 rw-p 00053000 08:01 532767                     /usr/lib/x86_64-linux-gnu/libgobject-2.0.so.0.5600.1
7ff88e682000-7ff88e816000 r-xp 00000000 08:01 532727                     /usr/lib/x86_64-linux-gnu/libgio-2.0.so.0.5600.1
7ff88e816000-7ff88ea16000 ---p 00194000 08:01 532727                     /usr/lib/x86_64-linux-gnu/libgio-2.0.so.0.5600.1
7ff88ea16000-7ff88ea1d000 r--p 00194000 08:01 532727                     /usr/lib/x86_64-linux-gnu/libgio-2.0.so.0.5600.1
7ff88ea1d000-7ff88ea1e000 rw-p 0019b000 08:01 532727                     /usr/lib/x86_64-linux-gnu/libgio-2.0.so.0.5600.1
7ff88ea1e000-7ff88ea20000 rw-p 00000000 00:00 0 
7ff88ea20000-7ff88ea2a000 r-xp 00000000 08:01 532261                     /usr/lib/x86_64-linux-gnu/libXrandr.so.2.2.0
7ff88ea2a000-7ff88ec29000 ---p 0000a000 08:01 532261                     /usr/lib/x86_64-linux-gnu/libXrandr.so.2.2.0
7ff88ec29000-7ff88ec2a000 r--p 00009000 08:01 532261                     /usr/lib/x86_64-linux-gnu/libXrandr.so.2.2.0
7ff88ec2a000-7ff88ec2b000 rw-p 0000a000 08:01 532261                     /usr/lib/x86_64-linux-gnu/libXrandr.so.2.2.0
7ff88ec2b000-7ff88ec5c000 r-xp 00000000 08:01 533204                     /usr/lib/x86_64-linux-gnu/libpng16.so.16.34.0
7ff88ec5c000-7ff88ee5b000 ---p 00031000 08:01 533204                     /usr/lib/x86_64-linux-gnu/libpng16.so.16.34.0
7ff88ee5b000-7ff88ee5c000 r--p 00030000 08:01 533204                     /usr/lib/x86_64-linux-gnu/libpng16.so.16.34.0
7ff88ee5c000-7ff88ee5d000 rw-p 00031000 08:01 533204                     /usr/lib/x86_64-linux-gnu/libpng16.so.16.34.0
7ff88ee5d000-7ff88ef0a000 r-xp 00000000 08:01 532655                     /usr/lib/x86_64-linux-gnu/libfreetype.so.6.15.0
7ff88ef0a000-7ff88f109000 ---p 000ad000 08:01 532655                     /usr/lib/x86_64-linux-gnu/libfreetype.so.6.15.0
7ff88f109000-7ff88f110000 r--p 000ac000 08:01 532655                     /usr/lib/x86_64-linux-gnu/libfreetype.so.6.15.0
7ff88f110000-7ff88f111000 rw-p 000b3000 08:01 532655                     /usr/lib/x86_64-linux-gnu/libfreetype.so.6.15.0
7ff88f111000-7ff88f1a6000 r-xp 00000000 08:01 525462                     /usr/lib/jvm/java-11-openjdk-amd64/lib/libfontmanager.so
7ff88f1a6000-7ff88f3a6000 ---p 00095000 08:01 525462                     /usr/lib/jvm/java-11-openjdk-amd64/lib/libfontmanager.so
7ff88f3a6000-7ff88f3a7000 r--p 00095000 08:01 525462                     /usr/lib/jvm/java-11-openjdk-amd64/lib/libfontmanager.so
7ff88f3a7000-7ff88f3a8000 rw-p 00096000 08:01 525462                     /usr/lib/jvm/java-11-openjdk-amd64/lib/libfontmanager.so
7ff88f3a8000-7ff88f5a9000 rw-p 00000000 00:00 0 
7ff88f5a9000-7ff88f5bc000 r-xp 00000000 08:01 267861                     /lib/x86_64-linux-gnu/libbsd.so.0.8.7
7ff88f5bc000-7ff88f7bb000 ---p 00013000 08:01 267861                     /lib/x86_64-linux-gnu/libbsd.so.0.8.7
7ff88f7bb000-7ff88f7bc000 r--p 00012000 08:01 267861                     /lib/x86_64-linux-gnu/libbsd.so.0.8.7
7ff88f7bc000-7ff88f7bd000 rw-p 00013000 08:01 267861                     /lib/x86_64-linux-gnu/libbsd.so.0.8.7
7ff88f7bd000-7ff88f7be000 rw-p 00000000 00:00 0 
7ff88f7be000-7ff88f7c3000 r-xp 00000000 08:01 532241                     /usr/lib/x86_64-linux-gnu/libXdmcp.so.6.0.0
7ff88f7c3000-7ff88f9c2000 ---p 00005000 08:01 532241                     /usr/lib/x86_64-linux-gnu/libXdmcp.so.6.0.0
7ff88f9c2000-7ff88f9c3000 r--p 00004000 08:01 532241                     /usr/lib/x86_64-linux-gnu/libXdmcp.so.6.0.0
7ff88f9c3000-7ff88f9c4000 rw-p 00005000 08:01 532241                     /usr/lib/x86_64-linux-gnu/libXdmcp.so.6.0.0
7ff88f9c4000-7ff88f9c6000 r-xp 00000000 08:01 532230                     /usr/lib/x86_64-linux-gnu/libXau.so.6.0.0
7ff88f9c6000-7ff88fbc6000 ---p 00002000 08:01 532230                     /usr/lib/x86_64-linux-gnu/libXau.so.6.0.0
7ff88fbc6000-7ff88fbc7000 r--p 00002000 08:01 532230                     /usr/lib/x86_64-linux-gnu/libXau.so.6.0.0
7ff88fbc7000-7ff88fbc8000 rw-p 00003000 08:01 532230                     /usr/lib/x86_64-linux-gnu/libXau.so.6.0.0
7ff88fbc8000-7ff88fbee000 r-xp 00000000 08:01 533567                     /usr/lib/x86_64-linux-gnu/libxcb.so.1.1.0
7ff88fbee000-7ff88fdee000 ---p 00026000 08:01 533567                     /usr/lib/x86_64-linux-gnu/libxcb.so.1.1.0
7ff88fdee000-7ff88fdef000 r--p 00026000 08:01 533567                     /usr/lib/x86_64-linux-gnu/libxcb.so.1.1.0
7ff88fdef000-7ff88fdf0000 rw-p 00027000 08:01 533567                     /usr/lib/x86_64-linux-gnu/libxcb.so.1.1.0
7ff88fdf0000-7ff88fdff000 r-xp 00000000 08:01 532251                     /usr/lib/x86_64-linux-gnu/libXi.so.6.1.0
7ff88fdff000-7ff88fffe000 ---p 0000f000 08:01 532251                     /usr/lib/x86_64-linux-gnu/libXi.so.6.1.0
7ff88fffe000-7ff88ffff000 r--p 0000e000 08:01 532251                     /usr/lib/x86_64-linux-gnu/libXi.so.6.1.0
7ff88ffff000-7ff890000000 rw-p 0000f000 08:01 532251                     /usr/lib/x86_64-linux-gnu/libXi.so.6.1.0
7ff890000000-7ff8914bf000 rw-p 00000000 00:00 0 
7ff8914bf000-7ff894000000 ---p 00000000 00:00 0 
7ff894000000-7ff894569000 rw-p 00000000 00:00 0 
7ff894569000-7ff898000000 ---p 00000000 00:00 0 
7ff898000000-7ff898021000 rw-p 00000000 00:00 0 
7ff898021000-7ff89c000000 ---p 00000000 00:00 0 
7ff89c000000-7ff89c021000 rw-p 00000000 00:00 0 
7ff89c021000-7ff8a0000000 ---p 00000000 00:00 0 
7ff8a0000000-7ff8a0066000 rw-p 00000000 00:00 0 
7ff8a0066000-7ff8a4000000 ---p 00000000 00:00 0 
7ff8a4000000-7ff8a4021000 rw-p 00000000 00:00 0 
7ff8a4021000-7ff8a8000000 ---p 00000000 00:00 0 
7ff8a8000000-7ff8a83cc000 rw-p 00000000 00:00 0 
7ff8a83cc000-7ff8ac000000 ---p 00000000 00:00 0 
7ff8ac000000-7ff8ac021000 rw-p 00000000 00:00 0 
7ff8ac021000-7ff8b0000000 ---p 00000000 00:00 0 
7ff8b0000000-7ff8b0021000 rw-p 00000000 00:00 0 
7ff8b0021000-7ff8b4000000 ---p 00000000 00:00 0 
7ff8b4000000-7ff8b404c000 rw-p 00000000 00:00 0 
7ff8b404c000-7ff8b8000000 ---p 00000000 00:00 0 
7ff8b8041000-7ff8b806c000 r--s 00000000 08:01 156317                     /usr/lib/swi-prolog/boot64.prc
7ff8b806c000-7ff8b807d000 r-xp 00000000 00:00 0 
7ff8b807d000-7ff8b809d000 rw-s 00000000 08:01 734478                     /home/cmt/#734478 (deleted)
7ff8b809d000-7ff8b80a1000 ---p 00000000 00:00 0 
7ff8b80a1000-7ff8b80bf000 rw-p 00000000 00:00 0 
7ff8b80bf000-7ff8b80e1000 r--p 00000000 08:01 727781                     /usr/share/locale-langpack/fr/LC_MESSAGES/glib20.mo
7ff8b80e1000-7ff8b812a000 r--p 00000000 08:01 402486                     /usr/share/glib-2.0/schemas/gschemas.compiled
7ff8b812a000-7ff8b812f000 r-xp 00000000 08:01 532269                     /usr/lib/x86_64-linux-gnu/libXtst.so.6.1.0
7ff8b812f000-7ff8b832e000 ---p 00005000 08:01 532269                     /usr/lib/x86_64-linux-gnu/libXtst.so.6.1.0
7ff8b832e000-7ff8b832f000 r--p 00004000 08:01 532269                     /usr/lib/x86_64-linux-gnu/libXtst.so.6.1.0
7ff8b832f000-7ff8b8330000 rw-p 00005000 08:01 532269                     /usr/lib/x86_64-linux-gnu/libXtst.so.6.1.0
7ff8b8330000-7ff8b8339000 r-xp 00000000 08:01 532263                     /usr/lib/x86_64-linux-gnu/libXrender.so.1.3.0
7ff8b8339000-7ff8b8538000 ---p 00009000 08:01 532263                     /usr/lib/x86_64-linux-gnu/libXrender.so.1.3.0
7ff8b8538000-7ff8b8539000 r--p 00008000 08:01 532263                     /usr/lib/x86_64-linux-gnu/libXrender.so.1.3.0
7ff8b8539000-7ff8b853a000 rw-p 00009000 08:01 532263                     /usr/lib/x86_64-linux-gnu/libXrender.so.1.3.0
7ff8b853a000-7ff8b866e000 r-xp 00000000 08:01 532226                     /usr/lib/x86_64-linux-gnu/libX11.so.6.3.0
7ff8b866e000-7ff8b886e000 ---p 00134000 08:01 532226                     /usr/lib/x86_64-linux-gnu/libX11.so.6.3.0
7ff8b886e000-7ff8b886f000 r--p 00134000 08:01 532226                     /usr/lib/x86_64-linux-gnu/libX11.so.6.3.0
7ff8b886f000-7ff8b8873000 rw-p 00135000 08:01 532226                     /usr/lib/x86_64-linux-gnu/libX11.so.6.3.0
7ff8b8873000-7ff8b8884000 r-xp 00000000 08:01 532243                     /usr/lib/x86_64-linux-gnu/libXext.so.6.4.0
7ff8b8884000-7ff8b8a83000 ---p 00011000 08:01 532243                     /usr/lib/x86_64-linux-gnu/libXext.so.6.4.0
7ff8b8a83000-7ff8b8a84000 r--p 00010000 08:01 532243                     /usr/lib/x86_64-linux-gnu/libXext.so.6.4.0
7ff8b8a84000-7ff8b8a85000 rw-p 00011000 08:01 532243                     /usr/lib/x86_64-linux-gnu/libXext.so.6.4.0
7ff8b8a85000-7ff8b8ae4000 r-xp 00000000 08:01 525459                     /usr/lib/jvm/java-11-openjdk-amd64/lib/libawt_xawt.so
7ff8b8ae4000-7ff8b8ce3000 ---p 0005f000 08:01 525459                     /usr/lib/jvm/java-11-openjdk-amd64/lib/libawt_xawt.so
7ff8b8ce3000-7ff8b8ce4000 r--p 0005e000 08:01 525459                     /usr/lib/jvm/java-11-openjdk-amd64/lib/libawt_xawt.so
7ff8b8ce4000-7ff8b8ce7000 rw-p 0005f000 08:01 525459                     /usr/lib/jvm/java-11-openjdk-amd64/lib/libawt_xawt.so
7ff8b8ce7000-7ff8b8ce9000 rw-p 00000000 00:00 0 
7ff8b8ce9000-7ff8b8d89000 r-xp 00000000 08:01 525457                     /usr/lib/jvm/java-11-openjdk-amd64/lib/libawt.so
7ff8b8d89000-7ff8b8f89000 ---p 000a0000 08:01 525457                     /usr/lib/jvm/java-11-openjdk-amd64/lib/libawt.so
7ff8b8f89000-7ff8b8f8a000 r--p 000a0000 08:01 525457                     /usr/lib/jvm/java-11-openjdk-amd64/lib/libawt.so
7ff8b8f8a000-7ff8b8f95000 rw-p 000a1000 08:01 525457                     /usr/lib/jvm/java-11-openjdk-amd64/lib/libawt.so
7ff8b8f95000-7ff8b8fba000 rw-p 00000000 00:00 0 
7ff8b8fba000-7ff8b8fd0000 r-xp 00000000 08:01 525481                     /usr/lib/jvm/java-11-openjdk-amd64/lib/libnet.so
7ff8b8fd0000-7ff8b91d0000 ---p 00016000 08:01 525481                     /usr/lib/jvm/java-11-openjdk-amd64/lib/libnet.so
7ff8b91d0000-7ff8b91d1000 r--p 00016000 08:01 525481                     /usr/lib/jvm/java-11-openjdk-amd64/lib/libnet.so
7ff8b91d1000-7ff8b91d2000 rw-p 00017000 08:01 525481                     /usr/lib/jvm/java-11-openjdk-amd64/lib/libnet.so
7ff8b91d2000-7ff8b91e3000 r-xp 00000000 08:01 525482                     /usr/lib/jvm/java-11-openjdk-amd64/lib/libnio.so
7ff8b91e3000-7ff8b93e2000 ---p 00011000 08:01 525482                     /usr/lib/jvm/java-11-openjdk-amd64/lib/libnio.so
7ff8b93e2000-7ff8b93e3000 r--p 00010000 08:01 525482                     /usr/lib/jvm/java-11-openjdk-amd64/lib/libnio.so
7ff8b93e3000-7ff8b93e4000 rw-p 00011000 08:01 525482                     /usr/lib/jvm/java-11-openjdk-amd64/lib/libnio.so
7ff8b93e4000-7ff8b93e8000 ---p 00000000 00:00 0 
7ff8b93e8000-7ff8b94e5000 rw-p 00000000 00:00 0 
7ff8b94e5000-7ff8b94e6000 ---p 00000000 00:00 0 
7ff8b94e6000-7ff8b95e7000 rw-p 00000000 00:00 0 
7ff8b95e7000-7ff8b95eb000 ---p 00000000 00:00 0 
7ff8b95eb000-7ff8b96e8000 rw-p 00000000 00:00 0 
7ff8b96e8000-7ff8b96ec000 ---p 00000000 00:00 0 
7ff8b96ec000-7ff8b97e9000 rw-p 00000000 00:00 0 
7ff8b97e9000-7ff8b97ed000 ---p 00000000 00:00 0 
7ff8b97ed000-7ff8b98ea000 rw-p 00000000 00:00 0 
7ff8b98ea000-7ff8b98ee000 ---p 00000000 00:00 0 
7ff8b98ee000-7ff8b99eb000 rw-p 00000000 00:00 0 
7ff8b99eb000-7ff8b99ef000 ---p 00000000 00:00 0 
7ff8b99ef000-7ff8b9aec000 rw-p 00000000 00:00 0 
7ff8b9aec000-7ff8b9eff000 r--p 00000000 08:01 529823                     /usr/lib/locale/locale-archive
7ff8b9eff000-7ff8b9f03000 ---p 00000000 00:00 0 
7ff8b9f03000-7ff8bc000000 rw-p 00000000 00:00 0 
7ff8bc000000-7ff8bd2c0000 rw-p 00000000 00:00 0 
7ff8bd2c0000-7ff8c0000000 ---p 00000000 00:00 0 
7ff8c0000000-7ff8c0021000 rw-p 00000000 00:00 0 
7ff8c0021000-7ff8c4000000 ---p 00000000 00:00 0 
7ff8c4000000-7ff8c42cc000 rw-p 00000000 00:00 0 
7ff8c42cc000-7ff8c8000000 ---p 00000000 00:00 0 
7ff8c8000000-7ff8c8020000 r-xs 00000000 08:01 734478                     /home/cmt/#734478 (deleted)
7ff8c8020000-7ff8c8069000 r--p 00000000 08:01 402486                     /usr/share/glib-2.0/schemas/gschemas.compiled
7ff8c8069000-7ff8c806d000 ---p 00000000 00:00 0 
7ff8c806d000-7ff8c816a000 rw-p 00000000 00:00 0 
7ff8c816a000-7ff8c816b000 ---p 00000000 00:00 0 
7ff8c816b000-7ff8c8ae2000 rw-p 00000000 00:00 0 
7ff8c8ae2000-7ff8c8ae3000 ---p 00000000 00:00 0 
7ff8c8ae3000-7ff8c8be4000 rw-p 00000000 00:00 0 
7ff8c8be4000-7ff8c8be5000 ---p 00000000 00:00 0 
7ff8c8be5000-7ff8c8ce6000 rw-p 00000000 00:00 0 
7ff8c8ce6000-7ff8c8ce7000 ---p 00000000 00:00 0 
7ff8c8ce7000-7ff8c8fea000 rw-p 00000000 00:00 0 
7ff8c8fea000-7ff8c8feb000 ---p 00000000 00:00 0 
7ff8c8feb000-7ff8c90ec000 rw-p 00000000 00:00 0 
7ff8c90ec000-7ff8c90ed000 ---p 00000000 00:00 0 
7ff8c90ed000-7ff8c92d6000 rw-p 00000000 00:00 0 
7ff8c92d6000-7ff8c9dbe000 ---p 00000000 00:00 0 
7ff8c9dbe000-7ff8c9ea6000 rw-p 00000000 00:00 0 
7ff8c9ea6000-7ff8ca98e000 ---p 00000000 00:00 0 
7ff8ca98e000-7ff8ca9ab000 rw-p 00000000 00:00 0 
7ff8ca9ab000-7ff8cab08000 ---p 00000000 00:00 0 
7ff8cab08000-7ff8cab25000 rw-p 00000000 00:00 0 
7ff8cab25000-7ff8cac82000 ---p 00000000 00:00 0 
7ff8cac82000-7ff8cac9f000 rw-p 00000000 00:00 0 
7ff8cac9f000-7ff8cadfc000 ---p 00000000 00:00 0 
7ff8cadfc000-7ff8caffe000 rw-p 00000000 00:00 0 
7ff8caffe000-7ff8cafff000 ---p 00000000 00:00 0 
7ff8cafff000-7ff8cb100000 rw-p 00000000 00:00 0 
7ff8cb100000-7ff8cb101000 ---p 00000000 00:00 0 
7ff8cb101000-7ff8cb207000 rw-p 00000000 00:00 0 
7ff8cb207000-7ff8cb2ed000 ---p 00000000 00:00 0 
7ff8cb2ed000-7ff8cb55d000 rwxp 00000000 00:00 0 
7ff8cb55d000-7ff8cb87c000 ---p 00000000 00:00 0 
7ff8cb87c000-7ff8cbe0c000 rwxp 00000000 00:00 0 
7ff8cbe0c000-7ff8d2db4000 ---p 00000000 00:00 0 
7ff8d2db4000-7ff8d3024000 rwxp 00000000 00:00 0 
7ff8d3024000-7ff8da2ed000 ---p 00000000 00:00 0 
7ff8da2ed000-7ff8e37c6000 r--s 00000000 08:01 525492                     /usr/lib/jvm/java-11-openjdk-amd64/lib/modules
7ff8e37c6000-7ff8e37cb000 r-xp 00000000 08:01 525472                     /usr/lib/jvm/java-11-openjdk-amd64/lib/libjimage.so
7ff8e37cb000-7ff8e39ca000 ---p 00005000 08:01 525472                     /usr/lib/jvm/java-11-openjdk-amd64/lib/libjimage.so
7ff8e39ca000-7ff8e39cb000 r--p 00004000 08:01 525472                     /usr/lib/jvm/java-11-openjdk-amd64/lib/libjimage.so
7ff8e39cb000-7ff8e39cc000 rw-p 00005000 08:01 525472                     /usr/lib/jvm/java-11-openjdk-amd64/lib/libjimage.so
7ff8e39cc000-7ff8e39d3000 r-xp 00000000 08:01 525491                     /usr/lib/jvm/java-11-openjdk-amd64/lib/libzip.so
7ff8e39d3000-7ff8e3bd2000 ---p 00007000 08:01 525491                     /usr/lib/jvm/java-11-openjdk-amd64/lib/libzip.so
7ff8e3bd2000-7ff8e3bd3000 r--p 00006000 08:01 525491                     /usr/lib/jvm/java-11-openjdk-amd64/lib/libzip.so
7ff8e3bd3000-7ff8e3bd4000 rw-p 00007000 08:01 525491                     /usr/lib/jvm/java-11-openjdk-amd64/lib/libzip.so
7ff8e3bd4000-7ff8e3bdf000 r-xp 00000000 08:01 267955                     /lib/x86_64-linux-gnu/libnss_files-2.27.so
7ff8e3bdf000-7ff8e3dde000 ---p 0000b000 08:01 267955                     /lib/x86_64-linux-gnu/libnss_files-2.27.so
7ff8e3dde000-7ff8e3ddf000 r--p 0000a000 08:01 267955                     /lib/x86_64-linux-gnu/libnss_files-2.27.so
7ff8e3ddf000-7ff8e3de0000 rw-p 0000b000 08:01 267955                     /lib/x86_64-linux-gnu/libnss_files-2.27.so
7ff8e3de0000-7ff8e3de6000 rw-p 00000000 00:00 0 
7ff8e3de6000-7ff8e3dfd000 r-xp 00000000 08:01 267949                     /lib/x86_64-linux-gnu/libnsl-2.27.so
7ff8e3dfd000-7ff8e3ffc000 ---p 00017000 08:01 267949                     /lib/x86_64-linux-gnu/libnsl-2.27.so
7ff8e3ffc000-7ff8e3ffd000 r--p 00016000 08:01 267949                     /lib/x86_64-linux-gnu/libnsl-2.27.so
7ff8e3ffd000-7ff8e3ffe000 rw-p 00017000 08:01 267949                     /lib/x86_64-linux-gnu/libnsl-2.27.so
7ff8e3ffe000-7ff8e4000000 rw-p 00000000 00:00 0 
7ff8e4000000-7ff8e46b4000 rw-p 00000000 00:00 0 
7ff8e46b4000-7ff8e8000000 ---p 00000000 00:00 0 
7ff8e8000000-7ff8e8012000 r-xp 00000000 00:00 0 
7ff8e8012000-7ff8e801f000 r--p 00000000 08:01 726852                     /usr/share/locale-langpack/fr/LC_MESSAGES/pulseaudio.mo
7ff8e801f000-7ff8e805c000 rw-p 00000000 00:00 0 
7ff8e805c000-7ff8e813b000 ---p 00000000 00:00 0 
7ff8e813b000-7ff8e8146000 r-xp 00000000 08:01 267966                     /lib/x86_64-linux-gnu/libnss_nis-2.27.so
7ff8e8146000-7ff8e8345000 ---p 0000b000 08:01 267966                     /lib/x86_64-linux-gnu/libnss_nis-2.27.so
7ff8e8345000-7ff8e8346000 r--p 0000a000 08:01 267966                     /lib/x86_64-linux-gnu/libnss_nis-2.27.so
7ff8e8346000-7ff8e8347000 rw-p 0000b000 08:01 267966                     /lib/x86_64-linux-gnu/libnss_nis-2.27.so
7ff8e8347000-7ff8e834f000 r-xp 00000000 08:01 267951                     /lib/x86_64-linux-gnu/libnss_compat-2.27.so
7ff8e834f000-7ff8e854f000 ---p 00008000 08:01 267951                     /lib/x86_64-linux-gnu/libnss_compat-2.27.so
7ff8e854f000-7ff8e8550000 r--p 00008000 08:01 267951                     /lib/x86_64-linux-gnu/libnss_compat-2.27.so
7ff8e8550000-7ff8e8551000 rw-p 00009000 08:01 267951                     /lib/x86_64-linux-gnu/libnss_compat-2.27.so
7ff8e8551000-7ff8e857d000 r-xp 00000000 08:01 525468                     /usr/lib/jvm/java-11-openjdk-amd64/lib/libjava.so
7ff8e857d000-7ff8e877c000 ---p 0002c000 08:01 525468                     /usr/lib/jvm/java-11-openjdk-amd64/lib/libjava.so
7ff8e877c000-7ff8e877d000 r--p 0002b000 08:01 525468                     /usr/lib/jvm/java-11-openjdk-amd64/lib/libjava.so
7ff8e877d000-7ff8e877f000 rw-p 0002c000 08:01 525468                     /usr/lib/jvm/java-11-openjdk-amd64/lib/libjava.so
7ff8e877f000-7ff8e878c000 r-xp 00000000 08:01 525490                     /usr/lib/jvm/java-11-openjdk-amd64/lib/libverify.so
7ff8e878c000-7ff8e898b000 ---p 0000d000 08:01 525490                     /usr/lib/jvm/java-11-openjdk-amd64/lib/libverify.so
7ff8e898b000-7ff8e898d000 r--p 0000c000 08:01 525490                     /usr/lib/jvm/java-11-openjdk-amd64/lib/libverify.so
7ff8e898d000-7ff8e898e000 rw-p 0000e000 08:01 525490                     /usr/lib/jvm/java-11-openjdk-amd64/lib/libverify.so
7ff8e898e000-7ff8e8995000 r-xp 00000000 08:01 268006                     /lib/x86_64-linux-gnu/librt-2.27.so
7ff8e8995000-7ff8e8b94000 ---p 00007000 08:01 268006                     /lib/x86_64-linux-gnu/librt-2.27.so
7ff8e8b94000-7ff8e8b95000 r--p 00006000 08:01 268006                     /lib/x86_64-linux-gnu/librt-2.27.so
7ff8e8b95000-7ff8e8b96000 rw-p 00007000 08:01 268006                     /lib/x86_64-linux-gnu/librt-2.27.so
7ff8e8b96000-7ff8e8bad000 r-xp 00000000 08:01 267902                     /lib/x86_64-linux-gnu/libgcc_s.so.1
7ff8e8bad000-7ff8e8dac000 ---p 00017000 08:01 267902                     /lib/x86_64-linux-gnu/libgcc_s.so.1
7ff8e8dac000-7ff8e8dad000 r--p 00016000 08:01 267902                     /lib/x86_64-linux-gnu/libgcc_s.so.1
7ff8e8dad000-7ff8e8dae000 rw-p 00017000 08:01 267902                     /lib/x86_64-linux-gnu/libgcc_s.so.1
7ff8e8dae000-7ff8e8f4b000 r-xp 00000000 08:01 267928                     /lib/x86_64-linux-gnu/libm-2.27.so
7ff8e8f4b000-7ff8e914a000 ---p 0019d000 08:01 267928                     /lib/x86_64-linux-gnu/libm-2.27.so
7ff8e914a000-7ff8e914b000 r--p 0019c000 08:01 267928                     /lib/x86_64-linux-gnu/libm-2.27.so
7ff8e914b000-7ff8e914c000 rw-p 0019d000 08:01 267928                     /lib/x86_64-linux-gnu/libm-2.27.so
7ff8e914c000-7ff8e92ca000 r-xp 00000000 08:01 533362                     /usr/lib/x86_64-linux-gnu/libstdc++.so.6.0.25
7ff8e92ca000-7ff8e94ca000 ---p 0017e000 08:01 533362                     /usr/lib/x86_64-linux-gnu/libstdc++.so.6.0.25
7ff8e94ca000-7ff8e94d4000 r--p 0017e000 08:01 533362                     /usr/lib/x86_64-linux-gnu/libstdc++.so.6.0.25
7ff8e94d4000-7ff8e94d6000 rw-p 00188000 08:01 533362                     /usr/lib/x86_64-linux-gnu/libstdc++.so.6.0.25
7ff8e94d6000-7ff8e94da000 rw-p 00000000 00:00 0 
7ff8e94da000-7ff8ea477000 r-xp 00000000 08:01 525504                     /usr/lib/jvm/java-11-openjdk-amd64/lib/server/libjvm.so
7ff8ea477000-7ff8ea677000 ---p 00f9d000 08:01 525504                     /usr/lib/jvm/java-11-openjdk-amd64/lib/server/libjvm.so
7ff8ea677000-7ff8ea73b000 r--p 00f9d000 08:01 525504                     /usr/lib/jvm/java-11-openjdk-amd64/lib/server/libjvm.so
7ff8ea73b000-7ff8ea773000 rw-p 01061000 08:01 525504                     /usr/lib/jvm/java-11-openjdk-amd64/lib/server/libjvm.so
7ff8ea773000-7ff8ea7bc000 rw-p 00000000 00:00 0 
7ff8ea7bc000-7ff8ea7d6000 r-xp 00000000 08:01 267998                     /lib/x86_64-linux-gnu/libpthread-2.27.so
7ff8ea7d6000-7ff8ea9d5000 ---p 0001a000 08:01 267998                     /lib/x86_64-linux-gnu/libpthread-2.27.so
7ff8ea9d5000-7ff8ea9d6000 r--p 00019000 08:01 267998                     /lib/x86_64-linux-gnu/libpthread-2.27.so
7ff8ea9d6000-7ff8ea9d7000 rw-p 0001a000 08:01 267998                     /lib/x86_64-linux-gnu/libpthread-2.27.so
7ff8ea9d7000-7ff8ea9db000 rw-p 00000000 00:00 0 
7ff8ea9db000-7ff8ea9de000 r-xp 00000000 08:01 267888                     /lib/x86_64-linux-gnu/libdl-2.27.so
7ff8ea9de000-7ff8eabdd000 ---p 00003000 08:01 267888                     /lib/x86_64-linux-gnu/libdl-2.27.so
7ff8eabdd000-7ff8eabde000 r--p 00002000 08:01 267888                     /lib/x86_64-linux-gnu/libdl-2.27.so
7ff8eabde000-7ff8eabdf000 rw-p 00003000 08:01 267888                     /lib/x86_64-linux-gnu/libdl-2.27.so
7ff8eabdf000-7ff8eabfb000 r-xp 00000000 08:01 268039                     /lib/x86_64-linux-gnu/libz.so.1.2.11
7ff8eabfb000-7ff8eadfa000 ---p 0001c000 08:01 268039                     /lib/x86_64-linux-gnu/libz.so.1.2.11
7ff8eadfa000-7ff8eadfb000 r--p 0001b000 08:01 268039                     /lib/x86_64-linux-gnu/libz.so.1.2.11
7ff8eadfb000-7ff8eadfc000 rw-p 0001c000 08:01 268039                     /lib/x86_64-linux-gnu/libz.so.1.2.11
7ff8eadfc000-7ff8eafe3000 r-xp 00000000 08:01 267865                     /lib/x86_64-linux-gnu/libc-2.27.so
7ff8eafe3000-7ff8eb1e3000 ---p 001e7000 08:01 267865                     /lib/x86_64-linux-gnu/libc-2.27.so
7ff8eb1e3000-7ff8eb1e7000 r--p 001e7000 08:01 267865                     /lib/x86_64-linux-gnu/libc-2.27.so
7ff8eb1e7000-7ff8eb1e9000 rw-p 001eb000 08:01 267865                     /lib/x86_64-linux-gnu/libc-2.27.so
7ff8eb1e9000-7ff8eb1ed000 rw-p 00000000 00:00 0 
7ff8eb1ed000-7ff8eb1fc000 r-xp 00000000 08:01 525497                     /usr/lib/jvm/java-11-openjdk-amd64/lib/jli/libjli.so
7ff8eb1fc000-7ff8eb3fb000 ---p 0000f000 08:01 525497                     /usr/lib/jvm/java-11-openjdk-amd64/lib/jli/libjli.so
7ff8eb3fb000-7ff8eb3fc000 r--p 0000e000 08:01 525497                     /usr/lib/jvm/java-11-openjdk-amd64/lib/jli/libjli.so
7ff8eb3fc000-7ff8eb3fd000 rw-p 0000f000 08:01 525497                     /usr/lib/jvm/java-11-openjdk-amd64/lib/jli/libjli.so
7ff8eb3fd000-7ff8eb424000 r-xp 00000000 08:01 267837                     /lib/x86_64-linux-gnu/ld-2.27.so
7ff8eb424000-7ff8eb425000 r-xp 00000000 00:00 0 
7ff8eb425000-7ff8eb426000 rwxp 00000000 00:00 0 
7ff8eb426000-7ff8eb42d000 r--s 00000000 08:01 661394                     /usr/lib/x86_64-linux-gnu/gconv/gconv-modules.cache
7ff8eb42d000-7ff8eb453000 r--p 00000000 08:01 726803                     /usr/share/locale-langpack/fr/LC_MESSAGES/libc.mo
7ff8eb453000-7ff8eb506000 rw-p 00000000 00:00 0 
7ff8eb506000-7ff8eb50a000 ---p 00000000 00:00 0 
7ff8eb50a000-7ff8eb609000 rw-p 00000000 00:00 0 
7ff8eb609000-7ff8eb60a000 r--p 00000000 08:01 729807                     /home/cmt/.config/dconf/user
7ff8eb60a000-7ff8eb60b000 r--s 00000000 00:2e 25                         /run/user/1000/dconf/user
7ff8eb60b000-7ff8eb611000 rw-p 00000000 00:00 0 
7ff8eb611000-7ff8eb618000 ---p 00000000 00:00 0 
7ff8eb618000-7ff8eb620000 rw-s 00000000 08:01 158686                     /tmp/hsperfdata_cmt/28065
7ff8eb620000-7ff8eb621000 ---p 00000000 00:00 0 
7ff8eb621000-7ff8eb622000 r--p 00000000 00:00 0 
7ff8eb622000-7ff8eb624000 rw-p 00000000 00:00 0 
7ff8eb624000-7ff8eb625000 r--p 00027000 08:01 267837                     /lib/x86_64-linux-gnu/ld-2.27.so
7ff8eb625000-7ff8eb626000 rw-p 00028000 08:01 267837                     /lib/x86_64-linux-gnu/ld-2.27.so
7ff8eb626000-7ff8eb627000 rw-p 00000000 00:00 0 
7ffcba845000-7ffcba867000 rw-p 00000000 00:00 0                          [stack]
7ffcba93a000-7ffcba93d000 r--p 00000000 00:00 0                          [vvar]
7ffcba93d000-7ffcba93f000 r-xp 00000000 00:00 0                          [vdso]
ffffffffff600000-ffffffffff601000 r-xp 00000000 00:00 0                  [vsyscall]


VM Arguments:
jvm_args: -Dfile.encoding=UTF-8 
java_command: princ.Principal
java_class_path (initial): /home/cmt/Documents/eclipse-workspace/Duel/bin:/home/cmt/Documents/eclipse-workspace/Duel/ressources/libs/jade/jade.jar:/home/cmt/Documents/eclipse-workspace/Duel/ressources/libs/jme/eventbus.jar:/home/cmt/Documents/eclipse-workspace/Duel/ressources/libs/jme/gluegen-rt.jar:/home/cmt/Documents/eclipse-workspace/Duel/ressources/libs/jme/j-ogg-oggd.jar:/home/cmt/Documents/eclipse-workspace/Duel/ressources/libs/jme/j-ogg-vorbisd.jar:/home/cmt/Documents/eclipse-workspace/Duel/ressources/libs/jme/jbullet.jar:/home/cmt/Documents/eclipse-workspace/Duel/ressources/libs/jme/jglfont-core.jar:/home/cmt/Documents/eclipse-workspace/Duel/ressources/libs/jme/jinput.jar:/home/cmt/Documents/eclipse-workspace/Duel/ressources/libs/jme/jME3-blender.jar:/home/cmt/Documents/eclipse-workspace/Duel/ressources/libs/jme/jME3-core.jar:/home/cmt/Documents/eclipse-workspace/Duel/ressources/libs/jme/jME3-desktop.jar:/home/cmt/Documents/eclipse-workspace/Duel/ressources/libs/jme/jME3-effects.jar:/home/cmt/Documents/eclipse-workspace/Duel/ressources/libs/jme/jME3-jbullet.jar:/home/cmt/Documents/eclipse-workspace/Duel/ressources/libs/jme/jME3-jogg.jar:/home/cmt/Documents/eclipse-workspace/Duel/ressources/libs/jme/jME3-lwjgl-natives.jar:/home/cmt/Documents/eclipse-workspace/Duel/ressources/libs/jme/jME3-lwjgl.jar:/home/cmt/Documents/eclipse-workspace/Duel/ressources/libs/jme/jME3-networking.jar:/home/cmt/Documents/eclipse-workspace/Duel/ressources/libs/jme/jME3-niftygui.jar:/home/cmt/Documents/eclipse-workspace/Duel/ressources/libs/jme/jME3-plugins.jar:/home/cmt/Documents/eclipse-workspace/Duel/ressources/libs/jme/jME3-terrain.jar:/home/cmt/Documents/eclipse-workspace/Duel/ressources/libs/jme/jME3-testdata.jar:/home/cmt/Documents/eclipse-workspace/Duel/ressources/libs/jme/joal.jar:/home/cmt/Documents/eclipse-workspace/Duel/ressources/libs/jme/jogl-all.jar:/home/cmt/Documents/eclipse-workspace/Duel/ressources/libs/jme/lwjgl.jar:/home/cmt/Documents/eclipse-workspace/Duel/re
Launcher Type: SUN_STANDARD

Logging:
Log output configuration:
#0: stdout all=warning uptime,level,tags
#1: stderr all=off uptime,level,tags

Environment Variables:
CLASSPATH=/usr/lib/swi-prolog/lib/jpl.jar:.
PATH=/usr/local/sbin:/usr/local/bin:/usr/sbin:/usr/bin:/sbin:/bin:/usr/games:/usr/local/games
LD_LIBRARY_PATH=/usr/lib/swi-prolog/lib/amd64
SHELL=/bin/bash
DISPLAY=:0.0

Signal Handlers:
SIGSEGV: [libjvm.so+0xd28a90], sa_mask[0]=11111111011111111101111111111110, sa_flags=SA_RESTART|SA_SIGINFO
SIGBUS: [libjvm.so+0xd28a90], sa_mask[0]=11111111011111111101111111111110, sa_flags=SA_RESTART|SA_SIGINFO
SIGFPE: [libjvm.so+0xd28a90], sa_mask[0]=11111111011111111101111111111110, sa_flags=SA_RESTART|SA_SIGINFO
SIGPIPE: SIG_IGN, sa_mask[0]=00000000000010000000000000000000, sa_flags=SA_RESTART
SIGXFSZ: [libjvm.so+0xb2a110], sa_mask[0]=11111111011111111101111111111110, sa_flags=SA_RESTART|SA_SIGINFO
SIGILL: [libjvm.so+0xd28a90], sa_mask[0]=11111111011111111101111111111110, sa_flags=SA_RESTART|SA_SIGINFO
SIGUSR2: [libswipl.so.7.6+0x925a0], sa_mask[0]=00000000000000000000000000000000, sa_flags=none
SIGHUP: [libjvm.so+0xb2a0a0], sa_mask[0]=11111111011111111101111111111110, sa_flags=SA_RESTART|SA_SIGINFO
SIGINT: [libjvm.so+0xb2a0a0], sa_mask[0]=11111111011111111101111111111110, sa_flags=SA_RESTART|SA_SIGINFO
SIGTERM: [libjvm.so+0xb2a0a0], sa_mask[0]=11111111011111111101111111111110, sa_flags=SA_RESTART|SA_SIGINFO
SIGQUIT: [libjvm.so+0xb2a0a0], sa_mask[0]=11111111011111111101111111111110, sa_flags=SA_RESTART|SA_SIGINFO


---------------  S Y S T E M  ---------------

OS:DISTRIB_ID=LinuxMint
DISTRIB_RELEASE=19
DISTRIB_CODENAME=tara
DISTRIB_DESCRIPTION="Linux Mint 19 Tara"
uname:Linux 4.15.0-20-generic #21-Ubuntu SMP Tue Apr 24 06:16:15 UTC 2018 x86_64
libc:glibc 2.27 NPTL 2.27 
rlimit: STACK 8192k, CORE 0k, NPROC 11847, NOFILE 1048576, AS infinity, DATA infinity, FSIZE infinity
load average:1,99 1,56 1,27

/proc/meminfo:
MemTotal:        3095852 kB
MemFree:          908372 kB
MemAvailable:    1552280 kB
Buffers:           93320 kB
Cached:           654196 kB
SwapCached:            0 kB
Active:          1714732 kB
Inactive:         314812 kB
Active(anon):    1282764 kB
Inactive(anon):     5056 kB
Active(file):     431968 kB
Inactive(file):   309756 kB
Unevictable:          96 kB
Mlocked:              96 kB
SwapTotal:        719644 kB
SwapFree:         719644 kB
Dirty:               296 kB
Writeback:             0 kB
AnonPages:       1282056 kB
Mapped:           219680 kB
Shmem:              5796 kB
Slab:              99624 kB
SReclaimable:      75700 kB
SUnreclaim:        23924 kB
KernelStack:        6480 kB
PageTables:        26760 kB
NFS_Unstable:          0 kB
Bounce:                0 kB
WritebackTmp:          0 kB
CommitLimit:     2267568 kB
Committed_AS:    2982044 kB
VmallocTotal:   34359738367 kB
VmallocUsed:           0 kB
VmallocChunk:          0 kB
HardwareCorrupted:     0 kB
AnonHugePages:         0 kB
ShmemHugePages:        0 kB
ShmemPmdMapped:        0 kB
CmaTotal:              0 kB
CmaFree:               0 kB
HugePages_Total:       0
HugePages_Free:        0
HugePages_Rsvd:        0
HugePages_Surp:        0
Hugepagesize:       2048 kB
DirectMap4k:       94144 kB
DirectMap2M:     3076096 kB

container (cgroup) information:
container_type: cgroupv1
cpu_cpuset_cpus: 0-1
cpu_memory_nodes: 0
active_processor_count: 2
cpu_quota: -1
cpu_period: 100000
cpu_shares: -1
memory_limit_in_bytes: -1
memory_and_swap_limit_in_bytes: -2
memory_soft_limit_in_bytes: -1
memory_usage_in_bytes: 2078519296
memory_max_usage_in_bytes: 0


CPU:total 2 (initial active 2) (2 cores per cpu, 1 threads per core) family 6 model 158 stepping 9, cmov, cx8, fxsr, mmx, sse, sse2, sse3, ssse3, sse4.1, sse4.2, popcnt, avx, avx2, aes, clmul, 3dnowpref, lzcnt, tsc, tscinvbit
CPU Model and flags from /proc/cpuinfo:
model name	: Intel(R) Core(TM) i7-7700HQ CPU @ 2.80GHz
flags		: fpu vme de pse tsc msr pae mce cx8 apic sep mtrr pge mca cmov pat pse36 clflush mmx fxsr sse sse2 ht syscall nx rdtscp lm constant_tsc rep_good nopl xtopology nonstop_tsc cpuid pni pclmulqdq ssse3 cx16 pcid sse4_1 sse4_2 x2apic movbe popcnt aes xsave avx rdrand hypervisor lahf_lm abm 3dnowprefetch invpcid_single pti fsgsbase avx2 invpcid rdseed clflushopt

Memory: 4k page, physical 3095852k(908372k free), swap 719644k(719644k free)

vm_info: OpenJDK 64-Bit Server VM (10.0.1+10-Ubuntu-3ubuntu1) for linux-amd64 JRE (10.0.1+10-Ubuntu-3ubuntu1), built on Apr 21 2018 13:41:27 by "buildd" with gcc 7.3.0

END.
